18:06:33 **** Build of project standalone_bsp_0 ****
make -k all 
Running Make include in ps7_cortexa9_0/libsrc/qspips_v3_3/src
make -C ps7_cortexa9_0/libsrc/qspips_v3_3/src -s include  "SHELL=/bin/sh" "COMPILER=arm-none-eabi-gcc" "ARCHIVER=arm-none-eabi-ar" "COMPILER_FLAGS=  -O2 -c" "EXTRA_COMPILER_FLAGS=-mcpu=cortex-a9 -mfpu=vfpv3 -mfloat-abi=hard -nostartfiles"
Running Make include in ps7_cortexa9_0/libsrc/ddrps_v1_0/src
make -C ps7_cortexa9_0/libsrc/ddrps_v1_0/src -s include  "SHELL=/bin/sh" "COMPILER=arm-none-eabi-gcc" "ARCHIVER=arm-none-eabi-ar" "COMPILER_FLAGS=  -O2 -c" "EXTRA_COMPILER_FLAGS=-mcpu=cortex-a9 -mfpu=vfpv3 -mfloat-abi=hard -nostartfiles"
Running Make include in ps7_cortexa9_0/libsrc/axi_wb_i2c_master_v1_0/src
make -C ps7_cortexa9_0/libsrc/axi_wb_i2c_master_v1_0/src -s include  "SHELL=/bin/sh" "COMPILER=arm-none-eabi-gcc" "ARCHIVER=arm-none-eabi-ar" "COMPILER_FLAGS=  -O2 -c" "EXTRA_COMPILER_FLAGS=-mcpu=cortex-a9 -mfpu=vfpv3 -mfloat-abi=hard -nostartfiles"
Running Make include in ps7_cortexa9_0/libsrc/cpu_cortexa9_v2_2/src
make -C ps7_cortexa9_0/libsrc/cpu_cortexa9_v2_2/src -s include  "SHELL=/bin/sh" "COMPILER=arm-none-eabi-gcc" "ARCHIVER=arm-none-eabi-ar" "COMPILER_FLAGS=  -O2 -c" "EXTRA_COMPILER_FLAGS=-mcpu=cortex-a9 -mfpu=vfpv3 -mfloat-abi=hard -nostartfiles"
Running Make include in ps7_cortexa9_0/libsrc/sdps_v2_8/src
make -C ps7_cortexa9_0/libsrc/sdps_v2_8/src -s include  "SHELL=/bin/sh" "COMPILER=arm-none-eabi-gcc" "ARCHIVER=arm-none-eabi-ar" "COMPILER_FLAGS=  -O2 -c" "EXTRA_COMPILER_FLAGS=-mcpu=cortex-a9 -mfpu=vfpv3 -mfloat-abi=hard -nostartfiles"
Running Make include in ps7_cortexa9_0/libsrc/emacps_v3_2/src
make -C ps7_cortexa9_0/libsrc/emacps_v3_2/src -s include  "SHELL=/bin/sh" "COMPILER=arm-none-eabi-gcc" "ARCHIVER=arm-none-eabi-ar" "COMPILER_FLAGS=  -O2 -c" "EXTRA_COMPILER_FLAGS=-mcpu=cortex-a9 -mfpu=vfpv3 -mfloat-abi=hard -nostartfiles"
Running Make include in ps7_cortexa9_0/libsrc/uartps_v3_1/src
make -C ps7_cortexa9_0/libsrc/uartps_v3_1/src -s include  "SHELL=/bin/sh" "COMPILER=arm-none-eabi-gcc" "ARCHIVER=arm-none-eabi-ar" "COMPILER_FLAGS=  -O2 -c" "EXTRA_COMPILER_FLAGS=-mcpu=cortex-a9 -mfpu=vfpv3 -mfloat-abi=hard -nostartfiles"
Running Make include in ps7_cortexa9_0/libsrc/scugic_v3_3/src
make -C ps7_cortexa9_0/libsrc/scugic_v3_3/src -s include  "SHELL=/bin/sh" "COMPILER=arm-none-eabi-gcc" "ARCHIVER=arm-none-eabi-ar" "COMPILER_FLAGS=  -O2 -c" "EXTRA_COMPILER_FLAGS=-mcpu=cortex-a9 -mfpu=vfpv3 -mfloat-abi=hard -nostartfiles"
Running Make include in ps7_cortexa9_0/libsrc/iicps_v3_2/src
make -C ps7_cortexa9_0/libsrc/iicps_v3_2/src -s include  "SHELL=/bin/sh" "COMPILER=arm-none-eabi-gcc" "ARCHIVER=arm-none-eabi-ar" "COMPILER_FLAGS=  -O2 -c" "EXTRA_COMPILER_FLAGS=-mcpu=cortex-a9 -mfpu=vfpv3 -mfloat-abi=hard -nostartfiles"
Running Make include in ps7_cortexa9_0/libsrc/devcfg_v3_4/src
make -C ps7_cortexa9_0/libsrc/devcfg_v3_4/src -s include  "SHELL=/bin/sh" "COMPILER=arm-none-eabi-gcc" "ARCHIVER=arm-none-eabi-ar" "COMPILER_FLAGS=  -O2 -c" "EXTRA_COMPILER_FLAGS=-mcpu=cortex-a9 -mfpu=vfpv3 -mfloat-abi=hard -nostartfiles"
Running Make include in ps7_cortexa9_0/libsrc/dmaps_v2_1/src
make -C ps7_cortexa9_0/libsrc/dmaps_v2_1/src -s include  "SHELL=/bin/sh" "COMPILER=arm-none-eabi-gcc" "ARCHIVER=arm-none-eabi-ar" "COMPILER_FLAGS=  -O2 -c" "EXTRA_COMPILER_FLAGS=-mcpu=cortex-a9 -mfpu=vfpv3 -mfloat-abi=hard -nostartfiles"
Running Make include in ps7_cortexa9_0/libsrc/gpiops_v3_1/src
make -C ps7_cortexa9_0/libsrc/gpiops_v3_1/src -s include  "SHELL=/bin/sh" "COMPILER=arm-none-eabi-gcc" "ARCHIVER=arm-none-eabi-ar" "COMPILER_FLAGS=  -O2 -c" "EXTRA_COMPILER_FLAGS=-mcpu=cortex-a9 -mfpu=vfpv3 -mfloat-abi=hard -nostartfiles"
Running Make include in ps7_cortexa9_0/libsrc/scuwdt_v2_1/src
make -C ps7_cortexa9_0/libsrc/scuwdt_v2_1/src -s include  "SHELL=/bin/sh" "COMPILER=arm-none-eabi-gcc" "ARCHIVER=arm-none-eabi-ar" "COMPILER_FLAGS=  -O2 -c" "EXTRA_COMPILER_FLAGS=-mcpu=cortex-a9 -mfpu=vfpv3 -mfloat-abi=hard -nostartfiles"
Running Make include in ps7_cortexa9_0/libsrc/ttcps_v3_1/src
make -C ps7_cortexa9_0/libsrc/ttcps_v3_1/src -s include  "SHELL=/bin/sh" "COMPILER=arm-none-eabi-gcc" "ARCHIVER=arm-none-eabi-ar" "COMPILER_FLAGS=  -O2 -c" "EXTRA_COMPILER_FLAGS=-mcpu=cortex-a9 -mfpu=vfpv3 -mfloat-abi=hard -nostartfiles"
Running Make include in ps7_cortexa9_0/libsrc/coresightps_dcc_v1_2/src
make -C ps7_cortexa9_0/libsrc/coresightps_dcc_v1_2/src -s include  "SHELL=/bin/sh" "COMPILER=arm-none-eabi-gcc" "ARCHIVER=arm-none-eabi-ar" "COMPILER_FLAGS=  -O2 -c" "EXTRA_COMPILER_FLAGS=-mcpu=cortex-a9 -mfpu=vfpv3 -mfloat-abi=hard -nostartfiles"
Running Make include in ps7_cortexa9_0/libsrc/standalone_v5_5/src
make -C ps7_cortexa9_0/libsrc/standalone_v5_5/src -s include  "SHELL=/bin/sh" "COMPILER=arm-none-eabi-gcc" "ARCHIVER=arm-none-eabi-ar" "COMPILER_FLAGS=  -O2 -c" "EXTRA_COMPILER_FLAGS=-mcpu=cortex-a9 -mfpu=vfpv3 -mfloat-abi=hard -nostartfiles"
Running Make include in ps7_cortexa9_0/libsrc/xadcps_v2_2/src
make -C ps7_cortexa9_0/libsrc/xadcps_v2_2/src -s include  "SHELL=/bin/sh" "COMPILER=arm-none-eabi-gcc" "ARCHIVER=arm-none-eabi-ar" "COMPILER_FLAGS=  -O2 -c" "EXTRA_COMPILER_FLAGS=-mcpu=cortex-a9 -mfpu=vfpv3 -mfloat-abi=hard -nostartfiles"
Running Make include in ps7_cortexa9_0/libsrc/scutimer_v2_1/src
make -C ps7_cortexa9_0/libsrc/scutimer_v2_1/src -s include  "SHELL=/bin/sh" "COMPILER=arm-none-eabi-gcc" "ARCHIVER=arm-none-eabi-ar" "COMPILER_FLAGS=  -O2 -c" "EXTRA_COMPILER_FLAGS=-mcpu=cortex-a9 -mfpu=vfpv3 -mfloat-abi=hard -nostartfiles"
Running Make libs in ps7_cortexa9_0/libsrc/qspips_v3_3/src
make -C ps7_cortexa9_0/libsrc/qspips_v3_3/src -s libs  "SHELL=/bin/sh" "COMPILER=arm-none-eabi-gcc" "ARCHIVER=arm-none-eabi-ar" "COMPILER_FLAGS=  -O2 -c" "EXTRA_COMPILER_FLAGS=-mcpu=cortex-a9 -mfpu=vfpv3 -mfloat-abi=hard -nostartfiles"
Compiling qspips
arm-none-eabi-ar: creating ../../../lib/libxil.a
Running Make libs in ps7_cortexa9_0/libsrc/ddrps_v1_0/src
make -C ps7_cortexa9_0/libsrc/ddrps_v1_0/src -s libs  "SHELL=/bin/sh" "COMPILER=arm-none-eabi-gcc" "ARCHIVER=arm-none-eabi-ar" "COMPILER_FLAGS=  -O2 -c" "EXTRA_COMPILER_FLAGS=-mcpu=cortex-a9 -mfpu=vfpv3 -mfloat-abi=hard -nostartfiles"
Compiling ddrps
Running Make libs in ps7_cortexa9_0/libsrc/axi_wb_i2c_master_v1_0/src
make -C ps7_cortexa9_0/libsrc/axi_wb_i2c_master_v1_0/src -s libs  "SHELL=/bin/sh" "COMPILER=arm-none-eabi-gcc" "ARCHIVER=arm-none-eabi-ar" "COMPILER_FLAGS=  -O2 -c" "EXTRA_COMPILER_FLAGS=-mcpu=cortex-a9 -mfpu=vfpv3 -mfloat-abi=hard -nostartfiles"
Compiling axi_wb_i2c_master...
Running Make libs in ps7_cortexa9_0/libsrc/cpu_cortexa9_v2_2/src
make -C ps7_cortexa9_0/libsrc/cpu_cortexa9_v2_2/src -s libs  "SHELL=/bin/sh" "COMPILER=arm-none-eabi-gcc" "ARCHIVER=arm-none-eabi-ar" "COMPILER_FLAGS=  -O2 -c" "EXTRA_COMPILER_FLAGS=-mcpu=cortex-a9 -mfpu=vfpv3 -mfloat-abi=hard -nostartfiles"
Compiling cpu_cortexa9
Running Make libs in ps7_cortexa9_0/libsrc/sdps_v2_8/src
make -C ps7_cortexa9_0/libsrc/sdps_v2_8/src -s libs  "SHELL=/bin/sh" "COMPILER=arm-none-eabi-gcc" "ARCHIVER=arm-none-eabi-ar" "COMPILER_FLAGS=  -O2 -c" "EXTRA_COMPILER_FLAGS=-mcpu=cortex-a9 -mfpu=vfpv3 -mfloat-abi=hard -nostartfiles"
Compiling sdps
Running Make libs in ps7_cortexa9_0/libsrc/emacps_v3_2/src
make -C ps7_cortexa9_0/libsrc/emacps_v3_2/src -s libs  "SHELL=/bin/sh" "COMPILER=arm-none-eabi-gcc" "ARCHIVER=arm-none-eabi-ar" "COMPILER_FLAGS=  -O2 -c" "EXTRA_COMPILER_FLAGS=-mcpu=cortex-a9 -mfpu=vfpv3 -mfloat-abi=hard -nostartfiles"
Compiling emacps
Running Make libs in ps7_cortexa9_0/libsrc/uartps_v3_1/src
make -C ps7_cortexa9_0/libsrc/uartps_v3_1/src -s libs  "SHELL=/bin/sh" "COMPILER=arm-none-eabi-gcc" "ARCHIVER=arm-none-eabi-ar" "COMPILER_FLAGS=  -O2 -c" "EXTRA_COMPILER_FLAGS=-mcpu=cortex-a9 -mfpu=vfpv3 -mfloat-abi=hard -nostartfiles"
Compiling uartps
Running Make libs in ps7_cortexa9_0/libsrc/scugic_v3_3/src
make -C ps7_cortexa9_0/libsrc/scugic_v3_3/src -s libs  "SHELL=/bin/sh" "COMPILER=arm-none-eabi-gcc" "ARCHIVER=arm-none-eabi-ar" "COMPILER_FLAGS=  -O2 -c" "EXTRA_COMPILER_FLAGS=-mcpu=cortex-a9 -mfpu=vfpv3 -mfloat-abi=hard -nostartfiles"
Compiling scugic
Running Make libs in ps7_cortexa9_0/libsrc/iicps_v3_2/src
make -C ps7_cortexa9_0/libsrc/iicps_v3_2/src -s libs  "SHELL=/bin/sh" "COMPILER=arm-none-eabi-gcc" "ARCHIVER=arm-none-eabi-ar" "COMPILER_FLAGS=  -O2 -c" "EXTRA_COMPILER_FLAGS=-mcpu=cortex-a9 -mfpu=vfpv3 -mfloat-abi=hard -nostartfiles"
Compiling iicps
Running Make libs in ps7_cortexa9_0/libsrc/devcfg_v3_4/src
make -C ps7_cortexa9_0/libsrc/devcfg_v3_4/src -s libs  "SHELL=/bin/sh" "COMPILER=arm-none-eabi-gcc" "ARCHIVER=arm-none-eabi-ar" "COMPILER_FLAGS=  -O2 -c" "EXTRA_COMPILER_FLAGS=-mcpu=cortex-a9 -mfpu=vfpv3 -mfloat-abi=hard -nostartfiles"
Compiling devcfg
Running Make libs in ps7_cortexa9_0/libsrc/dmaps_v2_1/src
make -C ps7_cortexa9_0/libsrc/dmaps_v2_1/src -s libs  "SHELL=/bin/sh" "COMPILER=arm-none-eabi-gcc" "ARCHIVER=arm-none-eabi-ar" "COMPILER_FLAGS=  -O2 -c" "EXTRA_COMPILER_FLAGS=-mcpu=cortex-a9 -mfpu=vfpv3 -mfloat-abi=hard -nostartfiles"
Compiling dmaps
Running Make libs in ps7_cortexa9_0/libsrc/gpiops_v3_1/src
make -C ps7_cortexa9_0/libsrc/gpiops_v3_1/src -s libs  "SHELL=/bin/sh" "COMPILER=arm-none-eabi-gcc" "ARCHIVER=arm-none-eabi-ar" "COMPILER_FLAGS=  -O2 -c" "EXTRA_COMPILER_FLAGS=-mcpu=cortex-a9 -mfpu=vfpv3 -mfloat-abi=hard -nostartfiles"
Compiling gpiops
Running Make libs in ps7_cortexa9_0/libsrc/scuwdt_v2_1/src
make -C ps7_cortexa9_0/libsrc/scuwdt_v2_1/src -s libs  "SHELL=/bin/sh" "COMPILER=arm-none-eabi-gcc" "ARCHIVER=arm-none-eabi-ar" "COMPILER_FLAGS=  -O2 -c" "EXTRA_COMPILER_FLAGS=-mcpu=cortex-a9 -mfpu=vfpv3 -mfloat-abi=hard -nostartfiles"
Compiling scuwdt
Running Make libs in ps7_cortexa9_0/libsrc/ttcps_v3_1/src
make -C ps7_cortexa9_0/libsrc/ttcps_v3_1/src -s libs  "SHELL=/bin/sh" "COMPILER=arm-none-eabi-gcc" "ARCHIVER=arm-none-eabi-ar" "COMPILER_FLAGS=  -O2 -c" "EXTRA_COMPILER_FLAGS=-mcpu=cortex-a9 -mfpu=vfpv3 -mfloat-abi=hard -nostartfiles"
Compiling ttcps
Running Make libs in ps7_cortexa9_0/libsrc/coresightps_dcc_v1_2/src
make -C ps7_cortexa9_0/libsrc/coresightps_dcc_v1_2/src -s libs  "SHELL=/bin/sh" "COMPILER=arm-none-eabi-gcc" "ARCHIVER=arm-none-eabi-ar" "COMPILER_FLAGS=  -O2 -c" "EXTRA_COMPILER_FLAGS=-mcpu=cortex-a9 -mfpu=vfpv3 -mfloat-abi=hard -nostartfiles"
Compiling coresightps_dcc
Running Make libs in ps7_cortexa9_0/libsrc/standalone_v5_5/src
make -C ps7_cortexa9_0/libsrc/standalone_v5_5/src -s libs  "SHELL=/bin/sh" "COMPILER=arm-none-eabi-gcc" "ARCHIVER=arm-none-eabi-ar" "COMPILER_FLAGS=  -O2 -c" "EXTRA_COMPILER_FLAGS=-mcpu=cortex-a9 -mfpu=vfpv3 -mfloat-abi=hard -nostartfiles"
Compiling standalone
Running Make libs in ps7_cortexa9_0/libsrc/xadcps_v2_2/src
make -C ps7_cortexa9_0/libsrc/xadcps_v2_2/src -s libs  "SHELL=/bin/sh" "COMPILER=arm-none-eabi-gcc" "ARCHIVER=arm-none-eabi-ar" "COMPILER_FLAGS=  -O2 -c" "EXTRA_COMPILER_FLAGS=-mcpu=cortex-a9 -mfpu=vfpv3 -mfloat-abi=hard -nostartfiles"
Compiling xadcps
Running Make libs in ps7_cortexa9_0/libsrc/scutimer_v2_1/src
make -C ps7_cortexa9_0/libsrc/scutimer_v2_1/src -s libs  "SHELL=/bin/sh" "COMPILER=arm-none-eabi-gcc" "ARCHIVER=arm-none-eabi-ar" "COMPILER_FLAGS=  -O2 -c" "EXTRA_COMPILER_FLAGS=-mcpu=cortex-a9 -mfpu=vfpv3 -mfloat-abi=hard -nostartfiles"
Compiling scutimer
Finished building libraries
18:07:30 **** Build of configuration Debug for project FASEC_Periph-test ****
make pre-build main-build 
a9-linaro-pre-build-step
 
Building file: ../src/testperiph.c
Invoking: ARM v7 gcc compiler
arm-none-eabi-gcc -Wall -O0 -g3 -c -fmessage-length=0 -MT"src/testperiph.o" -mcpu=cortex-a9 -mfpu=vfpv3 -mfloat-abi=hard -I../../standalone_bsp_0/ps7_cortexa9_0/include -MMD -MP -MF"src/testperiph.d" -MT"src/testperiph.o" -o "src/testperiph.o" "../src/testperiph.c"
Finished building: ../src/testperiph.c
 
Building file: ../src/xdevcfg_selftest_example.c
Invoking: ARM v7 gcc compiler
arm-none-eabi-gcc -Wall -O0 -g3 -c -fmessage-length=0 -MT"src/xdevcfg_selftest_example.o" -mcpu=cortex-a9 -mfpu=vfpv3 -mfloat-abi=hard -I../../standalone_bsp_0/ps7_cortexa9_0/include -MMD -MP -MF"src/xdevcfg_selftest_example.d" -MT"src/xdevcfg_selftest_example.o" -o "src/xdevcfg_selftest_example.o" "../src/xdevcfg_selftest_example.c"
Finished building: ../src/xdevcfg_selftest_example.c
 
Building file: ../src/xdmaps_example_w_intr.c
Invoking: ARM v7 gcc compiler
arm-none-eabi-gcc -Wall -O0 -g3 -c -fmessage-length=0 -MT"src/xdmaps_example_w_intr.o" -mcpu=cortex-a9 -mfpu=vfpv3 -mfloat-abi=hard -I../../standalone_bsp_0/ps7_cortexa9_0/include -MMD -MP -MF"src/xdmaps_example_w_intr.d" -MT"src/xdmaps_example_w_intr.o" -o "src/xdmaps_example_w_intr.o" "../src/xdmaps_example_w_intr.c"
Finished building: ../src/xdmaps_example_w_intr.c
 
Building file: ../src/xemacps_example_intr_dma.c
Invoking: ARM v7 gcc compiler
arm-none-eabi-gcc -Wall -O0 -g3 -c -fmessage-length=0 -MT"src/xemacps_example_intr_dma.o" -mcpu=cortex-a9 -mfpu=vfpv3 -mfloat-abi=hard -I../../standalone_bsp_0/ps7_cortexa9_0/include -MMD -MP -MF"src/xemacps_example_intr_dma.d" -MT"src/xemacps_example_intr_dma.o" -o "src/xemacps_example_intr_dma.o" "../src/xemacps_example_intr_dma.c"
../src/xemacps_example_intr_dma.c: In function ‘XEmacPsClkSetup’:
../src/xemacps_example_intr_dma.c:1289:6: warning: unused variable ‘CrlApbClkCntrl’ [-Wunused-variable]
  u32 CrlApbClkCntrl;
      ^
Finished building: ../src/xemacps_example_intr_dma.c
 
Building file: ../src/xemacps_example_util.c
Invoking: ARM v7 gcc compiler
arm-none-eabi-gcc -Wall -O0 -g3 -c -fmessage-length=0 -MT"src/xemacps_example_util.o" -mcpu=cortex-a9 -mfpu=vfpv3 -mfloat-abi=hard -I../../standalone_bsp_0/ps7_cortexa9_0/include -MMD -MP -MF"src/xemacps_example_util.d" -MT"src/xemacps_example_util.o" -o "src/xemacps_example_util.o" "../src/xemacps_example_util.c"
Finished building: ../src/xemacps_example_util.c
 
Building file: ../src/xiicps_selftest_example.c
Invoking: ARM v7 gcc compiler
arm-none-eabi-gcc -Wall -O0 -g3 -c -fmessage-length=0 -MT"src/xiicps_selftest_example.o" -mcpu=cortex-a9 -mfpu=vfpv3 -mfloat-abi=hard -I../../standalone_bsp_0/ps7_cortexa9_0/include -MMD -MP -MF"src/xiicps_selftest_example.d" -MT"src/xiicps_selftest_example.o" -o "src/xiicps_selftest_example.o" "../src/xiicps_selftest_example.c"
Finished building: ../src/xiicps_selftest_example.c
 
Building file: ../src/xqspips_selftest_example.c
Invoking: ARM v7 gcc compiler
arm-none-eabi-gcc -Wall -O0 -g3 -c -fmessage-length=0 -MT"src/xqspips_selftest_example.o" -mcpu=cortex-a9 -mfpu=vfpv3 -mfloat-abi=hard -I../../standalone_bsp_0/ps7_cortexa9_0/include -MMD -MP -MF"src/xqspips_selftest_example.d" -MT"src/xqspips_selftest_example.o" -o "src/xqspips_selftest_example.o" "../src/xqspips_selftest_example.c"
Finished building: ../src/xqspips_selftest_example.c
 
Building file: ../src/xscugic_tapp_example.c
Invoking: ARM v7 gcc compiler
arm-none-eabi-gcc -Wall -O0 -g3 -c -fmessage-length=0 -MT"src/xscugic_tapp_example.o" -mcpu=cortex-a9 -mfpu=vfpv3 -mfloat-abi=hard -I../../standalone_bsp_0/ps7_cortexa9_0/include -MMD -MP -MF"src/xscugic_tapp_example.d" -MT"src/xscugic_tapp_example.o" -o "src/xscugic_tapp_example.o" "../src/xscugic_tapp_example.c"
Finished building: ../src/xscugic_tapp_example.c
 
Building file: ../src/xscutimer_intr_example.c
Invoking: ARM v7 gcc compiler
arm-none-eabi-gcc -Wall -O0 -g3 -c -fmessage-length=0 -MT"src/xscutimer_intr_example.o" -mcpu=cortex-a9 -mfpu=vfpv3 -mfloat-abi=hard -I../../standalone_bsp_0/ps7_cortexa9_0/include -MMD -MP -MF"src/xscutimer_intr_example.d" -MT"src/xscutimer_intr_example.o" -o "src/xscutimer_intr_example.o" "../src/xscutimer_intr_example.c"
Finished building: ../src/xscutimer_intr_example.c
 
Building file: ../src/xscutimer_polled_example.c
Invoking: ARM v7 gcc compiler
arm-none-eabi-gcc -Wall -O0 -g3 -c -fmessage-length=0 -MT"src/xscutimer_polled_example.o" -mcpu=cortex-a9 -mfpu=vfpv3 -mfloat-abi=hard -I../../standalone_bsp_0/ps7_cortexa9_0/include -MMD -MP -MF"src/xscutimer_polled_example.d" -MT"src/xscutimer_polled_example.o" -o "src/xscutimer_polled_example.o" "../src/xscutimer_polled_example.c"
Finished building: ../src/xscutimer_polled_example.c
 
Building file: ../src/xscuwdt_intr_example.c
Invoking: ARM v7 gcc compiler
arm-none-eabi-gcc -Wall -O0 -g3 -c -fmessage-length=0 -MT"src/xscuwdt_intr_example.o" -mcpu=cortex-a9 -mfpu=vfpv3 -mfloat-abi=hard -I../../standalone_bsp_0/ps7_cortexa9_0/include -MMD -MP -MF"src/xscuwdt_intr_example.d" -MT"src/xscuwdt_intr_example.o" -o "src/xscuwdt_intr_example.o" "../src/xscuwdt_intr_example.c"
Finished building: ../src/xscuwdt_intr_example.c
 
Building file: ../src/xttcps_tapp_example.c
Invoking: ARM v7 gcc compiler
arm-none-eabi-gcc -Wall -O0 -g3 -c -fmessage-length=0 -MT"src/xttcps_tapp_example.o" -mcpu=cortex-a9 -mfpu=vfpv3 -mfloat-abi=hard -I../../standalone_bsp_0/ps7_cortexa9_0/include -MMD -MP -MF"src/xttcps_tapp_example.d" -MT"src/xttcps_tapp_example.o" -o "src/xttcps_tapp_example.o" "../src/xttcps_tapp_example.c"
Finished building: ../src/xttcps_tapp_example.c
 
Building target: FASEC_Periph-test.elf
Invoking: ARM v7 gcc linker
arm-none-eabi-gcc -mcpu=cortex-a9 -mfpu=vfpv3 -mfloat-abi=hard -Wl,-build-id=none -specs=Xilinx.spec -Wl,-T -Wl,../src/lscript.ld -L../../standalone_bsp_0/ps7_cortexa9_0/lib -o "FASEC_Periph-test.elf"  ./src/testperiph.o ./src/xdevcfg_selftest_example.o ./src/xdmaps_example_w_intr.o ./src/xemacps_example_intr_dma.o ./src/xemacps_example_util.o ./src/xiicps_selftest_example.o ./src/xqspips_selftest_example.o ./src/xscugic_tapp_example.o ./src/xscutimer_intr_example.o ./src/xscutimer_polled_example.o ./src/xscuwdt_intr_example.o ./src/xttcps_tapp_example.o   -Wl,--start-group,-lxil,-lgcc,-lc,--end-group
Finished building target: FASEC_Periph-test.elf
 
Invoking: ARM v7 Print Size
arm-none-eabi-size FASEC_Periph-test.elf  |tee "FASEC_Periph-test.elf.size"
   text	   data	    bss	    dec	    hex	filename
  79012	   2936	  54608	 136556	  2156c	FASEC_Periph-test.elf
Finished building: FASEC_Periph-test.elf.size
 
18:07:33 **** Auto Build of configuration Debug for project FASEC_Periph-test ****
make pre-build main-build 
a9-linaro-pre-build-step
 
make: Nothing to be done for 'main-build'.
18:09:40 **** Auto Build of configuration Debug for project FASEC_Periph-test ****
make pre-build main-build 
a9-linaro-pre-build-step
 
Building file: ../src/testperiph.c
Invoking: ARM v7 gcc compiler
arm-none-eabi-gcc -Wall -O0 -g3 -c -fmessage-length=0 -MT"src/testperiph.o" -mcpu=cortex-a9 -mfpu=vfpv3 -mfloat-abi=hard -I../../standalone_bsp_0/ps7_cortexa9_0/include -MMD -MP -MF"src/testperiph.d" -MT"src/testperiph.o" -o "src/testperiph.o" "../src/testperiph.c"
Finished building: ../src/testperiph.c
 
Building target: FASEC_Periph-test.elf
Invoking: ARM v7 gcc linker
arm-none-eabi-gcc -mcpu=cortex-a9 -mfpu=vfpv3 -mfloat-abi=hard -Wl,-build-id=none -specs=Xilinx.spec -Wl,-T -Wl,../src/lscript.ld -L../../standalone_bsp_0/ps7_cortexa9_0/lib -o "FASEC_Periph-test.elf"  ./src/testperiph.o ./src/xdevcfg_selftest_example.o ./src/xdmaps_example_w_intr.o ./src/xemacps_example_intr_dma.o ./src/xemacps_example_util.o ./src/xiicps_selftest_example.o ./src/xqspips_selftest_example.o ./src/xscugic_tapp_example.o ./src/xscutimer_intr_example.o ./src/xscutimer_polled_example.o ./src/xscuwdt_intr_example.o ./src/xttcps_tapp_example.o   -Wl,--start-group,-lxil,-lgcc,-lc,--end-group
Finished building target: FASEC_Periph-test.elf
 
Invoking: ARM v7 Print Size
arm-none-eabi-size FASEC_Periph-test.elf  |tee "FASEC_Periph-test.elf.size"
   text	   data	    bss	    dec	    hex	filename
  79012	   2936	  54608	 136556	  2156c	FASEC_Periph-test.elf
Finished building: FASEC_Periph-test.elf.size
 
18:11:14 **** Auto Build of configuration Debug for project FASEC_Periph-test ****
make pre-build main-build 
a9-linaro-pre-build-step
 
Building file: ../src/xemacps_example_util.c
Invoking: ARM v7 gcc compiler
arm-none-eabi-gcc -Wall -O0 -g3 -c -fmessage-length=0 -MT"src/xemacps_example_util.o" -mcpu=cortex-a9 -mfpu=vfpv3 -mfloat-abi=hard -I../../standalone_bsp_0/ps7_cortexa9_0/include -MMD -MP -MF"src/xemacps_example_util.d" -MT"src/xemacps_example_util.o" -o "src/xemacps_example_util.o" "../src/xemacps_example_util.c"
../src/xemacps_example_util.c: In function ‘EmacPsUtilMicrelPhyLoopback’:
../src/xemacps_example_util.c:722:2: warning: format ‘%u’ expects argument of type ‘unsigned int’, but argument 2 has type ‘u32’ [-Wformat=]
  printf("phy port %u reg %u after reset: %#010x \n\r", PhyAddr, RegAddr, PhyReg0);
  ^
../src/xemacps_example_util.c:722:2: warning: format ‘%u’ expects argument of type ‘unsigned int’, but argument 3 has type ‘u32’ [-Wformat=]
../src/xemacps_example_util.c:722:2: warning: format ‘%u’ expects argument of type ‘unsigned int’, but argument 2 has type ‘u32’ [-Wformat=]
../src/xemacps_example_util.c:722:2: warning: format ‘%u’ expects argument of type ‘unsigned int’, but argument 3 has type ‘u32’ [-Wformat=]
../src/xemacps_example_util.c:744:2: warning: format ‘%u’ expects argument of type ‘unsigned int’, but argument 2 has type ‘u32’ [-Wformat=]
  printf("written phy port %u reg 0x0 : %#010x \n\r", i, PhyReg0);
  ^
../src/xemacps_example_util.c:744:2: warning: format ‘%u’ expects argument of type ‘unsigned int’, but argument 2 has type ‘u32’ [-Wformat=]
../src/xemacps_example_util.c:750:2: warning: format ‘%u’ expects argument of type ‘unsigned int’, but argument 2 has type ‘u32’ [-Wformat=]
  printf("phy port %u reg %u : %#010x \n\r", PhyAddr, RegAddr, PhyReg0);
  ^
../src/xemacps_example_util.c:750:2: warning: format ‘%u’ expects argument of type ‘unsigned int’, but argument 3 has type ‘u32’ [-Wformat=]
../src/xemacps_example_util.c:750:2: warning: format ‘%u’ expects argument of type ‘unsigned int’, but argument 2 has type ‘u32’ [-Wformat=]
../src/xemacps_example_util.c:750:2: warning: format ‘%u’ expects argument of type ‘unsigned int’, but argument 3 has type ‘u32’ [-Wformat=]
../src/xemacps_example_util.c:674:6: warning: unused variable ‘PhyReg1’ [-Wunused-variable]
  u16 PhyReg1  = 0;
      ^
Finished building: ../src/xemacps_example_util.c
 
Building target: FASEC_Periph-test.elf
Invoking: ARM v7 gcc linker
arm-none-eabi-gcc -mcpu=cortex-a9 -mfpu=vfpv3 -mfloat-abi=hard -Wl,-build-id=none -specs=Xilinx.spec -Wl,-T -Wl,../src/lscript.ld -L../../standalone_bsp_0/ps7_cortexa9_0/lib -o "FASEC_Periph-test.elf"  ./src/testperiph.o ./src/xdevcfg_selftest_example.o ./src/xdmaps_example_w_intr.o ./src/xemacps_example_intr_dma.o ./src/xemacps_example_util.o ./src/xiicps_selftest_example.o ./src/xqspips_selftest_example.o ./src/xscugic_tapp_example.o ./src/xscutimer_intr_example.o ./src/xscutimer_polled_example.o ./src/xscuwdt_intr_example.o ./src/xttcps_tapp_example.o   -Wl,--start-group,-lxil,-lgcc,-lc,--end-group
Finished building target: FASEC_Periph-test.elf
 
Invoking: ARM v7 Print Size
arm-none-eabi-size FASEC_Periph-test.elf  |tee "FASEC_Periph-test.elf.size"
   text	   data	    bss	    dec	    hex	filename
 129556	   4368	  55376	 189300	  2e374	FASEC_Periph-test.elf
Finished building: FASEC_Periph-test.elf.size
 
18:18:56 **** Clean-only build of configuration Debug for project FASEC_Periph-test ****
make clean 
rm -rf  ./src/testperiph.o ./src/xdevcfg_selftest_example.o ./src/xdmaps_example_w_intr.o ./src/xemacps_example_intr_dma.o ./src/xemacps_example_util.o ./src/xiicps_selftest_example.o ./src/xqspips_selftest_example.o ./src/xscugic_tapp_example.o ./src/xscutimer_intr_example.o ./src/xscutimer_polled_example.o ./src/xscuwdt_intr_example.o ./src/xttcps_tapp_example.o  ./src/testperiph.d ./src/xdevcfg_selftest_example.d ./src/xdmaps_example_w_intr.d ./src/xemacps_example_intr_dma.d ./src/xemacps_example_util.d ./src/xiicps_selftest_example.d ./src/xqspips_selftest_example.d ./src/xscugic_tapp_example.d ./src/xscutimer_intr_example.d ./src/xscutimer_polled_example.d ./src/xscuwdt_intr_example.d ./src/xttcps_tapp_example.d  FASEC_Periph-test.elf.size  FASEC_Periph-test.elf
 
18:18:56 **** Auto Build of configuration Debug for project FASEC_Periph-test ****
make pre-build main-build 
a9-linaro-pre-build-step
 
Building file: ../src/testperiph.c
Invoking: ARM v7 gcc compiler
arm-none-eabi-gcc -Wall -O0 -g3 -c -fmessage-length=0 -MT"src/testperiph.o" -mcpu=cortex-a9 -mfpu=vfpv3 -mfloat-abi=hard -I../../standalone_bsp_0/ps7_cortexa9_0/include -MMD -MP -MF"src/testperiph.d" -MT"src/testperiph.o" -o "src/testperiph.o" "../src/testperiph.c"
Finished building: ../src/testperiph.c
 
Building file: ../src/xdevcfg_selftest_example.c
Invoking: ARM v7 gcc compiler
arm-none-eabi-gcc -Wall -O0 -g3 -c -fmessage-length=0 -MT"src/xdevcfg_selftest_example.o" -mcpu=cortex-a9 -mfpu=vfpv3 -mfloat-abi=hard -I../../standalone_bsp_0/ps7_cortexa9_0/include -MMD -MP -MF"src/xdevcfg_selftest_example.d" -MT"src/xdevcfg_selftest_example.o" -o "src/xdevcfg_selftest_example.o" "../src/xdevcfg_selftest_example.c"
Finished building: ../src/xdevcfg_selftest_example.c
 
Building file: ../src/xdmaps_example_w_intr.c
Invoking: ARM v7 gcc compiler
arm-none-eabi-gcc -Wall -O0 -g3 -c -fmessage-length=0 -MT"src/xdmaps_example_w_intr.o" -mcpu=cortex-a9 -mfpu=vfpv3 -mfloat-abi=hard -I../../standalone_bsp_0/ps7_cortexa9_0/include -MMD -MP -MF"src/xdmaps_example_w_intr.d" -MT"src/xdmaps_example_w_intr.o" -o "src/xdmaps_example_w_intr.o" "../src/xdmaps_example_w_intr.c"
Finished building: ../src/xdmaps_example_w_intr.c
 
Building file: ../src/xemacps_example_intr_dma.c
Invoking: ARM v7 gcc compiler
arm-none-eabi-gcc -Wall -O0 -g3 -c -fmessage-length=0 -MT"src/xemacps_example_intr_dma.o" -mcpu=cortex-a9 -mfpu=vfpv3 -mfloat-abi=hard -I../../standalone_bsp_0/ps7_cortexa9_0/include -MMD -MP -MF"src/xemacps_example_intr_dma.d" -MT"src/xemacps_example_intr_dma.o" -o "src/xemacps_example_intr_dma.o" "../src/xemacps_example_intr_dma.c"
../src/xemacps_example_intr_dma.c: In function ‘XEmacPsClkSetup’:
../src/xemacps_example_intr_dma.c:1289:6: warning: unused variable ‘CrlApbClkCntrl’ [-Wunused-variable]
  u32 CrlApbClkCntrl;
      ^
Finished building: ../src/xemacps_example_intr_dma.c
 
Building file: ../src/xemacps_example_util.c
Invoking: ARM v7 gcc compiler
arm-none-eabi-gcc -Wall -O0 -g3 -c -fmessage-length=0 -MT"src/xemacps_example_util.o" -mcpu=cortex-a9 -mfpu=vfpv3 -mfloat-abi=hard -I../../standalone_bsp_0/ps7_cortexa9_0/include -MMD -MP -MF"src/xemacps_example_util.d" -MT"src/xemacps_example_util.o" -o "src/xemacps_example_util.o" "../src/xemacps_example_util.c"
../src/xemacps_example_util.c: In function ‘EmacPsUtilMicrelPhyLoopback’:
../src/xemacps_example_util.c:722:2: warning: format ‘%u’ expects argument of type ‘unsigned int’, but argument 2 has type ‘u32’ [-Wformat=]
  printf("phy port %u reg %u after reset: %#010x \n\r", PhyAddr, RegAddr, PhyReg0);
  ^
../src/xemacps_example_util.c:722:2: warning: format ‘%u’ expects argument of type ‘unsigned int’, but argument 3 has type ‘u32’ [-Wformat=]
../src/xemacps_example_util.c:722:2: warning: format ‘%u’ expects argument of type ‘unsigned int’, but argument 2 has type ‘u32’ [-Wformat=]
../src/xemacps_example_util.c:722:2: warning: format ‘%u’ expects argument of type ‘unsigned int’, but argument 3 has type ‘u32’ [-Wformat=]
../src/xemacps_example_util.c:744:2: warning: format ‘%u’ expects argument of type ‘unsigned int’, but argument 2 has type ‘u32’ [-Wformat=]
  printf("written phy port %u reg 0x0 : %#010x \n\r", i, PhyReg0);
  ^
../src/xemacps_example_util.c:744:2: warning: format ‘%u’ expects argument of type ‘unsigned int’, but argument 2 has type ‘u32’ [-Wformat=]
../src/xemacps_example_util.c:750:2: warning: format ‘%u’ expects argument of type ‘unsigned int’, but argument 2 has type ‘u32’ [-Wformat=]
  printf("phy port %u reg %u : %#010x \n\r", PhyAddr, RegAddr, PhyReg0);
  ^
../src/xemacps_example_util.c:750:2: warning: format ‘%u’ expects argument of type ‘unsigned int’, but argument 3 has type ‘u32’ [-Wformat=]
../src/xemacps_example_util.c:750:2: warning: format ‘%u’ expects argument of type ‘unsigned int’, but argument 2 has type ‘u32’ [-Wformat=]
../src/xemacps_example_util.c:750:2: warning: format ‘%u’ expects argument of type ‘unsigned int’, but argument 3 has type ‘u32’ [-Wformat=]
../src/xemacps_example_util.c:674:6: warning: unused variable ‘PhyReg1’ [-Wunused-variable]
  u16 PhyReg1  = 0;
      ^
Finished building: ../src/xemacps_example_util.c
 
Building file: ../src/xiicps_selftest_example.c
Invoking: ARM v7 gcc compiler
arm-none-eabi-gcc -Wall -O0 -g3 -c -fmessage-length=0 -MT"src/xiicps_selftest_example.o" -mcpu=cortex-a9 -mfpu=vfpv3 -mfloat-abi=hard -I../../standalone_bsp_0/ps7_cortexa9_0/include -MMD -MP -MF"src/xiicps_selftest_example.d" -MT"src/xiicps_selftest_example.o" -o "src/xiicps_selftest_example.o" "../src/xiicps_selftest_example.c"
Finished building: ../src/xiicps_selftest_example.c
 
Building file: ../src/xqspips_selftest_example.c
Invoking: ARM v7 gcc compiler
arm-none-eabi-gcc -Wall -O0 -g3 -c -fmessage-length=0 -MT"src/xqspips_selftest_example.o" -mcpu=cortex-a9 -mfpu=vfpv3 -mfloat-abi=hard -I../../standalone_bsp_0/ps7_cortexa9_0/include -MMD -MP -MF"src/xqspips_selftest_example.d" -MT"src/xqspips_selftest_example.o" -o "src/xqspips_selftest_example.o" "../src/xqspips_selftest_example.c"
Finished building: ../src/xqspips_selftest_example.c
 
Building file: ../src/xscugic_tapp_example.c
Invoking: ARM v7 gcc compiler
arm-none-eabi-gcc -Wall -O0 -g3 -c -fmessage-length=0 -MT"src/xscugic_tapp_example.o" -mcpu=cortex-a9 -mfpu=vfpv3 -mfloat-abi=hard -I../../standalone_bsp_0/ps7_cortexa9_0/include -MMD -MP -MF"src/xscugic_tapp_example.d" -MT"src/xscugic_tapp_example.o" -o "src/xscugic_tapp_example.o" "../src/xscugic_tapp_example.c"
Finished building: ../src/xscugic_tapp_example.c
 
Building file: ../src/xscutimer_intr_example.c
Invoking: ARM v7 gcc compiler
arm-none-eabi-gcc -Wall -O0 -g3 -c -fmessage-length=0 -MT"src/xscutimer_intr_example.o" -mcpu=cortex-a9 -mfpu=vfpv3 -mfloat-abi=hard -I../../standalone_bsp_0/ps7_cortexa9_0/include -MMD -MP -MF"src/xscutimer_intr_example.d" -MT"src/xscutimer_intr_example.o" -o "src/xscutimer_intr_example.o" "../src/xscutimer_intr_example.c"
Finished building: ../src/xscutimer_intr_example.c
 
Building file: ../src/xscutimer_polled_example.c
Invoking: ARM v7 gcc compiler
arm-none-eabi-gcc -Wall -O0 -g3 -c -fmessage-length=0 -MT"src/xscutimer_polled_example.o" -mcpu=cortex-a9 -mfpu=vfpv3 -mfloat-abi=hard -I../../standalone_bsp_0/ps7_cortexa9_0/include -MMD -MP -MF"src/xscutimer_polled_example.d" -MT"src/xscutimer_polled_example.o" -o "src/xscutimer_polled_example.o" "../src/xscutimer_polled_example.c"
Finished building: ../src/xscutimer_polled_example.c
 
Building file: ../src/xscuwdt_intr_example.c
Invoking: ARM v7 gcc compiler
arm-none-eabi-gcc -Wall -O0 -g3 -c -fmessage-length=0 -MT"src/xscuwdt_intr_example.o" -mcpu=cortex-a9 -mfpu=vfpv3 -mfloat-abi=hard -I../../standalone_bsp_0/ps7_cortexa9_0/include -MMD -MP -MF"src/xscuwdt_intr_example.d" -MT"src/xscuwdt_intr_example.o" -o "src/xscuwdt_intr_example.o" "../src/xscuwdt_intr_example.c"
Finished building: ../src/xscuwdt_intr_example.c
 
Building file: ../src/xttcps_tapp_example.c
Invoking: ARM v7 gcc compiler
arm-none-eabi-gcc -Wall -O0 -g3 -c -fmessage-length=0 -MT"src/xttcps_tapp_example.o" -mcpu=cortex-a9 -mfpu=vfpv3 -mfloat-abi=hard -I../../standalone_bsp_0/ps7_cortexa9_0/include -MMD -MP -MF"src/xttcps_tapp_example.d" -MT"src/xttcps_tapp_example.o" -o "src/xttcps_tapp_example.o" "../src/xttcps_tapp_example.c"
Finished building: ../src/xttcps_tapp_example.c
 
Building target: FASEC_Periph-test.elf
Invoking: ARM v7 gcc linker
arm-none-eabi-gcc -mcpu=cortex-a9 -mfpu=vfpv3 -mfloat-abi=hard -Wl,-build-id=none -specs=Xilinx.spec -Wl,-T -Wl,../src/lscript.ld -L../../standalone_bsp_0/ps7_cortexa9_0/lib -o "FASEC_Periph-test.elf"  ./src/testperiph.o ./src/xdevcfg_selftest_example.o ./src/xdmaps_example_w_intr.o ./src/xemacps_example_intr_dma.o ./src/xemacps_example_util.o ./src/xiicps_selftest_example.o ./src/xqspips_selftest_example.o ./src/xscugic_tapp_example.o ./src/xscutimer_intr_example.o ./src/xscutimer_polled_example.o ./src/xscuwdt_intr_example.o ./src/xttcps_tapp_example.o   -Wl,--start-group,-lxil,-lgcc,-lc,--end-group
Finished building target: FASEC_Periph-test.elf
 
Invoking: ARM v7 Print Size
arm-none-eabi-size FASEC_Periph-test.elf  |tee "FASEC_Periph-test.elf.size"
   text	   data	    bss	    dec	    hex	filename
 129556	   4368	  55376	 189300	  2e374	FASEC_Periph-test.elf
Finished building: FASEC_Periph-test.elf.size
 
18:19:28 **** Auto Build of configuration Debug for project FASEC_Periph-test ****
make pre-build main-build 
a9-linaro-pre-build-step
 
Building file: ../src/xemacps_example_intr_dma.c
Invoking: ARM v7 gcc compiler
arm-none-eabi-gcc -Wall -O0 -g3 -c -fmessage-length=0 -MT"src/xemacps_example_intr_dma.o" -mcpu=cortex-a9 -mfpu=vfpv3 -mfloat-abi=hard -I../../standalone_bsp_0/ps7_cortexa9_0/include -MMD -MP -MF"src/xemacps_example_intr_dma.d" -MT"src/xemacps_example_intr_dma.o" -o "src/xemacps_example_intr_dma.o" "../src/xemacps_example_intr_dma.c"
../src/xemacps_example_intr_dma.c: In function ‘XEmacPsClkSetup’:
../src/xemacps_example_intr_dma.c:1290:6: warning: unused variable ‘CrlApbClkCntrl’ [-Wunused-variable]
  u32 CrlApbClkCntrl;
      ^
Finished building: ../src/xemacps_example_intr_dma.c
 
Building target: FASEC_Periph-test.elf
Invoking: ARM v7 gcc linker
arm-none-eabi-gcc -mcpu=cortex-a9 -mfpu=vfpv3 -mfloat-abi=hard -Wl,-build-id=none -specs=Xilinx.spec -Wl,-T -Wl,../src/lscript.ld -L../../standalone_bsp_0/ps7_cortexa9_0/lib -o "FASEC_Periph-test.elf"  ./src/testperiph.o ./src/xdevcfg_selftest_example.o ./src/xdmaps_example_w_intr.o ./src/xemacps_example_intr_dma.o ./src/xemacps_example_util.o ./src/xiicps_selftest_example.o ./src/xqspips_selftest_example.o ./src/xscugic_tapp_example.o ./src/xscutimer_intr_example.o ./src/xscutimer_polled_example.o ./src/xscuwdt_intr_example.o ./src/xttcps_tapp_example.o   -Wl,--start-group,-lxil,-lgcc,-lc,--end-group
Finished building target: FASEC_Periph-test.elf
 
Invoking: ARM v7 Print Size
arm-none-eabi-size FASEC_Periph-test.elf  |tee "FASEC_Periph-test.elf.size"
   text	   data	    bss	    dec	    hex	filename
 129556	   4368	  55376	 189300	  2e374	FASEC_Periph-test.elf
Finished building: FASEC_Periph-test.elf.size
 
18:25:45 **** Incremental Build of configuration Debug for project FASEC_Periph-test ****
make pre-build main-build 
a9-linaro-pre-build-step
 
make: Nothing to be done for 'main-build'.
18:29:40 **** Auto Build of configuration Debug for project FASEC_Periph-test ****
make pre-build main-build 
a9-linaro-pre-build-step
 
Building file: ../src/xemacps_example_intr_dma.c
Invoking: ARM v7 gcc compiler
arm-none-eabi-gcc -Wall -O0 -g3 -c -fmessage-length=0 -MT"src/xemacps_example_intr_dma.o" -mcpu=cortex-a9 -mfpu=vfpv3 -mfloat-abi=hard -I../../standalone_bsp_0/ps7_cortexa9_0/include -MMD -MP -MF"src/xemacps_example_intr_dma.d" -MT"src/xemacps_example_intr_dma.o" -o "src/xemacps_example_intr_dma.o" "../src/xemacps_example_intr_dma.c"
../src/xemacps_example_intr_dma.c: In function ‘XEmacPsClkSetup’:
../src/xemacps_example_intr_dma.c:1293:6: warning: unused variable ‘CrlApbClkCntrl’ [-Wunused-variable]
  u32 CrlApbClkCntrl;
      ^
Finished building: ../src/xemacps_example_intr_dma.c
 
Building target: FASEC_Periph-test.elf
Invoking: ARM v7 gcc linker
arm-none-eabi-gcc -mcpu=cortex-a9 -mfpu=vfpv3 -mfloat-abi=hard -Wl,-build-id=none -specs=Xilinx.spec -Wl,-T -Wl,../src/lscript.ld -L../../standalone_bsp_0/ps7_cortexa9_0/lib -o "FASEC_Periph-test.elf"  ./src/testperiph.o ./src/xdevcfg_selftest_example.o ./src/xdmaps_example_w_intr.o ./src/xemacps_example_intr_dma.o ./src/xemacps_example_util.o ./src/xiicps_selftest_example.o ./src/xqspips_selftest_example.o ./src/xscugic_tapp_example.o ./src/xscutimer_intr_example.o ./src/xscutimer_polled_example.o ./src/xscuwdt_intr_example.o ./src/xttcps_tapp_example.o   -Wl,--start-group,-lxil,-lgcc,-lc,--end-group
Finished building target: FASEC_Periph-test.elf
 
Invoking: ARM v7 Print Size
arm-none-eabi-size FASEC_Periph-test.elf  |tee "FASEC_Periph-test.elf.size"
   text	   data	    bss	    dec	    hex	filename
 129636	   4368	  55376	 189380	  2e3c4	FASEC_Periph-test.elf
Finished building: FASEC_Periph-test.elf.size
 
18:29:50 **** Incremental Build of configuration Debug for project FASEC_Periph-test ****
make pre-build main-build 
a9-linaro-pre-build-step
 
make: Nothing to be done for 'main-build'.
18:31:34 **** Auto Build of configuration Debug for project FASEC_Periph-test ****
make pre-build main-build 
a9-linaro-pre-build-step
 
Building file: ../src/xemacps_example_util.c
Invoking: ARM v7 gcc compiler
arm-none-eabi-gcc -Wall -O0 -g3 -c -fmessage-length=0 -MT"src/xemacps_example_util.o" -mcpu=cortex-a9 -mfpu=vfpv3 -mfloat-abi=hard -I../../standalone_bsp_0/ps7_cortexa9_0/include -MMD -MP -MF"src/xemacps_example_util.d" -MT"src/xemacps_example_util.o" -o "src/xemacps_example_util.o" "../src/xemacps_example_util.c"
../src/xemacps_example_util.c: In function ‘EmacPsUtilMicrelPhyLoopback’:
../src/xemacps_example_util.c:722:2: warning: format ‘%u’ expects argument of type ‘unsigned int’, but argument 2 has type ‘u32’ [-Wformat=]
  printf("phy port %u reg %u after reset: %#010x \n\r", PhyAddr, RegAddr, PhyReg0);
  ^
../src/xemacps_example_util.c:722:2: warning: format ‘%u’ expects argument of type ‘unsigned int’, but argument 3 has type ‘u32’ [-Wformat=]
../src/xemacps_example_util.c:722:2: warning: format ‘%u’ expects argument of type ‘unsigned int’, but argument 2 has type ‘u32’ [-Wformat=]
../src/xemacps_example_util.c:722:2: warning: format ‘%u’ expects argument of type ‘unsigned int’, but argument 3 has type ‘u32’ [-Wformat=]
../src/xemacps_example_util.c:744:2: warning: format ‘%u’ expects argument of type ‘unsigned int’, but argument 2 has type ‘u32’ [-Wformat=]
  printf("written phy port %u reg 0x0 : %#010x \n\r", i, PhyReg0);
  ^
../src/xemacps_example_util.c:744:2: warning: format ‘%u’ expects argument of type ‘unsigned int’, but argument 2 has type ‘u32’ [-Wformat=]
../src/xemacps_example_util.c:750:2: warning: format ‘%u’ expects argument of type ‘unsigned int’, but argument 2 has type ‘u32’ [-Wformat=]
  printf("phy port %u reg %u : %#010x \n\r", PhyAddr, RegAddr, PhyReg0);
  ^
../src/xemacps_example_util.c:750:2: warning: format ‘%u’ expects argument of type ‘unsigned int’, but argument 3 has type ‘u32’ [-Wformat=]
../src/xemacps_example_util.c:750:2: warning: format ‘%u’ expects argument of type ‘unsigned int’, but argument 2 has type ‘u32’ [-Wformat=]
../src/xemacps_example_util.c:750:2: warning: format ‘%u’ expects argument of type ‘unsigned int’, but argument 3 has type ‘u32’ [-Wformat=]
../src/xemacps_example_util.c:674:6: warning: unused variable ‘PhyReg1’ [-Wunused-variable]
  u16 PhyReg1  = 0;
      ^
../src/xemacps_example_util.c: In function ‘EmacPsUtilEnterLoopback’:
../src/xemacps_example_util.c:793:4: warning: format ‘%u’ expects argument of type ‘unsigned int’, but argument 2 has type ‘u32’ [-Wformat=]
    printf("phy port %u reg %u : %#010x \n\r",j, i, PhyIdentity);
    ^
../src/xemacps_example_util.c:793:4: warning: format ‘%u’ expects argument of type ‘unsigned int’, but argument 3 has type ‘u32’ [-Wformat=]
../src/xemacps_example_util.c:793:4: warning: format ‘%u’ expects argument of type ‘unsigned int’, but argument 2 has type ‘u32’ [-Wformat=]
../src/xemacps_example_util.c:793:4: warning: format ‘%u’ expects argument of type ‘unsigned int’, but argument 3 has type ‘u32’ [-Wformat=]
Finished building: ../src/xemacps_example_util.c
 
Building target: FASEC_Periph-test.elf
Invoking: ARM v7 gcc linker
arm-none-eabi-gcc -mcpu=cortex-a9 -mfpu=vfpv3 -mfloat-abi=hard -Wl,-build-id=none -specs=Xilinx.spec -Wl,-T -Wl,../src/lscript.ld -L../../standalone_bsp_0/ps7_cortexa9_0/lib -o "FASEC_Periph-test.elf"  ./src/testperiph.o ./src/xdevcfg_selftest_example.o ./src/xdmaps_example_w_intr.o ./src/xemacps_example_intr_dma.o ./src/xemacps_example_util.o ./src/xiicps_selftest_example.o ./src/xqspips_selftest_example.o ./src/xscugic_tapp_example.o ./src/xscutimer_intr_example.o ./src/xscutimer_polled_example.o ./src/xscuwdt_intr_example.o ./src/xttcps_tapp_example.o   -Wl,--start-group,-lxil,-lgcc,-lc,--end-group
Finished building target: FASEC_Periph-test.elf
 
Invoking: ARM v7 Print Size
arm-none-eabi-size FASEC_Periph-test.elf  |tee "FASEC_Periph-test.elf.size"
   text	   data	    bss	    dec	    hex	filename
 129764	   4368	  55376	 189508	  2e444	FASEC_Periph-test.elf
Finished building: FASEC_Periph-test.elf.size
 
18:32:09 **** Auto Build of configuration Debug for project FASEC_Periph-test ****
make pre-build main-build 
a9-linaro-pre-build-step
 
Building file: ../src/xemacps_example_intr_dma.c
Invoking: ARM v7 gcc compiler
arm-none-eabi-gcc -Wall -O0 -g3 -c -fmessage-length=0 -MT"src/xemacps_example_intr_dma.o" -mcpu=cortex-a9 -mfpu=vfpv3 -mfloat-abi=hard -I../../standalone_bsp_0/ps7_cortexa9_0/include -MMD -MP -MF"src/xemacps_example_intr_dma.d" -MT"src/xemacps_example_intr_dma.o" -o "src/xemacps_example_intr_dma.o" "../src/xemacps_example_intr_dma.c"
../src/xemacps_example_intr_dma.c: In function ‘XEmacPsClkSetup’:
../src/xemacps_example_intr_dma.c:1294:6: warning: unused variable ‘CrlApbClkCntrl’ [-Wunused-variable]
  u32 CrlApbClkCntrl;
      ^
Finished building: ../src/xemacps_example_intr_dma.c
 
Building target: FASEC_Periph-test.elf
Invoking: ARM v7 gcc linker
arm-none-eabi-gcc -mcpu=cortex-a9 -mfpu=vfpv3 -mfloat-abi=hard -Wl,-build-id=none -specs=Xilinx.spec -Wl,-T -Wl,../src/lscript.ld -L../../standalone_bsp_0/ps7_cortexa9_0/lib -o "FASEC_Periph-test.elf"  ./src/testperiph.o ./src/xdevcfg_selftest_example.o ./src/xdmaps_example_w_intr.o ./src/xemacps_example_intr_dma.o ./src/xemacps_example_util.o ./src/xiicps_selftest_example.o ./src/xqspips_selftest_example.o ./src/xscugic_tapp_example.o ./src/xscutimer_intr_example.o ./src/xscutimer_polled_example.o ./src/xscuwdt_intr_example.o ./src/xttcps_tapp_example.o   -Wl,--start-group,-lxil,-lgcc,-lc,--end-group
Finished building target: FASEC_Periph-test.elf
 
Invoking: ARM v7 Print Size
arm-none-eabi-size FASEC_Periph-test.elf  |tee "FASEC_Periph-test.elf.size"
   text	   data	    bss	    dec	    hex	filename
 129764	   4368	  55376	 189508	  2e444	FASEC_Periph-test.elf
Finished building: FASEC_Periph-test.elf.size
 
18:32:28 **** Auto Build of configuration Debug for project FASEC_Periph-test ****
make pre-build main-build 
a9-linaro-pre-build-step
 
Building file: ../src/xemacps_example_intr_dma.c
Invoking: ARM v7 gcc compiler
arm-none-eabi-gcc -Wall -O0 -g3 -c -fmessage-length=0 -MT"src/xemacps_example_intr_dma.o" -mcpu=cortex-a9 -mfpu=vfpv3 -mfloat-abi=hard -I../../standalone_bsp_0/ps7_cortexa9_0/include -MMD -MP -MF"src/xemacps_example_intr_dma.d" -MT"src/xemacps_example_intr_dma.o" -o "src/xemacps_example_intr_dma.o" "../src/xemacps_example_intr_dma.c"
../src/xemacps_example_intr_dma.c: In function ‘XEmacPsClkSetup’:
../src/xemacps_example_intr_dma.c:1294:6: warning: unused variable ‘CrlApbClkCntrl’ [-Wunused-variable]
  u32 CrlApbClkCntrl;
      ^
Finished building: ../src/xemacps_example_intr_dma.c
 
Building target: FASEC_Periph-test.elf
Invoking: ARM v7 gcc linker
arm-none-eabi-gcc -mcpu=cortex-a9 -mfpu=vfpv3 -mfloat-abi=hard -Wl,-build-id=none -specs=Xilinx.spec -Wl,-T -Wl,../src/lscript.ld -L../../standalone_bsp_0/ps7_cortexa9_0/lib -o "FASEC_Periph-test.elf"  ./src/testperiph.o ./src/xdevcfg_selftest_example.o ./src/xdmaps_example_w_intr.o ./src/xemacps_example_intr_dma.o ./src/xemacps_example_util.o ./src/xiicps_selftest_example.o ./src/xqspips_selftest_example.o ./src/xscugic_tapp_example.o ./src/xscutimer_intr_example.o ./src/xscutimer_polled_example.o ./src/xscuwdt_intr_example.o ./src/xttcps_tapp_example.o   -Wl,--start-group,-lxil,-lgcc,-lc,--end-group
Finished building target: FASEC_Periph-test.elf
 
Invoking: ARM v7 Print Size
arm-none-eabi-size FASEC_Periph-test.elf  |tee "FASEC_Periph-test.elf.size"
   text	   data	    bss	    dec	    hex	filename
 129764	   4368	  55376	 189508	  2e444	FASEC_Periph-test.elf
Finished building: FASEC_Periph-test.elf.size
 
18:32:35 **** Incremental Build of configuration Debug for project FASEC_Periph-test ****
make pre-build main-build 
a9-linaro-pre-build-step
 
make: Nothing to be done for 'main-build'.
18:38:00 **** Incremental Build of configuration Debug for project FASEC_Periph-test ****
make pre-build main-build 
a9-linaro-pre-build-step
 
make: Nothing to be done for 'main-build'.
18:42:10 **** Incremental Build of configuration Debug for project FASEC_Periph-test ****
make pre-build main-build 
a9-linaro-pre-build-step
 
make: Nothing to be done for 'main-build'.
18:44:17 **** Auto Build of configuration Debug for project FASEC_Periph-test ****
make pre-build main-build 
a9-linaro-pre-build-step
 
Building file: ../src/xemacps_example_intr_dma.c
Invoking: ARM v7 gcc compiler
arm-none-eabi-gcc -Wall -O0 -g3 -c -fmessage-length=0 -MT"src/xemacps_example_intr_dma.o" -mcpu=cortex-a9 -mfpu=vfpv3 -mfloat-abi=hard -I../../standalone_bsp_0/ps7_cortexa9_0/include -MMD -MP -MF"src/xemacps_example_intr_dma.d" -MT"src/xemacps_example_intr_dma.o" -o "src/xemacps_example_intr_dma.o" "../src/xemacps_example_intr_dma.c"
../src/xemacps_example_intr_dma.c: In function ‘XEmacPsClkSetup’:
../src/xemacps_example_intr_dma.c:1294:6: warning: unused variable ‘CrlApbClkCntrl’ [-Wunused-variable]
  u32 CrlApbClkCntrl;
      ^
Finished building: ../src/xemacps_example_intr_dma.c
 
Building target: FASEC_Periph-test.elf
Invoking: ARM v7 gcc linker
arm-none-eabi-gcc -mcpu=cortex-a9 -mfpu=vfpv3 -mfloat-abi=hard -Wl,-build-id=none -specs=Xilinx.spec -Wl,-T -Wl,../src/lscript.ld -L../../standalone_bsp_0/ps7_cortexa9_0/lib -o "FASEC_Periph-test.elf"  ./src/testperiph.o ./src/xdevcfg_selftest_example.o ./src/xdmaps_example_w_intr.o ./src/xemacps_example_intr_dma.o ./src/xemacps_example_util.o ./src/xiicps_selftest_example.o ./src/xqspips_selftest_example.o ./src/xscugic_tapp_example.o ./src/xscutimer_intr_example.o ./src/xscutimer_polled_example.o ./src/xscuwdt_intr_example.o ./src/xttcps_tapp_example.o   -Wl,--start-group,-lxil,-lgcc,-lc,--end-group
Finished building target: FASEC_Periph-test.elf
 
Invoking: ARM v7 Print Size
arm-none-eabi-size FASEC_Periph-test.elf  |tee "FASEC_Periph-test.elf.size"
   text	   data	    bss	    dec	    hex	filename
 129764	   4368	  55376	 189508	  2e444	FASEC_Periph-test.elf
Finished building: FASEC_Periph-test.elf.size
 
18:44:22 **** Incremental Build of configuration Debug for project FASEC_Periph-test ****
make pre-build main-build 
a9-linaro-pre-build-step
 
make: Nothing to be done for 'main-build'.
18:47:40 **** Auto Build of configuration Debug for project FASEC_Periph-test ****
make pre-build main-build 
a9-linaro-pre-build-step
 
Building file: ../src/xemacps_example_util.c
Invoking: ARM v7 gcc compiler
arm-none-eabi-gcc -Wall -O0 -g3 -c -fmessage-length=0 -MT"src/xemacps_example_util.o" -mcpu=cortex-a9 -mfpu=vfpv3 -mfloat-abi=hard -I../../standalone_bsp_0/ps7_cortexa9_0/include -MMD -MP -MF"src/xemacps_example_util.d" -MT"src/xemacps_example_util.o" -o "src/xemacps_example_util.o" "../src/xemacps_example_util.c"
../src/xemacps_example_util.c: In function ‘EmacPsUtilMicrelPhyLoopback’:
../src/xemacps_example_util.c:722:2: warning: format ‘%u’ expects argument of type ‘unsigned int’, but argument 2 has type ‘u32’ [-Wformat=]
  printf("phy port %u reg %u after reset: %#010x \n\r", PhyAddr, RegAddr, PhyReg0);
  ^
../src/xemacps_example_util.c:722:2: warning: format ‘%u’ expects argument of type ‘unsigned int’, but argument 3 has type ‘u32’ [-Wformat=]
../src/xemacps_example_util.c:722:2: warning: format ‘%u’ expects argument of type ‘unsigned int’, but argument 2 has type ‘u32’ [-Wformat=]
../src/xemacps_example_util.c:722:2: warning: format ‘%u’ expects argument of type ‘unsigned int’, but argument 3 has type ‘u32’ [-Wformat=]
../src/xemacps_example_util.c:744:2: warning: format ‘%u’ expects argument of type ‘unsigned int’, but argument 2 has type ‘u32’ [-Wformat=]
  printf("written phy port %u reg 0x0 : %#010x \n\r", i, PhyReg0);
  ^
../src/xemacps_example_util.c:744:2: warning: format ‘%u’ expects argument of type ‘unsigned int’, but argument 2 has type ‘u32’ [-Wformat=]
../src/xemacps_example_util.c:750:2: warning: format ‘%u’ expects argument of type ‘unsigned int’, but argument 2 has type ‘u32’ [-Wformat=]
  printf("phy port %u reg %u : %#010x \n\r", PhyAddr, RegAddr, PhyReg0);
  ^
../src/xemacps_example_util.c:750:2: warning: format ‘%u’ expects argument of type ‘unsigned int’, but argument 3 has type ‘u32’ [-Wformat=]
../src/xemacps_example_util.c:750:2: warning: format ‘%u’ expects argument of type ‘unsigned int’, but argument 2 has type ‘u32’ [-Wformat=]
../src/xemacps_example_util.c:750:2: warning: format ‘%u’ expects argument of type ‘unsigned int’, but argument 3 has type ‘u32’ [-Wformat=]
../src/xemacps_example_util.c:674:6: warning: unused variable ‘PhyReg1’ [-Wunused-variable]
  u16 PhyReg1  = 0;
      ^
../src/xemacps_example_util.c: In function ‘EmacPsUtilEnterLoopback’:
../src/xemacps_example_util.c:793:4: warning: format ‘%u’ expects argument of type ‘unsigned int’, but argument 2 has type ‘u32’ [-Wformat=]
    printf("phy port %u reg %u : %#010x \n\r",j, i, PhyIdentity);
    ^
../src/xemacps_example_util.c:793:4: warning: format ‘%u’ expects argument of type ‘unsigned int’, but argument 3 has type ‘u32’ [-Wformat=]
../src/xemacps_example_util.c:793:4: warning: format ‘%u’ expects argument of type ‘unsigned int’, but argument 2 has type ‘u32’ [-Wformat=]
../src/xemacps_example_util.c:793:4: warning: format ‘%u’ expects argument of type ‘unsigned int’, but argument 3 has type ‘u32’ [-Wformat=]
Finished building: ../src/xemacps_example_util.c
 
Building target: FASEC_Periph-test.elf
Invoking: ARM v7 gcc linker
arm-none-eabi-gcc -mcpu=cortex-a9 -mfpu=vfpv3 -mfloat-abi=hard -Wl,-build-id=none -specs=Xilinx.spec -Wl,-T -Wl,../src/lscript.ld -L../../standalone_bsp_0/ps7_cortexa9_0/lib -o "FASEC_Periph-test.elf"  ./src/testperiph.o ./src/xdevcfg_selftest_example.o ./src/xdmaps_example_w_intr.o ./src/xemacps_example_intr_dma.o ./src/xemacps_example_util.o ./src/xiicps_selftest_example.o ./src/xqspips_selftest_example.o ./src/xscugic_tapp_example.o ./src/xscutimer_intr_example.o ./src/xscutimer_polled_example.o ./src/xscuwdt_intr_example.o ./src/xttcps_tapp_example.o   -Wl,--start-group,-lxil,-lgcc,-lc,--end-group
Finished building target: FASEC_Periph-test.elf
 
Invoking: ARM v7 Print Size
arm-none-eabi-size FASEC_Periph-test.elf  |tee "FASEC_Periph-test.elf.size"
   text	   data	    bss	    dec	    hex	filename
 129764	   4368	  55376	 189508	  2e444	FASEC_Periph-test.elf
Finished building: FASEC_Periph-test.elf.size
 
18:47:45 **** Auto Build of configuration Debug for project FASEC_Periph-test ****
make pre-build main-build 
a9-linaro-pre-build-step
 
Building file: ../src/xemacps_example_util.c
Invoking: ARM v7 gcc compiler
arm-none-eabi-gcc -Wall -O0 -g3 -c -fmessage-length=0 -MT"src/xemacps_example_util.o" -mcpu=cortex-a9 -mfpu=vfpv3 -mfloat-abi=hard -I../../standalone_bsp_0/ps7_cortexa9_0/include -MMD -MP -MF"src/xemacps_example_util.d" -MT"src/xemacps_example_util.o" -o "src/xemacps_example_util.o" "../src/xemacps_example_util.c"
../src/xemacps_example_util.c: In function ‘EmacPsUtilMicrelPhyLoopback’:
../src/xemacps_example_util.c:722:2: warning: format ‘%u’ expects argument of type ‘unsigned int’, but argument 2 has type ‘u32’ [-Wformat=]
  printf("phy port %u reg %u after reset: %#010x \n\r", PhyAddr, RegAddr, PhyReg0);
  ^
../src/xemacps_example_util.c:722:2: warning: format ‘%u’ expects argument of type ‘unsigned int’, but argument 3 has type ‘u32’ [-Wformat=]
../src/xemacps_example_util.c:722:2: warning: format ‘%u’ expects argument of type ‘unsigned int’, but argument 2 has type ‘u32’ [-Wformat=]
../src/xemacps_example_util.c:722:2: warning: format ‘%u’ expects argument of type ‘unsigned int’, but argument 3 has type ‘u32’ [-Wformat=]
../src/xemacps_example_util.c:744:2: warning: format ‘%u’ expects argument of type ‘unsigned int’, but argument 2 has type ‘u32’ [-Wformat=]
  printf("written phy port %u reg 0x0 : %#010x \n\r", i, PhyReg0);
  ^
../src/xemacps_example_util.c:744:2: warning: format ‘%u’ expects argument of type ‘unsigned int’, but argument 2 has type ‘u32’ [-Wformat=]
../src/xemacps_example_util.c:750:2: warning: format ‘%u’ expects argument of type ‘unsigned int’, but argument 2 has type ‘u32’ [-Wformat=]
  printf("phy port %u reg %u : %#010x \n\r", PhyAddr, RegAddr, PhyReg0);
  ^
../src/xemacps_example_util.c:750:2: warning: format ‘%u’ expects argument of type ‘unsigned int’, but argument 3 has type ‘u32’ [-Wformat=]
../src/xemacps_example_util.c:750:2: warning: format ‘%u’ expects argument of type ‘unsigned int’, but argument 2 has type ‘u32’ [-Wformat=]
../src/xemacps_example_util.c:750:2: warning: format ‘%u’ expects argument of type ‘unsigned int’, but argument 3 has type ‘u32’ [-Wformat=]
../src/xemacps_example_util.c:674:6: warning: unused variable ‘PhyReg1’ [-Wunused-variable]
  u16 PhyReg1  = 0;
      ^
../src/xemacps_example_util.c: In function ‘EmacPsUtilEnterLoopback’:
../src/xemacps_example_util.c:793:4: warning: format ‘%u’ expects argument of type ‘unsigned int’, but argument 2 has type ‘u32’ [-Wformat=]
    printf("phy port %u reg %u : %#010x \n\r",j, i, PhyIdentity);
    ^
../src/xemacps_example_util.c:793:4: warning: format ‘%u’ expects argument of type ‘unsigned int’, but argument 3 has type ‘u32’ [-Wformat=]
../src/xemacps_example_util.c:793:4: warning: format ‘%u’ expects argument of type ‘unsigned int’, but argument 2 has type ‘u32’ [-Wformat=]
../src/xemacps_example_util.c:793:4: warning: format ‘%u’ expects argument of type ‘unsigned int’, but argument 3 has type ‘u32’ [-Wformat=]
Finished building: ../src/xemacps_example_util.c
 
Building target: FASEC_Periph-test.elf
Invoking: ARM v7 gcc linker
arm-none-eabi-gcc -mcpu=cortex-a9 -mfpu=vfpv3 -mfloat-abi=hard -Wl,-build-id=none -specs=Xilinx.spec -Wl,-T -Wl,../src/lscript.ld -L../../standalone_bsp_0/ps7_cortexa9_0/lib -o "FASEC_Periph-test.elf"  ./src/testperiph.o ./src/xdevcfg_selftest_example.o ./src/xdmaps_example_w_intr.o ./src/xemacps_example_intr_dma.o ./src/xemacps_example_util.o ./src/xiicps_selftest_example.o ./src/xqspips_selftest_example.o ./src/xscugic_tapp_example.o ./src/xscutimer_intr_example.o ./src/xscutimer_polled_example.o ./src/xscuwdt_intr_example.o ./src/xttcps_tapp_example.o   -Wl,--start-group,-lxil,-lgcc,-lc,--end-group
Finished building target: FASEC_Periph-test.elf
 
Invoking: ARM v7 Print Size
arm-none-eabi-size FASEC_Periph-test.elf  |tee "FASEC_Periph-test.elf.size"
   text	   data	    bss	    dec	    hex	filename
 129764	   4368	  55376	 189508	  2e444	FASEC_Periph-test.elf
Finished building: FASEC_Periph-test.elf.size
 
18:48:56 **** Incremental Build of configuration Debug for project FASEC_Periph-test ****
make pre-build main-build 
a9-linaro-pre-build-step
 
make: Nothing to be done for 'main-build'.
18:50:44 **** Auto Build of configuration Debug for project FASEC_Periph-test ****
make pre-build main-build 
a9-linaro-pre-build-step
 
Building file: ../src/xemacps_example_util.c
Invoking: ARM v7 gcc compiler
arm-none-eabi-gcc -Wall -O0 -g3 -c -fmessage-length=0 -MT"src/xemacps_example_util.o" -mcpu=cortex-a9 -mfpu=vfpv3 -mfloat-abi=hard -I../../standalone_bsp_0/ps7_cortexa9_0/include -MMD -MP -MF"src/xemacps_example_util.d" -MT"src/xemacps_example_util.o" -o "src/xemacps_example_util.o" "../src/xemacps_example_util.c"
../src/xemacps_example_util.c: In function ‘EmacPsUtilMicrelPhyLoopback’:
../src/xemacps_example_util.c:722:2: warning: format ‘%u’ expects argument of type ‘unsigned int’, but argument 2 has type ‘u32’ [-Wformat=]
  printf("phy port %u reg %u after reset: %#010x \n\r", PhyAddr, RegAddr, PhyReg0);
  ^
../src/xemacps_example_util.c:722:2: warning: format ‘%u’ expects argument of type ‘unsigned int’, but argument 3 has type ‘u32’ [-Wformat=]
../src/xemacps_example_util.c:722:2: warning: format ‘%u’ expects argument of type ‘unsigned int’, but argument 2 has type ‘u32’ [-Wformat=]
../src/xemacps_example_util.c:722:2: warning: format ‘%u’ expects argument of type ‘unsigned int’, but argument 3 has type ‘u32’ [-Wformat=]
../src/xemacps_example_util.c:744:2: warning: format ‘%u’ expects argument of type ‘unsigned int’, but argument 2 has type ‘u32’ [-Wformat=]
  printf("written phy port %u reg 0x0 : %#010x \n\r", i, PhyReg0);
  ^
../src/xemacps_example_util.c:744:2: warning: format ‘%u’ expects argument of type ‘unsigned int’, but argument 2 has type ‘u32’ [-Wformat=]
../src/xemacps_example_util.c:750:2: warning: format ‘%u’ expects argument of type ‘unsigned int’, but argument 2 has type ‘u32’ [-Wformat=]
  printf("phy port %u reg %u : %#010x \n\r", PhyAddr, RegAddr, PhyReg0);
  ^
../src/xemacps_example_util.c:750:2: warning: format ‘%u’ expects argument of type ‘unsigned int’, but argument 3 has type ‘u32’ [-Wformat=]
../src/xemacps_example_util.c:750:2: warning: format ‘%u’ expects argument of type ‘unsigned int’, but argument 2 has type ‘u32’ [-Wformat=]
../src/xemacps_example_util.c:750:2: warning: format ‘%u’ expects argument of type ‘unsigned int’, but argument 3 has type ‘u32’ [-Wformat=]
../src/xemacps_example_util.c:674:6: warning: unused variable ‘PhyReg1’ [-Wunused-variable]
  u16 PhyReg1  = 0;
      ^
../src/xemacps_example_util.c: In function ‘EmacPsUtilEnterLoopback’:
../src/xemacps_example_util.c:793:4: warning: format ‘%u’ expects argument of type ‘unsigned int’, but argument 2 has type ‘u32’ [-Wformat=]
    printf("phy port %u reg %u : %#010x \n\r",j, i, PhyIdentity);
    ^
../src/xemacps_example_util.c:793:4: warning: format ‘%u’ expects argument of type ‘unsigned int’, but argument 3 has type ‘u32’ [-Wformat=]
../src/xemacps_example_util.c:793:4: warning: format ‘%u’ expects argument of type ‘unsigned int’, but argument 2 has type ‘u32’ [-Wformat=]
../src/xemacps_example_util.c:793:4: warning: format ‘%u’ expects argument of type ‘unsigned int’, but argument 3 has type ‘u32’ [-Wformat=]
Finished building: ../src/xemacps_example_util.c
 
Building target: FASEC_Periph-test.elf
Invoking: ARM v7 gcc linker
arm-none-eabi-gcc -mcpu=cortex-a9 -mfpu=vfpv3 -mfloat-abi=hard -Wl,-build-id=none -specs=Xilinx.spec -Wl,-T -Wl,../src/lscript.ld -L../../standalone_bsp_0/ps7_cortexa9_0/lib -o "FASEC_Periph-test.elf"  ./src/testperiph.o ./src/xdevcfg_selftest_example.o ./src/xdmaps_example_w_intr.o ./src/xemacps_example_intr_dma.o ./src/xemacps_example_util.o ./src/xiicps_selftest_example.o ./src/xqspips_selftest_example.o ./src/xscugic_tapp_example.o ./src/xscutimer_intr_example.o ./src/xscutimer_polled_example.o ./src/xscuwdt_intr_example.o ./src/xttcps_tapp_example.o   -Wl,--start-group,-lxil,-lgcc,-lc,--end-group
Finished building target: FASEC_Periph-test.elf
 
Invoking: ARM v7 Print Size
arm-none-eabi-size FASEC_Periph-test.elf  |tee "FASEC_Periph-test.elf.size"
   text	   data	    bss	    dec	    hex	filename
 129764	   4368	  55376	 189508	  2e444	FASEC_Periph-test.elf
Finished building: FASEC_Periph-test.elf.size
 
18:50:55 **** Incremental Build of configuration Debug for project FASEC_Periph-test ****
make pre-build main-build 
a9-linaro-pre-build-step
 
make: Nothing to be done for 'main-build'.
18:53:08 **** Auto Build of configuration Debug for project FASEC_Periph-test ****
make pre-build main-build 
a9-linaro-pre-build-step
 
Building file: ../src/xemacps_example_util.c
Invoking: ARM v7 gcc compiler
arm-none-eabi-gcc -Wall -O0 -g3 -c -fmessage-length=0 -MT"src/xemacps_example_util.o" -mcpu=cortex-a9 -mfpu=vfpv3 -mfloat-abi=hard -I../../standalone_bsp_0/ps7_cortexa9_0/include -MMD -MP -MF"src/xemacps_example_util.d" -MT"src/xemacps_example_util.o" -o "src/xemacps_example_util.o" "../src/xemacps_example_util.c"
../src/xemacps_example_util.c: In function ‘EmacPsUtilMicrelPhyLoopback’:
../src/xemacps_example_util.c:705:2: warning: format ‘%u’ expects argument of type ‘unsigned int’, but argument 2 has type ‘u32’ [-Wformat=]
  printf("phy port %u reg %u before speed config: %#010x \n\r", PhyAddr, RegAddr, PhyReg0);
  ^
../src/xemacps_example_util.c:705:2: warning: format ‘%u’ expects argument of type ‘unsigned int’, but argument 3 has type ‘u32’ [-Wformat=]
../src/xemacps_example_util.c:705:2: warning: format ‘%u’ expects argument of type ‘unsigned int’, but argument 2 has type ‘u32’ [-Wformat=]
../src/xemacps_example_util.c:705:2: warning: format ‘%u’ expects argument of type ‘unsigned int’, but argument 3 has type ‘u32’ [-Wformat=]
../src/xemacps_example_util.c:723:2: warning: format ‘%u’ expects argument of type ‘unsigned int’, but argument 2 has type ‘u32’ [-Wformat=]
  printf("phy port %u reg %u after reset: %#010x \n\r", PhyAddr, RegAddr, PhyReg0);
  ^
../src/xemacps_example_util.c:723:2: warning: format ‘%u’ expects argument of type ‘unsigned int’, but argument 3 has type ‘u32’ [-Wformat=]
../src/xemacps_example_util.c:723:2: warning: format ‘%u’ expects argument of type ‘unsigned int’, but argument 2 has type ‘u32’ [-Wformat=]
../src/xemacps_example_util.c:723:2: warning: format ‘%u’ expects argument of type ‘unsigned int’, but argument 3 has type ‘u32’ [-Wformat=]
../src/xemacps_example_util.c:745:2: warning: format ‘%u’ expects argument of type ‘unsigned int’, but argument 2 has type ‘u32’ [-Wformat=]
  printf("written phy port %u reg 0x0 : %#010x \n\r", i, PhyReg0);
  ^
../src/xemacps_example_util.c:745:2: warning: format ‘%u’ expects argument of type ‘unsigned int’, but argument 2 has type ‘u32’ [-Wformat=]
../src/xemacps_example_util.c:751:2: warning: format ‘%u’ expects argument of type ‘unsigned int’, but argument 2 has type ‘u32’ [-Wformat=]
  printf("phy port %u reg %u : %#010x \n\r", PhyAddr, RegAddr, PhyReg0);
  ^
../src/xemacps_example_util.c:751:2: warning: format ‘%u’ expects argument of type ‘unsigned int’, but argument 3 has type ‘u32’ [-Wformat=]
../src/xemacps_example_util.c:751:2: warning: format ‘%u’ expects argument of type ‘unsigned int’, but argument 2 has type ‘u32’ [-Wformat=]
../src/xemacps_example_util.c:751:2: warning: format ‘%u’ expects argument of type ‘unsigned int’, but argument 3 has type ‘u32’ [-Wformat=]
../src/xemacps_example_util.c:674:6: warning: unused variable ‘PhyReg1’ [-Wunused-variable]
  u16 PhyReg1  = 0;
      ^
../src/xemacps_example_util.c: In function ‘EmacPsUtilEnterLoopback’:
../src/xemacps_example_util.c:794:4: warning: format ‘%u’ expects argument of type ‘unsigned int’, but argument 2 has type ‘u32’ [-Wformat=]
    printf("phy port %u reg %u : %#010x \n\r",j, i, PhyIdentity);
    ^
../src/xemacps_example_util.c:794:4: warning: format ‘%u’ expects argument of type ‘unsigned int’, but argument 3 has type ‘u32’ [-Wformat=]
../src/xemacps_example_util.c:794:4: warning: format ‘%u’ expects argument of type ‘unsigned int’, but argument 2 has type ‘u32’ [-Wformat=]
../src/xemacps_example_util.c:794:4: warning: format ‘%u’ expects argument of type ‘unsigned int’, but argument 3 has type ‘u32’ [-Wformat=]
Finished building: ../src/xemacps_example_util.c
 
Building target: FASEC_Periph-test.elf
Invoking: ARM v7 gcc linker
arm-none-eabi-gcc -mcpu=cortex-a9 -mfpu=vfpv3 -mfloat-abi=hard -Wl,-build-id=none -specs=Xilinx.spec -Wl,-T -Wl,../src/lscript.ld -L../../standalone_bsp_0/ps7_cortexa9_0/lib -o "FASEC_Periph-test.elf"  ./src/testperiph.o ./src/xdevcfg_selftest_example.o ./src/xdmaps_example_w_intr.o ./src/xemacps_example_intr_dma.o ./src/xemacps_example_util.o ./src/xiicps_selftest_example.o ./src/xqspips_selftest_example.o ./src/xscugic_tapp_example.o ./src/xscutimer_intr_example.o ./src/xscutimer_polled_example.o ./src/xscuwdt_intr_example.o ./src/xttcps_tapp_example.o   -Wl,--start-group,-lxil,-lgcc,-lc,--end-group
Finished building target: FASEC_Periph-test.elf
 
Invoking: ARM v7 Print Size
arm-none-eabi-size FASEC_Periph-test.elf  |tee "FASEC_Periph-test.elf.size"
   text	   data	    bss	    dec	    hex	filename
 129884	   4368	  55376	 189628	  2e4bc	FASEC_Periph-test.elf
Finished building: FASEC_Periph-test.elf.size
 
18:53:22 **** Auto Build of configuration Debug for project FASEC_Periph-test ****
make pre-build main-build 
a9-linaro-pre-build-step
 
Building file: ../src/xemacps_example_util.c
Invoking: ARM v7 gcc compiler
arm-none-eabi-gcc -Wall -O0 -g3 -c -fmessage-length=0 -MT"src/xemacps_example_util.o" -mcpu=cortex-a9 -mfpu=vfpv3 -mfloat-abi=hard -I../../standalone_bsp_0/ps7_cortexa9_0/include -MMD -MP -MF"src/xemacps_example_util.d" -MT"src/xemacps_example_util.o" -o "src/xemacps_example_util.o" "../src/xemacps_example_util.c"
../src/xemacps_example_util.c: In function ‘EmacPsUtilMicrelPhyLoopback’:
../src/xemacps_example_util.c:705:2: warning: format ‘%u’ expects argument of type ‘unsigned int’, but argument 2 has type ‘u32’ [-Wformat=]
  printf("phy port %u reg %u before speed config: %#010x \n\r", PhyAddr, RegAddr, PhyReg0);
  ^
../src/xemacps_example_util.c:705:2: warning: format ‘%u’ expects argument of type ‘unsigned int’, but argument 3 has type ‘u32’ [-Wformat=]
../src/xemacps_example_util.c:705:2: warning: format ‘%u’ expects argument of type ‘unsigned int’, but argument 2 has type ‘u32’ [-Wformat=]
../src/xemacps_example_util.c:705:2: warning: format ‘%u’ expects argument of type ‘unsigned int’, but argument 3 has type ‘u32’ [-Wformat=]
../src/xemacps_example_util.c:723:2: warning: format ‘%u’ expects argument of type ‘unsigned int’, but argument 2 has type ‘u32’ [-Wformat=]
  printf("phy port %u reg %u after reset: %#010x \n\r", PhyAddr, RegAddr, PhyReg0);
  ^
../src/xemacps_example_util.c:723:2: warning: format ‘%u’ expects argument of type ‘unsigned int’, but argument 3 has type ‘u32’ [-Wformat=]
../src/xemacps_example_util.c:723:2: warning: format ‘%u’ expects argument of type ‘unsigned int’, but argument 2 has type ‘u32’ [-Wformat=]
../src/xemacps_example_util.c:723:2: warning: format ‘%u’ expects argument of type ‘unsigned int’, but argument 3 has type ‘u32’ [-Wformat=]
../src/xemacps_example_util.c:745:2: warning: format ‘%u’ expects argument of type ‘unsigned int’, but argument 2 has type ‘u32’ [-Wformat=]
  printf("written phy port %u reg 0x0 : %#010x \n\r", i, PhyReg0);
  ^
../src/xemacps_example_util.c:745:2: warning: format ‘%u’ expects argument of type ‘unsigned int’, but argument 2 has type ‘u32’ [-Wformat=]
../src/xemacps_example_util.c:751:2: warning: format ‘%u’ expects argument of type ‘unsigned int’, but argument 2 has type ‘u32’ [-Wformat=]
  printf("phy port %u reg %u : %#010x \n\r", PhyAddr, RegAddr, PhyReg0);
  ^
../src/xemacps_example_util.c:751:2: warning: format ‘%u’ expects argument of type ‘unsigned int’, but argument 3 has type ‘u32’ [-Wformat=]
../src/xemacps_example_util.c:751:2: warning: format ‘%u’ expects argument of type ‘unsigned int’, but argument 2 has type ‘u32’ [-Wformat=]
../src/xemacps_example_util.c:751:2: warning: format ‘%u’ expects argument of type ‘unsigned int’, but argument 3 has type ‘u32’ [-Wformat=]
../src/xemacps_example_util.c:674:6: warning: unused variable ‘PhyReg1’ [-Wunused-variable]
  u16 PhyReg1  = 0;
      ^
../src/xemacps_example_util.c: In function ‘EmacPsUtilEnterLoopback’:
../src/xemacps_example_util.c:794:4: warning: format ‘%u’ expects argument of type ‘unsigned int’, but argument 2 has type ‘u32’ [-Wformat=]
    printf("phy port %u reg %u : %#010x \n\r",j, i, PhyIdentity);
    ^
../src/xemacps_example_util.c:794:4: warning: format ‘%u’ expects argument of type ‘unsigned int’, but argument 3 has type ‘u32’ [-Wformat=]
../src/xemacps_example_util.c:794:4: warning: format ‘%u’ expects argument of type ‘unsigned int’, but argument 2 has type ‘u32’ [-Wformat=]
../src/xemacps_example_util.c:794:4: warning: format ‘%u’ expects argument of type ‘unsigned int’, but argument 3 has type ‘u32’ [-Wformat=]
Finished building: ../src/xemacps_example_util.c
 
Building target: FASEC_Periph-test.elf
Invoking: ARM v7 gcc linker
arm-none-eabi-gcc -mcpu=cortex-a9 -mfpu=vfpv3 -mfloat-abi=hard -Wl,-build-id=none -specs=Xilinx.spec -Wl,-T -Wl,../src/lscript.ld -L../../standalone_bsp_0/ps7_cortexa9_0/lib -o "FASEC_Periph-test.elf"  ./src/testperiph.o ./src/xdevcfg_selftest_example.o ./src/xdmaps_example_w_intr.o ./src/xemacps_example_intr_dma.o ./src/xemacps_example_util.o ./src/xiicps_selftest_example.o ./src/xqspips_selftest_example.o ./src/xscugic_tapp_example.o ./src/xscutimer_intr_example.o ./src/xscutimer_polled_example.o ./src/xscuwdt_intr_example.o ./src/xttcps_tapp_example.o   -Wl,--start-group,-lxil,-lgcc,-lc,--end-group
Finished building target: FASEC_Periph-test.elf
 
Invoking: ARM v7 Print Size
arm-none-eabi-size FASEC_Periph-test.elf  |tee "FASEC_Periph-test.elf.size"
   text	   data	    bss	    dec	    hex	filename
 129884	   4368	  55376	 189628	  2e4bc	FASEC_Periph-test.elf
Finished building: FASEC_Periph-test.elf.size
 
18:54:08 **** Auto Build of configuration Debug for project FASEC_Periph-test ****
make pre-build main-build 
a9-linaro-pre-build-step
 
Building file: ../src/xemacps_example_util.c
Invoking: ARM v7 gcc compiler
arm-none-eabi-gcc -Wall -O0 -g3 -c -fmessage-length=0 -MT"src/xemacps_example_util.o" -mcpu=cortex-a9 -mfpu=vfpv3 -mfloat-abi=hard -I../../standalone_bsp_0/ps7_cortexa9_0/include -MMD -MP -MF"src/xemacps_example_util.d" -MT"src/xemacps_example_util.o" -o "src/xemacps_example_util.o" "../src/xemacps_example_util.c"
../src/xemacps_example_util.c: In function ‘EmacPsUtilMicrelPhyLoopback’:
../src/xemacps_example_util.c:707:2: warning: format ‘%u’ expects argument of type ‘unsigned int’, but argument 2 has type ‘u32’ [-Wformat=]
  printf("phy port %u reg %u before speed config: %#010x \n\r", PhyAddr, RegAddr, test);
  ^
../src/xemacps_example_util.c:707:2: warning: format ‘%u’ expects argument of type ‘unsigned int’, but argument 3 has type ‘u32’ [-Wformat=]
../src/xemacps_example_util.c:707:2: warning: format ‘%u’ expects argument of type ‘unsigned int’, but argument 2 has type ‘u32’ [-Wformat=]
../src/xemacps_example_util.c:707:2: warning: format ‘%u’ expects argument of type ‘unsigned int’, but argument 3 has type ‘u32’ [-Wformat=]
../src/xemacps_example_util.c:725:2: warning: format ‘%u’ expects argument of type ‘unsigned int’, but argument 2 has type ‘u32’ [-Wformat=]
  printf("phy port %u reg %u after reset: %#010x \n\r", PhyAddr, RegAddr, PhyReg0);
  ^
../src/xemacps_example_util.c:725:2: warning: format ‘%u’ expects argument of type ‘unsigned int’, but argument 3 has type ‘u32’ [-Wformat=]
../src/xemacps_example_util.c:725:2: warning: format ‘%u’ expects argument of type ‘unsigned int’, but argument 2 has type ‘u32’ [-Wformat=]
../src/xemacps_example_util.c:725:2: warning: format ‘%u’ expects argument of type ‘unsigned int’, but argument 3 has type ‘u32’ [-Wformat=]
../src/xemacps_example_util.c:747:2: warning: format ‘%u’ expects argument of type ‘unsigned int’, but argument 2 has type ‘u32’ [-Wformat=]
  printf("written phy port %u reg 0x0 : %#010x \n\r", i, PhyReg0);
  ^
../src/xemacps_example_util.c:747:2: warning: format ‘%u’ expects argument of type ‘unsigned int’, but argument 2 has type ‘u32’ [-Wformat=]
../src/xemacps_example_util.c:753:2: warning: format ‘%u’ expects argument of type ‘unsigned int’, but argument 2 has type ‘u32’ [-Wformat=]
  printf("phy port %u reg %u : %#010x \n\r", PhyAddr, RegAddr, PhyReg0);
  ^
../src/xemacps_example_util.c:753:2: warning: format ‘%u’ expects argument of type ‘unsigned int’, but argument 3 has type ‘u32’ [-Wformat=]
../src/xemacps_example_util.c:753:2: warning: format ‘%u’ expects argument of type ‘unsigned int’, but argument 2 has type ‘u32’ [-Wformat=]
../src/xemacps_example_util.c:753:2: warning: format ‘%u’ expects argument of type ‘unsigned int’, but argument 3 has type ‘u32’ [-Wformat=]
../src/xemacps_example_util.c:675:6: warning: unused variable ‘PhyReg1’ [-Wunused-variable]
  u16 PhyReg1  = 0;
      ^
../src/xemacps_example_util.c: In function ‘EmacPsUtilEnterLoopback’:
../src/xemacps_example_util.c:796:4: warning: format ‘%u’ expects argument of type ‘unsigned int’, but argument 2 has type ‘u32’ [-Wformat=]
    printf("phy port %u reg %u : %#010x \n\r",j, i, PhyIdentity);
    ^
../src/xemacps_example_util.c:796:4: warning: format ‘%u’ expects argument of type ‘unsigned int’, but argument 3 has type ‘u32’ [-Wformat=]
../src/xemacps_example_util.c:796:4: warning: format ‘%u’ expects argument of type ‘unsigned int’, but argument 2 has type ‘u32’ [-Wformat=]
../src/xemacps_example_util.c:796:4: warning: format ‘%u’ expects argument of type ‘unsigned int’, but argument 3 has type ‘u32’ [-Wformat=]
Finished building: ../src/xemacps_example_util.c
 
Building target: FASEC_Periph-test.elf
Invoking: ARM v7 gcc linker
arm-none-eabi-gcc -mcpu=cortex-a9 -mfpu=vfpv3 -mfloat-abi=hard -Wl,-build-id=none -specs=Xilinx.spec -Wl,-T -Wl,../src/lscript.ld -L../../standalone_bsp_0/ps7_cortexa9_0/lib -o "FASEC_Periph-test.elf"  ./src/testperiph.o ./src/xdevcfg_selftest_example.o ./src/xdmaps_example_w_intr.o ./src/xemacps_example_intr_dma.o ./src/xemacps_example_util.o ./src/xiicps_selftest_example.o ./src/xqspips_selftest_example.o ./src/xscugic_tapp_example.o ./src/xscutimer_intr_example.o ./src/xscutimer_polled_example.o ./src/xscuwdt_intr_example.o ./src/xttcps_tapp_example.o   -Wl,--start-group,-lxil,-lgcc,-lc,--end-group
Finished building target: FASEC_Periph-test.elf
 
Invoking: ARM v7 Print Size
arm-none-eabi-size FASEC_Periph-test.elf  |tee "FASEC_Periph-test.elf.size"
   text	   data	    bss	    dec	    hex	filename
 129884	   4368	  55376	 189628	  2e4bc	FASEC_Periph-test.elf
Finished building: FASEC_Periph-test.elf.size
 
18:54:12 **** Incremental Build of configuration Debug for project FASEC_Periph-test ****
make pre-build main-build 
a9-linaro-pre-build-step
 
make: Nothing to be done for 'main-build'.
18:55:37 **** Incremental Build of configuration Debug for project FASEC_Periph-test ****
make pre-build main-build 
a9-linaro-pre-build-step
 
make: Nothing to be done for 'main-build'.
18:56:31 **** Auto Build of configuration Debug for project FASEC_Periph-test ****
make pre-build main-build 
a9-linaro-pre-build-step
 
Building file: ../src/xemacps_example_util.c
Invoking: ARM v7 gcc compiler
arm-none-eabi-gcc -Wall -O0 -g3 -c -fmessage-length=0 -MT"src/xemacps_example_util.o" -mcpu=cortex-a9 -mfpu=vfpv3 -mfloat-abi=hard -I../../standalone_bsp_0/ps7_cortexa9_0/include -MMD -MP -MF"src/xemacps_example_util.d" -MT"src/xemacps_example_util.o" -o "src/xemacps_example_util.o" "../src/xemacps_example_util.c"
../src/xemacps_example_util.c: In function ‘EmacPsUtilMicrelPhyLoopback’:
../src/xemacps_example_util.c:707:2: warning: format ‘%u’ expects argument of type ‘unsigned int’, but argument 2 has type ‘u32’ [-Wformat=]
  printf("phy port %u reg %u before speed config: %#010x \n\r", PhyAddr, RegAddr, test);
  ^
../src/xemacps_example_util.c:707:2: warning: format ‘%u’ expects argument of type ‘unsigned int’, but argument 3 has type ‘u32’ [-Wformat=]
../src/xemacps_example_util.c:707:2: warning: format ‘%u’ expects argument of type ‘unsigned int’, but argument 2 has type ‘u32’ [-Wformat=]
../src/xemacps_example_util.c:707:2: warning: format ‘%u’ expects argument of type ‘unsigned int’, but argument 3 has type ‘u32’ [-Wformat=]
../src/xemacps_example_util.c:725:2: warning: format ‘%u’ expects argument of type ‘unsigned int’, but argument 2 has type ‘u32’ [-Wformat=]
  printf("phy port %u reg %u after reset: %#010x \n\r", PhyAddr, RegAddr, PhyReg0);
  ^
../src/xemacps_example_util.c:725:2: warning: format ‘%u’ expects argument of type ‘unsigned int’, but argument 3 has type ‘u32’ [-Wformat=]
../src/xemacps_example_util.c:725:2: warning: format ‘%u’ expects argument of type ‘unsigned int’, but argument 2 has type ‘u32’ [-Wformat=]
../src/xemacps_example_util.c:725:2: warning: format ‘%u’ expects argument of type ‘unsigned int’, but argument 3 has type ‘u32’ [-Wformat=]
../src/xemacps_example_util.c:738:2: warning: format ‘%u’ expects argument of type ‘unsigned int’, but argument 2 has type ‘u32’ [-Wformat=]
  printf("phy port %u reg 0x1f before write: %#010x \n\r", PortAddr, PhyReg1);
  ^
../src/xemacps_example_util.c:738:2: warning: format ‘%u’ expects argument of type ‘unsigned int’, but argument 2 has type ‘u32’ [-Wformat=]
../src/xemacps_example_util.c:741:2: warning: format ‘%u’ expects argument of type ‘unsigned int’, but argument 2 has type ‘u32’ [-Wformat=]
  printf("phy port %u reg 0x1f : %#010x \n\r", PortAddr, PhyReg1);
  ^
../src/xemacps_example_util.c:741:2: warning: format ‘%u’ expects argument of type ‘unsigned int’, but argument 2 has type ‘u32’ [-Wformat=]
../src/xemacps_example_util.c: In function ‘EmacPsUtilEnterLoopback’:
../src/xemacps_example_util.c:796:4: warning: format ‘%u’ expects argument of type ‘unsigned int’, but argument 2 has type ‘u32’ [-Wformat=]
    printf("phy port %u reg %u : %#010x \n\r",j, i, PhyIdentity);
    ^
../src/xemacps_example_util.c:796:4: warning: format ‘%u’ expects argument of type ‘unsigned int’, but argument 3 has type ‘u32’ [-Wformat=]
../src/xemacps_example_util.c:796:4: warning: format ‘%u’ expects argument of type ‘unsigned int’, but argument 2 has type ‘u32’ [-Wformat=]
../src/xemacps_example_util.c:796:4: warning: format ‘%u’ expects argument of type ‘unsigned int’, but argument 3 has type ‘u32’ [-Wformat=]
Finished building: ../src/xemacps_example_util.c
 
Building target: FASEC_Periph-test.elf
Invoking: ARM v7 gcc linker
arm-none-eabi-gcc -mcpu=cortex-a9 -mfpu=vfpv3 -mfloat-abi=hard -Wl,-build-id=none -specs=Xilinx.spec -Wl,-T -Wl,../src/lscript.ld -L../../standalone_bsp_0/ps7_cortexa9_0/lib -o "FASEC_Periph-test.elf"  ./src/testperiph.o ./src/xdevcfg_selftest_example.o ./src/xdmaps_example_w_intr.o ./src/xemacps_example_intr_dma.o ./src/xemacps_example_util.o ./src/xiicps_selftest_example.o ./src/xqspips_selftest_example.o ./src/xscugic_tapp_example.o ./src/xscutimer_intr_example.o ./src/xscutimer_polled_example.o ./src/xscuwdt_intr_example.o ./src/xttcps_tapp_example.o   -Wl,--start-group,-lxil,-lgcc,-lc,--end-group
Finished building target: FASEC_Periph-test.elf
 
Invoking: ARM v7 Print Size
arm-none-eabi-size FASEC_Periph-test.elf  |tee "FASEC_Periph-test.elf.size"
   text	   data	    bss	    dec	    hex	filename
 129900	   4368	  55376	 189644	  2e4cc	FASEC_Periph-test.elf
Finished building: FASEC_Periph-test.elf.size
 
18:56:36 **** Incremental Build of configuration Debug for project FASEC_Periph-test ****
make pre-build main-build 
a9-linaro-pre-build-step
 
make: Nothing to be done for 'main-build'.
13:27:28 **** Auto Build of configuration Debug for project FASEC_Periph-test ****
make pre-build main-build 
a9-linaro-pre-build-step
 
Building file: ../src/xemacps_example_intr_dma.c
Invoking: ARM v7 gcc compiler
arm-none-eabi-gcc -Wall -O0 -g3 -c -fmessage-length=0 -MT"src/xemacps_example_intr_dma.o" -mcpu=cortex-a9 -mfpu=vfpv3 -mfloat-abi=hard -I../../standalone_bsp_0/ps7_cortexa9_0/include -MMD -MP -MF"src/xemacps_example_intr_dma.d" -MT"src/xemacps_example_intr_dma.o" -o "src/xemacps_example_intr_dma.o" "../src/xemacps_example_intr_dma.c"
../src/xemacps_example_intr_dma.c: In function ‘XEmacPsClkSetup’:
../src/xemacps_example_intr_dma.c:1294:6: warning: unused variable ‘CrlApbClkCntrl’ [-Wunused-variable]
  u32 CrlApbClkCntrl;
      ^
Finished building: ../src/xemacps_example_intr_dma.c
 
Building target: FASEC_Periph-test.elf
Invoking: ARM v7 gcc linker
arm-none-eabi-gcc -mcpu=cortex-a9 -mfpu=vfpv3 -mfloat-abi=hard -Wl,-build-id=none -specs=Xilinx.spec -Wl,-T -Wl,../src/lscript.ld -L../../standalone_bsp_0/ps7_cortexa9_0/lib -o "FASEC_Periph-test.elf"  ./src/testperiph.o ./src/xdevcfg_selftest_example.o ./src/xdmaps_example_w_intr.o ./src/xemacps_example_intr_dma.o ./src/xemacps_example_util.o ./src/xiicps_selftest_example.o ./src/xqspips_selftest_example.o ./src/xscugic_tapp_example.o ./src/xscutimer_intr_example.o ./src/xscutimer_polled_example.o ./src/xscuwdt_intr_example.o ./src/xttcps_tapp_example.o   -Wl,--start-group,-lxil,-lgcc,-lc,--end-group
Finished building target: FASEC_Periph-test.elf
 
Invoking: ARM v7 Print Size
arm-none-eabi-size FASEC_Periph-test.elf  |tee "FASEC_Periph-test.elf.size"
   text	   data	    bss	    dec	    hex	filename
 129900	   4368	  55376	 189644	  2e4cc	FASEC_Periph-test.elf
Finished building: FASEC_Periph-test.elf.size
 
13:27:49 **** Incremental Build of configuration Debug for project FASEC_Periph-test ****
make pre-build main-build 
a9-linaro-pre-build-step
 
make: Nothing to be done for 'main-build'.
13:28:56 **** Auto Build of configuration Debug for project FASEC_Periph-test ****
make pre-build main-build 
a9-linaro-pre-build-step
 
Building file: ../src/xemacps_example_util.c
Invoking: ARM v7 gcc compiler
arm-none-eabi-gcc -Wall -O0 -g3 -c -fmessage-length=0 -MT"src/xemacps_example_util.o" -mcpu=cortex-a9 -mfpu=vfpv3 -mfloat-abi=hard -I../../standalone_bsp_0/ps7_cortexa9_0/include -MMD -MP -MF"src/xemacps_example_util.d" -MT"src/xemacps_example_util.o" -o "src/xemacps_example_util.o" "../src/xemacps_example_util.c"
../src/xemacps_example_util.c: In function ‘EmacPsUtilMicrelPhyLoopback’:
../src/xemacps_example_util.c:707:2: warning: format ‘%u’ expects argument of type ‘unsigned int’, but argument 2 has type ‘u32’ [-Wformat=]
  printf("phy port %u reg %u before speed config: %#010x \n\r", PhyAddr, RegAddr, test);
  ^
../src/xemacps_example_util.c:707:2: warning: format ‘%u’ expects argument of type ‘unsigned int’, but argument 3 has type ‘u32’ [-Wformat=]
../src/xemacps_example_util.c:707:2: warning: format ‘%u’ expects argument of type ‘unsigned int’, but argument 2 has type ‘u32’ [-Wformat=]
../src/xemacps_example_util.c:707:2: warning: format ‘%u’ expects argument of type ‘unsigned int’, but argument 3 has type ‘u32’ [-Wformat=]
../src/xemacps_example_util.c:725:2: warning: format ‘%u’ expects argument of type ‘unsigned int’, but argument 2 has type ‘u32’ [-Wformat=]
  printf("phy port %u reg %u after reset: %#010x \n\r", PhyAddr, RegAddr, PhyReg0);
  ^
../src/xemacps_example_util.c:725:2: warning: format ‘%u’ expects argument of type ‘unsigned int’, but argument 3 has type ‘u32’ [-Wformat=]
../src/xemacps_example_util.c:725:2: warning: format ‘%u’ expects argument of type ‘unsigned int’, but argument 2 has type ‘u32’ [-Wformat=]
../src/xemacps_example_util.c:725:2: warning: format ‘%u’ expects argument of type ‘unsigned int’, but argument 3 has type ‘u32’ [-Wformat=]
../src/xemacps_example_util.c:747:2: warning: format ‘%u’ expects argument of type ‘unsigned int’, but argument 2 has type ‘u32’ [-Wformat=]
  printf("written phy port %u reg 0x0 : %#010x \n\r", i, PhyReg0);
  ^
../src/xemacps_example_util.c:747:2: warning: format ‘%u’ expects argument of type ‘unsigned int’, but argument 2 has type ‘u32’ [-Wformat=]
../src/xemacps_example_util.c:753:2: warning: format ‘%u’ expects argument of type ‘unsigned int’, but argument 2 has type ‘u32’ [-Wformat=]
  printf("phy port %u reg %u : %#010x \n\r", PhyAddr, RegAddr, PhyReg0);
  ^
../src/xemacps_example_util.c:753:2: warning: format ‘%u’ expects argument of type ‘unsigned int’, but argument 3 has type ‘u32’ [-Wformat=]
../src/xemacps_example_util.c:753:2: warning: format ‘%u’ expects argument of type ‘unsigned int’, but argument 2 has type ‘u32’ [-Wformat=]
../src/xemacps_example_util.c:753:2: warning: format ‘%u’ expects argument of type ‘unsigned int’, but argument 3 has type ‘u32’ [-Wformat=]
../src/xemacps_example_util.c:675:6: warning: unused variable ‘PhyReg1’ [-Wunused-variable]
  u16 PhyReg1  = 0;
      ^
../src/xemacps_example_util.c: In function ‘EmacPsUtilEnterLoopback’:
../src/xemacps_example_util.c:796:4: warning: format ‘%u’ expects argument of type ‘unsigned int’, but argument 2 has type ‘u32’ [-Wformat=]
    printf("phy port %u reg %u : %#010x \n\r",j, i, PhyIdentity);
    ^
../src/xemacps_example_util.c:796:4: warning: format ‘%u’ expects argument of type ‘unsigned int’, but argument 3 has type ‘u32’ [-Wformat=]
../src/xemacps_example_util.c:796:4: warning: format ‘%u’ expects argument of type ‘unsigned int’, but argument 2 has type ‘u32’ [-Wformat=]
../src/xemacps_example_util.c:796:4: warning: format ‘%u’ expects argument of type ‘unsigned int’, but argument 3 has type ‘u32’ [-Wformat=]
Finished building: ../src/xemacps_example_util.c
 
Building target: FASEC_Periph-test.elf
Invoking: ARM v7 gcc linker
arm-none-eabi-gcc -mcpu=cortex-a9 -mfpu=vfpv3 -mfloat-abi=hard -Wl,-build-id=none -specs=Xilinx.spec -Wl,-T -Wl,../src/lscript.ld -L../../standalone_bsp_0/ps7_cortexa9_0/lib -o "FASEC_Periph-test.elf"  ./src/testperiph.o ./src/xdevcfg_selftest_example.o ./src/xdmaps_example_w_intr.o ./src/xemacps_example_intr_dma.o ./src/xemacps_example_util.o ./src/xiicps_selftest_example.o ./src/xqspips_selftest_example.o ./src/xscugic_tapp_example.o ./src/xscutimer_intr_example.o ./src/xscutimer_polled_example.o ./src/xscuwdt_intr_example.o ./src/xttcps_tapp_example.o   -Wl,--start-group,-lxil,-lgcc,-lc,--end-group
Finished building target: FASEC_Periph-test.elf
 
Invoking: ARM v7 Print Size
arm-none-eabi-size FASEC_Periph-test.elf  |tee "FASEC_Periph-test.elf.size"
   text	   data	    bss	    dec	    hex	filename
 129884	   4368	  55376	 189628	  2e4bc	FASEC_Periph-test.elf
Finished building: FASEC_Periph-test.elf.size
 
13:29:01 **** Incremental Build of configuration Debug for project FASEC_Periph-test ****
make pre-build main-build 
a9-linaro-pre-build-step
 
make: Nothing to be done for 'main-build'.
13:33:05 **** Incremental Build of configuration Debug for project FASEC_Periph-test ****
make pre-build main-build 
a9-linaro-pre-build-step
 
make: Nothing to be done for 'main-build'.
13:36:28 **** Incremental Build of configuration Debug for project FASEC_Periph-test ****
make pre-build main-build 
a9-linaro-pre-build-step
 
make: Nothing to be done for 'main-build'.
13:39:16 **** Auto Build of configuration Debug for project FASEC_Periph-test ****
make pre-build main-build 
a9-linaro-pre-build-step
 
Building file: ../src/xemacps_example_util.c
Invoking: ARM v7 gcc compiler
arm-none-eabi-gcc -Wall -O0 -g3 -c -fmessage-length=0 -MT"src/xemacps_example_util.o" -mcpu=cortex-a9 -mfpu=vfpv3 -mfloat-abi=hard -I../../standalone_bsp_0/ps7_cortexa9_0/include -MMD -MP -MF"src/xemacps_example_util.d" -MT"src/xemacps_example_util.o" -o "src/xemacps_example_util.o" "../src/xemacps_example_util.c"
../src/xemacps_example_util.c: In function ‘EmacPsUtilMicrelPhyLoopback’:
../src/xemacps_example_util.c:707:2: warning: format ‘%u’ expects argument of type ‘unsigned int’, but argument 2 has type ‘u32’ [-Wformat=]
  printf("phy port %u reg %u before speed config: %#010x \n\r", PhyAddr, RegAddr, test);
  ^
../src/xemacps_example_util.c:707:2: warning: format ‘%u’ expects argument of type ‘unsigned int’, but argument 3 has type ‘u32’ [-Wformat=]
../src/xemacps_example_util.c:707:2: warning: format ‘%u’ expects argument of type ‘unsigned int’, but argument 2 has type ‘u32’ [-Wformat=]
../src/xemacps_example_util.c:707:2: warning: format ‘%u’ expects argument of type ‘unsigned int’, but argument 3 has type ‘u32’ [-Wformat=]
../src/xemacps_example_util.c:725:2: warning: format ‘%u’ expects argument of type ‘unsigned int’, but argument 2 has type ‘u32’ [-Wformat=]
  printf("phy port %u reg %u after reset: %#010x \n\r", PhyAddr, RegAddr, PhyReg0);
  ^
../src/xemacps_example_util.c:725:2: warning: format ‘%u’ expects argument of type ‘unsigned int’, but argument 3 has type ‘u32’ [-Wformat=]
../src/xemacps_example_util.c:725:2: warning: format ‘%u’ expects argument of type ‘unsigned int’, but argument 2 has type ‘u32’ [-Wformat=]
../src/xemacps_example_util.c:725:2: warning: format ‘%u’ expects argument of type ‘unsigned int’, but argument 3 has type ‘u32’ [-Wformat=]
../src/xemacps_example_util.c:747:2: warning: format ‘%u’ expects argument of type ‘unsigned int’, but argument 2 has type ‘u32’ [-Wformat=]
  printf("written phy port %u reg 0x0 : %#010x \n\r", i, PhyReg0);
  ^
../src/xemacps_example_util.c:747:2: warning: format ‘%u’ expects argument of type ‘unsigned int’, but argument 2 has type ‘u32’ [-Wformat=]
../src/xemacps_example_util.c:753:2: warning: format ‘%u’ expects argument of type ‘unsigned int’, but argument 2 has type ‘u32’ [-Wformat=]
  printf("phy port %u reg %u : %#010x \n\r", PhyAddr, RegAddr, PhyReg0);
  ^
../src/xemacps_example_util.c:753:2: warning: format ‘%u’ expects argument of type ‘unsigned int’, but argument 3 has type ‘u32’ [-Wformat=]
../src/xemacps_example_util.c:753:2: warning: format ‘%u’ expects argument of type ‘unsigned int’, but argument 2 has type ‘u32’ [-Wformat=]
../src/xemacps_example_util.c:753:2: warning: format ‘%u’ expects argument of type ‘unsigned int’, but argument 3 has type ‘u32’ [-Wformat=]
../src/xemacps_example_util.c:675:6: warning: unused variable ‘PhyReg1’ [-Wunused-variable]
  u16 PhyReg1  = 0;
      ^
../src/xemacps_example_util.c: In function ‘EmacPsUtilEnterLoopback’:
../src/xemacps_example_util.c:796:4: warning: format ‘%u’ expects argument of type ‘unsigned int’, but argument 2 has type ‘u32’ [-Wformat=]
    printf("phy port %u reg %u : %#010x \n\r",j, i, PhyIdentity);
    ^
../src/xemacps_example_util.c:796:4: warning: format ‘%u’ expects argument of type ‘unsigned int’, but argument 3 has type ‘u32’ [-Wformat=]
../src/xemacps_example_util.c:796:4: warning: format ‘%u’ expects argument of type ‘unsigned int’, but argument 2 has type ‘u32’ [-Wformat=]
../src/xemacps_example_util.c:796:4: warning: format ‘%u’ expects argument of type ‘unsigned int’, but argument 3 has type ‘u32’ [-Wformat=]
Finished building: ../src/xemacps_example_util.c
 
Building target: FASEC_Periph-test.elf
Invoking: ARM v7 gcc linker
arm-none-eabi-gcc -mcpu=cortex-a9 -mfpu=vfpv3 -mfloat-abi=hard -Wl,-build-id=none -specs=Xilinx.spec -Wl,-T -Wl,../src/lscript.ld -L../../standalone_bsp_0/ps7_cortexa9_0/lib -o "FASEC_Periph-test.elf"  ./src/testperiph.o ./src/xdevcfg_selftest_example.o ./src/xdmaps_example_w_intr.o ./src/xemacps_example_intr_dma.o ./src/xemacps_example_util.o ./src/xiicps_selftest_example.o ./src/xqspips_selftest_example.o ./src/xscugic_tapp_example.o ./src/xscutimer_intr_example.o ./src/xscutimer_polled_example.o ./src/xscuwdt_intr_example.o ./src/xttcps_tapp_example.o   -Wl,--start-group,-lxil,-lgcc,-lc,--end-group
Finished building target: FASEC_Periph-test.elf
 
Invoking: ARM v7 Print Size
arm-none-eabi-size FASEC_Periph-test.elf  |tee "FASEC_Periph-test.elf.size"
   text	   data	    bss	    dec	    hex	filename
 129884	   4368	  55376	 189628	  2e4bc	FASEC_Periph-test.elf
Finished building: FASEC_Periph-test.elf.size
 
13:39:53 **** Auto Build of configuration Debug for project FASEC_Periph-test ****
make pre-build main-build 
a9-linaro-pre-build-step
 
Building file: ../src/xemacps_example_util.c
Invoking: ARM v7 gcc compiler
arm-none-eabi-gcc -Wall -O0 -g3 -c -fmessage-length=0 -MT"src/xemacps_example_util.o" -mcpu=cortex-a9 -mfpu=vfpv3 -mfloat-abi=hard -I../../standalone_bsp_0/ps7_cortexa9_0/include -MMD -MP -MF"src/xemacps_example_util.d" -MT"src/xemacps_example_util.o" -o "src/xemacps_example_util.o" "../src/xemacps_example_util.c"
../src/xemacps_example_util.c: In function ‘EmacPsUtilMicrelPhyLoopback’:
../src/xemacps_example_util.c:707:2: warning: format ‘%u’ expects argument of type ‘unsigned int’, but argument 2 has type ‘u32’ [-Wformat=]
  printf("phy port %u reg %u before speed config: %#010x \n\r", PhyAddr, RegAddr, test);
  ^
../src/xemacps_example_util.c:707:2: warning: format ‘%u’ expects argument of type ‘unsigned int’, but argument 3 has type ‘u32’ [-Wformat=]
../src/xemacps_example_util.c:707:2: warning: format ‘%u’ expects argument of type ‘unsigned int’, but argument 2 has type ‘u32’ [-Wformat=]
../src/xemacps_example_util.c:707:2: warning: format ‘%u’ expects argument of type ‘unsigned int’, but argument 3 has type ‘u32’ [-Wformat=]
../src/xemacps_example_util.c:725:2: warning: format ‘%u’ expects argument of type ‘unsigned int’, but argument 2 has type ‘u32’ [-Wformat=]
  printf("phy port %u reg %u after reset: %#010x \n\r", PhyAddr, RegAddr, PhyReg0);
  ^
../src/xemacps_example_util.c:725:2: warning: format ‘%u’ expects argument of type ‘unsigned int’, but argument 3 has type ‘u32’ [-Wformat=]
../src/xemacps_example_util.c:725:2: warning: format ‘%u’ expects argument of type ‘unsigned int’, but argument 2 has type ‘u32’ [-Wformat=]
../src/xemacps_example_util.c:725:2: warning: format ‘%u’ expects argument of type ‘unsigned int’, but argument 3 has type ‘u32’ [-Wformat=]
../src/xemacps_example_util.c:747:2: warning: format ‘%u’ expects argument of type ‘unsigned int’, but argument 2 has type ‘u32’ [-Wformat=]
  printf("written phy port %u reg 0x0 : %#010x \n\r", i, PhyReg0);
  ^
../src/xemacps_example_util.c:747:2: warning: format ‘%u’ expects argument of type ‘unsigned int’, but argument 2 has type ‘u32’ [-Wformat=]
../src/xemacps_example_util.c:753:2: warning: format ‘%u’ expects argument of type ‘unsigned int’, but argument 2 has type ‘u32’ [-Wformat=]
  printf("phy port %u reg %u : %#010x \n\r", PhyAddr, RegAddr, PhyReg0);
  ^
../src/xemacps_example_util.c:753:2: warning: format ‘%u’ expects argument of type ‘unsigned int’, but argument 3 has type ‘u32’ [-Wformat=]
../src/xemacps_example_util.c:753:2: warning: format ‘%u’ expects argument of type ‘unsigned int’, but argument 2 has type ‘u32’ [-Wformat=]
../src/xemacps_example_util.c:753:2: warning: format ‘%u’ expects argument of type ‘unsigned int’, but argument 3 has type ‘u32’ [-Wformat=]
../src/xemacps_example_util.c:675:6: warning: unused variable ‘PhyReg1’ [-Wunused-variable]
  u16 PhyReg1  = 0;
      ^
../src/xemacps_example_util.c: In function ‘EmacPsUtilEnterLoopback’:
../src/xemacps_example_util.c:796:4: warning: format ‘%u’ expects argument of type ‘unsigned int’, but argument 2 has type ‘u32’ [-Wformat=]
    printf("phy port %u reg %u : %#010x \n\r",j, i, PhyIdentity);
    ^
../src/xemacps_example_util.c:796:4: warning: format ‘%u’ expects argument of type ‘unsigned int’, but argument 3 has type ‘u32’ [-Wformat=]
../src/xemacps_example_util.c:796:4: warning: format ‘%u’ expects argument of type ‘unsigned int’, but argument 2 has type ‘u32’ [-Wformat=]
../src/xemacps_example_util.c:796:4: warning: format ‘%u’ expects argument of type ‘unsigned int’, but argument 3 has type ‘u32’ [-Wformat=]
Finished building: ../src/xemacps_example_util.c
 
Building target: FASEC_Periph-test.elf
Invoking: ARM v7 gcc linker
arm-none-eabi-gcc -mcpu=cortex-a9 -mfpu=vfpv3 -mfloat-abi=hard -Wl,-build-id=none -specs=Xilinx.spec -Wl,-T -Wl,../src/lscript.ld -L../../standalone_bsp_0/ps7_cortexa9_0/lib -o "FASEC_Periph-test.elf"  ./src/testperiph.o ./src/xdevcfg_selftest_example.o ./src/xdmaps_example_w_intr.o ./src/xemacps_example_intr_dma.o ./src/xemacps_example_util.o ./src/xiicps_selftest_example.o ./src/xqspips_selftest_example.o ./src/xscugic_tapp_example.o ./src/xscutimer_intr_example.o ./src/xscutimer_polled_example.o ./src/xscuwdt_intr_example.o ./src/xttcps_tapp_example.o   -Wl,--start-group,-lxil,-lgcc,-lc,--end-group
Finished building target: FASEC_Periph-test.elf
 
Invoking: ARM v7 Print Size
arm-none-eabi-size FASEC_Periph-test.elf  |tee "FASEC_Periph-test.elf.size"
   text	   data	    bss	    dec	    hex	filename
 129884	   4368	  55376	 189628	  2e4bc	FASEC_Periph-test.elf
Finished building: FASEC_Periph-test.elf.size
 
13:39:57 **** Incremental Build of configuration Debug for project FASEC_Periph-test ****
make pre-build main-build 
a9-linaro-pre-build-step
 
make: Nothing to be done for 'main-build'.
13:40:58 **** Incremental Build of configuration Debug for project FASEC_Periph-test ****
make pre-build main-build 
a9-linaro-pre-build-step
 
make: Nothing to be done for 'main-build'.
13:42:09 **** Auto Build of configuration Debug for project FASEC_Periph-test ****
make pre-build main-build 
a9-linaro-pre-build-step
 
Building file: ../src/xemacps_example_util.c
Invoking: ARM v7 gcc compiler
arm-none-eabi-gcc -Wall -O0 -g3 -c -fmessage-length=0 -MT"src/xemacps_example_util.o" -mcpu=cortex-a9 -mfpu=vfpv3 -mfloat-abi=hard -I../../standalone_bsp_0/ps7_cortexa9_0/include -MMD -MP -MF"src/xemacps_example_util.d" -MT"src/xemacps_example_util.o" -o "src/xemacps_example_util.o" "../src/xemacps_example_util.c"
../src/xemacps_example_util.c: In function ‘EmacPsUtilMicrelPhyLoopback’:
../src/xemacps_example_util.c:707:2: warning: format ‘%u’ expects argument of type ‘unsigned int’, but argument 2 has type ‘u32’ [-Wformat=]
  printf("phy port %u reg %u before speed config: %#010x \n\r", PhyAddr, RegAddr, test);
  ^
../src/xemacps_example_util.c:707:2: warning: format ‘%u’ expects argument of type ‘unsigned int’, but argument 3 has type ‘u32’ [-Wformat=]
../src/xemacps_example_util.c:707:2: warning: format ‘%u’ expects argument of type ‘unsigned int’, but argument 2 has type ‘u32’ [-Wformat=]
../src/xemacps_example_util.c:707:2: warning: format ‘%u’ expects argument of type ‘unsigned int’, but argument 3 has type ‘u32’ [-Wformat=]
../src/xemacps_example_util.c:725:2: warning: format ‘%u’ expects argument of type ‘unsigned int’, but argument 2 has type ‘u32’ [-Wformat=]
  printf("phy port %u reg %u after reset: %#010x \n\r", PhyAddr, RegAddr, PhyReg0);
  ^
../src/xemacps_example_util.c:725:2: warning: format ‘%u’ expects argument of type ‘unsigned int’, but argument 3 has type ‘u32’ [-Wformat=]
../src/xemacps_example_util.c:725:2: warning: format ‘%u’ expects argument of type ‘unsigned int’, but argument 2 has type ‘u32’ [-Wformat=]
../src/xemacps_example_util.c:725:2: warning: format ‘%u’ expects argument of type ‘unsigned int’, but argument 3 has type ‘u32’ [-Wformat=]
../src/xemacps_example_util.c:747:2: warning: format ‘%u’ expects argument of type ‘unsigned int’, but argument 2 has type ‘u32’ [-Wformat=]
  printf("written phy port %u reg 0x0 : %#010x \n\r", i, PhyReg0);
  ^
../src/xemacps_example_util.c:747:2: warning: format ‘%u’ expects argument of type ‘unsigned int’, but argument 2 has type ‘u32’ [-Wformat=]
../src/xemacps_example_util.c:753:2: warning: format ‘%u’ expects argument of type ‘unsigned int’, but argument 2 has type ‘u32’ [-Wformat=]
src/subdir.mk:54: recipe for target 'src/xemacps_example_util.o' failed
  printf("phy port %u reg %u : %#010x \n\r", PhyAddr, RegAddr, PhyReg0);
  ^
../src/xemacps_example_util.c:753:2: warning: format ‘%u’ expects argument of type ‘unsigned int’, but argument 3 has type ‘u32’ [-Wformat=]
../src/xemacps_example_util.c:753:2: warning: format ‘%u’ expects argument of type ‘unsigned int’, but argument 2 has type ‘u32’ [-Wformat=]
../src/xemacps_example_util.c:753:2: warning: format ‘%u’ expects argument of type ‘unsigned int’, but argument 3 has type ‘u32’ [-Wformat=]
../src/xemacps_example_util.c:675:6: warning: unused variable ‘PhyReg1’ [-Wunused-variable]
  u16 PhyReg1  = 0;
      ^
../src/xemacps_example_util.c: In function ‘EmacPsUtilEnterLoopback’:
../src/xemacps_example_util.c:796:4: warning: format ‘%u’ expects argument of type ‘unsigned int’, but argument 2 has type ‘u32’ [-Wformat=]
    printf("phy port %u reg %u : %#010x \n\r",j, i, PhyIdentity);
    ^
../src/xemacps_example_util.c:796:4: warning: format ‘%u’ expects argument of type ‘unsigned int’, but argument 3 has type ‘u32’ [-Wformat=]
../src/xemacps_example_util.c:796:4: warning: format ‘%u’ expects argument of type ‘unsigned int’, but argument 2 has type ‘u32’ [-Wformat=]
../src/xemacps_example_util.c:796:4: warning: format ‘%u’ expects argument of type ‘unsigned int’, but argument 3 has type ‘u32’ [-Wformat=]
../src/xemacps_example_util.c:822:8: error: ‘true’ undeclared (first use in this function)
  while(true);
        ^
../src/xemacps_example_util.c:822:8: note: each undeclared identifier is reported only once for each function it appears in
make: *** [src/xemacps_example_util.o] Error 1
13:42:17 **** Auto Build of configuration Debug for project FASEC_Periph-test ****
make pre-build main-build 
a9-linaro-pre-build-step
 
Building file: ../src/xemacps_example_util.c
Invoking: ARM v7 gcc compiler
arm-none-eabi-gcc -Wall -O0 -g3 -c -fmessage-length=0 -MT"src/xemacps_example_util.o" -mcpu=cortex-a9 -mfpu=vfpv3 -mfloat-abi=hard -I../../standalone_bsp_0/ps7_cortexa9_0/include -MMD -MP -MF"src/xemacps_example_util.d" -MT"src/xemacps_example_util.o" -o "src/xemacps_example_util.o" "../src/xemacps_example_util.c"
../src/xemacps_example_util.c: In function ‘EmacPsUtilMicrelPhyLoopback’:
../src/xemacps_example_util.c:707:2: warning: format ‘%u’ expects argument of type ‘unsigned int’, but argument 2 has type ‘u32’ [-Wformat=]
  printf("phy port %u reg %u before speed config: %#010x \n\r", PhyAddr, RegAddr, test);
  ^
../src/xemacps_example_util.c:707:2: warning: format ‘%u’ expects argument of type ‘unsigned int’, but argument 3 has type ‘u32’ [-Wformat=]
../src/xemacps_example_util.c:707:2: warning: format ‘%u’ expects argument of type ‘unsigned int’, but argument 2 has type ‘u32’ [-Wformat=]
../src/xemacps_example_util.c:707:2: warning: format ‘%u’ expects argument of type ‘unsigned int’, but argument 3 has type ‘u32’ [-Wformat=]
../src/xemacps_example_util.c:725:2: warning: format ‘%u’ expects argument of type ‘unsigned int’, but argument 2 has type ‘u32’ [-Wformat=]
  printf("phy port %u reg %u after reset: %#010x \n\r", PhyAddr, RegAddr, PhyReg0);
  ^
../src/xemacps_example_util.c:725:2: warning: format ‘%u’ expects argument of type ‘unsigned int’, but argument 3 has type ‘u32’ [-Wformat=]
../src/xemacps_example_util.c:725:2: warning: format ‘%u’ expects argument of type ‘unsigned int’, but argument 2 has type ‘u32’ [-Wformat=]
../src/xemacps_example_util.c:725:2: warning: format ‘%u’ expects argument of type ‘unsigned int’, but argument 3 has type ‘u32’ [-Wformat=]
../src/xemacps_example_util.c:747:2: warning: format ‘%u’ expects argument of type ‘unsigned int’, but argument 2 has type ‘u32’ [-Wformat=]
  printf("written phy port %u reg 0x0 : %#010x \n\r", i, PhyReg0);
  ^
../src/xemacps_example_util.c:747:2: warning: format ‘%u’ expects argument of type ‘unsigned int’, but argument 2 has type ‘u32’ [-Wformat=]
../src/xemacps_example_util.c:753:2: warning: format ‘%u’ expects argument of type ‘unsigned int’, but argument 2 has type ‘u32’ [-Wformat=]
  printf("phy port %u reg %u : %#010x \n\r", PhyAddr, RegAddr, PhyReg0);
  ^
../src/xemacps_example_util.c:753:2: warning: format ‘%u’ expects argument of type ‘unsigned int’, but argument 3 has type ‘u32’ [-Wformat=]
../src/xemacps_example_util.c:753:2: warning: format ‘%u’ expects argument of type ‘unsigned int’, but argument 2 has type ‘u32’ [-Wformat=]
../src/xemacps_example_util.c:753:2: warning: format ‘%u’ expects argument of type ‘unsigned int’, but argument 3 has type ‘u32’ [-Wformat=]
../src/xemacps_example_util.c:675:6: warning: unused variable ‘PhyReg1’ [-Wunused-variable]
  u16 PhyReg1  = 0;
      ^
../src/xemacps_example_util.c: In function ‘EmacPsUtilEnterLoopback’:
../src/xemacps_example_util.c:796:4: warning: format ‘%u’ expects argument of type ‘unsigned int’, but argument 2 has type ‘u32’ [-Wformat=]
    printf("phy port %u reg %u : %#010x \n\r",j, i, PhyIdentity);
    ^
../src/xemacps_example_util.c:796:4: warning: format ‘%u’ expects argument of type ‘unsigned int’, but argument 3 has type ‘u32’ [-Wformat=]
../src/xemacps_example_util.c:796:4: warning: format ‘%u’ expects argument of type ‘unsigned int’, but argument 2 has type ‘u32’ [-Wformat=]
../src/xemacps_example_util.c:796:4: warning: format ‘%u’ expects argument of type ‘unsigned int’, but argument 3 has type ‘u32’ [-Wformat=]
../src/xemacps_example_util.c:822:8: error: expected expression before ‘)’ token
  while();
        ^
src/subdir.mk:54: recipe for target 'src/xemacps_example_util.o' failed
make: *** [src/xemacps_example_util.o] Error 1
13:42:24 **** Auto Build of configuration Debug for project FASEC_Periph-test ****
make pre-build main-build 
a9-linaro-pre-build-step
 
Building file: ../src/xemacps_example_util.c
Invoking: ARM v7 gcc compiler
arm-none-eabi-gcc -Wall -O0 -g3 -c -fmessage-length=0 -MT"src/xemacps_example_util.o" -mcpu=cortex-a9 -mfpu=vfpv3 -mfloat-abi=hard -I../../standalone_bsp_0/ps7_cortexa9_0/include -MMD -MP -MF"src/xemacps_example_util.d" -MT"src/xemacps_example_util.o" -o "src/xemacps_example_util.o" "../src/xemacps_example_util.c"
../src/xemacps_example_util.c: In function ‘EmacPsUtilMicrelPhyLoopback’:
../src/xemacps_example_util.c:707:2: warning: format ‘%u’ expects argument of type ‘unsigned int’, but argument 2 has type ‘u32’ [-Wformat=]
  printf("phy port %u reg %u before speed config: %#010x \n\r", PhyAddr, RegAddr, test);
  ^
../src/xemacps_example_util.c:707:2: warning: format ‘%u’ expects argument of type ‘unsigned int’, but argument 3 has type ‘u32’ [-Wformat=]
../src/xemacps_example_util.c:707:2: warning: format ‘%u’ expects argument of type ‘unsigned int’, but argument 2 has type ‘u32’ [-Wformat=]
../src/xemacps_example_util.c:707:2: warning: format ‘%u’ expects argument of type ‘unsigned int’, but argument 3 has type ‘u32’ [-Wformat=]
../src/xemacps_example_util.c:725:2: warning: format ‘%u’ expects argument of type ‘unsigned int’, but argument 2 has type ‘u32’ [-Wformat=]
  printf("phy port %u reg %u after reset: %#010x \n\r", PhyAddr, RegAddr, PhyReg0);
  ^
../src/xemacps_example_util.c:725:2: warning: format ‘%u’ expects argument of type ‘unsigned int’, but argument 3 has type ‘u32’ [-Wformat=]
../src/xemacps_example_util.c:725:2: warning: format ‘%u’ expects argument of type ‘unsigned int’, but argument 2 has type ‘u32’ [-Wformat=]
../src/xemacps_example_util.c:725:2: warning: format ‘%u’ expects argument of type ‘unsigned int’, but argument 3 has type ‘u32’ [-Wformat=]
../src/xemacps_example_util.c:747:2: warning: format ‘%u’ expects argument of type ‘unsigned int’, but argument 2 has type ‘u32’ [-Wformat=]
  printf("written phy port %u reg 0x0 : %#010x \n\r", i, PhyReg0);
  ^
../src/xemacps_example_util.c:747:2: warning: format ‘%u’ expects argument of type ‘unsigned int’, but argument 2 has type ‘u32’ [-Wformat=]
../src/xemacps_example_util.c:753:2: warning: format ‘%u’ expects argument of type ‘unsigned int’, but argument 2 has type ‘u32’ [-Wformat=]
  printf("phy port %u reg %u : %#010x \n\r", PhyAddr, RegAddr, PhyReg0);
  ^
../src/xemacps_example_util.c:753:2: warning: format ‘%u’ expects argument of type ‘unsigned int’, but argument 3 has type ‘u32’ [-Wformat=]
../src/xemacps_example_util.c:753:2: warning: format ‘%u’ expects argument of type ‘unsigned int’, but argument 2 has type ‘u32’ [-Wformat=]
../src/xemacps_example_util.c:753:2: warning: format ‘%u’ expects argument of type ‘unsigned int’, but argument 3 has type ‘u32’ [-Wformat=]
../src/xemacps_example_util.c:675:6: warning: unused variable ‘PhyReg1’ [-Wunused-variable]
  u16 PhyReg1  = 0;
      ^
../src/xemacps_example_util.c: In function ‘EmacPsUtilEnterLoopback’:
../src/xemacps_example_util.c:796:4: warning: format ‘%u’ expects argument of type ‘unsigned int’, but argument 2 has type ‘u32’ [-Wformat=]
    printf("phy port %u reg %u : %#010x \n\r",j, i, PhyIdentity);
    ^
../src/xemacps_example_util.c:796:4: warning: format ‘%u’ expects argument of type ‘unsigned int’, but argument 3 has type ‘u32’ [-Wformat=]
../src/xemacps_example_util.c:796:4: warning: format ‘%u’ expects argument of type ‘unsigned int’, but argument 2 has type ‘u32’ [-Wformat=]
../src/xemacps_example_util.c:796:4: warning: format ‘%u’ expects argument of type ‘unsigned int’, but argument 3 has type ‘u32’ [-Wformat=]
Finished building: ../src/xemacps_example_util.c
 
Building target: FASEC_Periph-test.elf
Invoking: ARM v7 gcc linker
arm-none-eabi-gcc -mcpu=cortex-a9 -mfpu=vfpv3 -mfloat-abi=hard -Wl,-build-id=none -specs=Xilinx.spec -Wl,-T -Wl,../src/lscript.ld -L../../standalone_bsp_0/ps7_cortexa9_0/lib -o "FASEC_Periph-test.elf"  ./src/testperiph.o ./src/xdevcfg_selftest_example.o ./src/xdmaps_example_w_intr.o ./src/xemacps_example_intr_dma.o ./src/xemacps_example_util.o ./src/xiicps_selftest_example.o ./src/xqspips_selftest_example.o ./src/xscugic_tapp_example.o ./src/xscutimer_intr_example.o ./src/xscutimer_polled_example.o ./src/xscuwdt_intr_example.o ./src/xttcps_tapp_example.o   -Wl,--start-group,-lxil,-lgcc,-lc,--end-group
Finished building target: FASEC_Periph-test.elf
 
Invoking: ARM v7 Print Size
arm-none-eabi-size FASEC_Periph-test.elf  |tee "FASEC_Periph-test.elf.size"
   text	   data	    bss	    dec	    hex	filename
 129884	   4368	  55376	 189628	  2e4bc	FASEC_Periph-test.elf
Finished building: FASEC_Periph-test.elf.size
 
13:42:30 **** Incremental Build of configuration Debug for project FASEC_Periph-test ****
make pre-build main-build 
a9-linaro-pre-build-step
 
make: Nothing to be done for 'main-build'.
13:43:02 **** Auto Build of configuration Debug for project FASEC_Periph-test ****
make pre-build main-build 
a9-linaro-pre-build-step
 
Building file: ../src/xemacps_example_util.c
Invoking: ARM v7 gcc compiler
arm-none-eabi-gcc -Wall -O0 -g3 -c -fmessage-length=0 -MT"src/xemacps_example_util.o" -mcpu=cortex-a9 -mfpu=vfpv3 -mfloat-abi=hard -I../../standalone_bsp_0/ps7_cortexa9_0/include -MMD -MP -MF"src/xemacps_example_util.d" -MT"src/xemacps_example_util.o" -o "src/xemacps_example_util.o" "../src/xemacps_example_util.c"
../src/xemacps_example_util.c: In function ‘EmacPsUtilMicrelPhyLoopback’:
../src/xemacps_example_util.c:707:2: warning: format ‘%u’ expects argument of type ‘unsigned int’, but argument 2 has type ‘u32’ [-Wformat=]
  printf("phy port %u reg %u before speed config: %#010x \n\r", PhyAddr, RegAddr, test);
  ^
../src/xemacps_example_util.c:707:2: warning: format ‘%u’ expects argument of type ‘unsigned int’, but argument 3 has type ‘u32’ [-Wformat=]
../src/xemacps_example_util.c:707:2: warning: format ‘%u’ expects argument of type ‘unsigned int’, but argument 2 has type ‘u32’ [-Wformat=]
../src/xemacps_example_util.c:707:2: warning: format ‘%u’ expects argument of type ‘unsigned int’, but argument 3 has type ‘u32’ [-Wformat=]
../src/xemacps_example_util.c:725:2: warning: format ‘%u’ expects argument of type ‘unsigned int’, but argument 2 has type ‘u32’ [-Wformat=]
  printf("phy port %u reg %u after reset: %#010x \n\r", PhyAddr, RegAddr, PhyReg0);
  ^
../src/xemacps_example_util.c:725:2: warning: format ‘%u’ expects argument of type ‘unsigned int’, but argument 3 has type ‘u32’ [-Wformat=]
../src/xemacps_example_util.c:725:2: warning: format ‘%u’ expects argument of type ‘unsigned int’, but argument 2 has type ‘u32’ [-Wformat=]
../src/xemacps_example_util.c:725:2: warning: format ‘%u’ expects argument of type ‘unsigned int’, but argument 3 has type ‘u32’ [-Wformat=]
../src/xemacps_example_util.c:747:2: warning: format ‘%u’ expects argument of type ‘unsigned int’, but argument 2 has type ‘u32’ [-Wformat=]
  printf("written phy port %u reg 0x0 : %#010x \n\r", i, PhyReg0);
  ^
../src/xemacps_example_util.c:747:2: warning: format ‘%u’ expects argument of type ‘unsigned int’, but argument 2 has type ‘u32’ [-Wformat=]
../src/xemacps_example_util.c:753:2: warning: format ‘%u’ expects argument of type ‘unsigned int’, but argument 2 has type ‘u32’ [-Wformat=]
  printf("phy port %u reg %u : %#010x \n\r", PhyAddr, RegAddr, PhyReg0);
  ^
../src/xemacps_example_util.c:753:2: warning: format ‘%u’ expects argument of type ‘unsigned int’, but argument 3 has type ‘u32’ [-Wformat=]
../src/xemacps_example_util.c:753:2: warning: format ‘%u’ expects argument of type ‘unsigned int’, but argument 2 has type ‘u32’ [-Wformat=]
../src/xemacps_example_util.c:753:2: warning: format ‘%u’ expects argument of type ‘unsigned int’, but argument 3 has type ‘u32’ [-Wformat=]
../src/xemacps_example_util.c:675:6: warning: unused variable ‘PhyReg1’ [-Wunused-variable]
  u16 PhyReg1  = 0;
      ^
../src/xemacps_example_util.c: In function ‘EmacPsUtilEnterLoopback’:
../src/xemacps_example_util.c:796:4: warning: format ‘%u’ expects argument of type ‘unsigned int’, but argument 2 has type ‘u32’ [-Wformat=]
    printf("phy port %u reg %u : %#010x \n\r",j, i, PhyIdentity);
    ^
../src/xemacps_example_util.c:796:4: warning: format ‘%u’ expects argument of type ‘unsigned int’, but argument 3 has type ‘u32’ [-Wformat=]
../src/xemacps_example_util.c:796:4: warning: format ‘%u’ expects argument of type ‘unsigned int’, but argument 2 has type ‘u32’ [-Wformat=]
../src/xemacps_example_util.c:796:4: warning: format ‘%u’ expects argument of type ‘unsigned int’, but argument 3 has type ‘u32’ [-Wformat=]
Finished building: ../src/xemacps_example_util.c
 
Building target: FASEC_Periph-test.elf
Invoking: ARM v7 gcc linker
arm-none-eabi-gcc -mcpu=cortex-a9 -mfpu=vfpv3 -mfloat-abi=hard -Wl,-build-id=none -specs=Xilinx.spec -Wl,-T -Wl,../src/lscript.ld -L../../standalone_bsp_0/ps7_cortexa9_0/lib -o "FASEC_Periph-test.elf"  ./src/testperiph.o ./src/xdevcfg_selftest_example.o ./src/xdmaps_example_w_intr.o ./src/xemacps_example_intr_dma.o ./src/xemacps_example_util.o ./src/xiicps_selftest_example.o ./src/xqspips_selftest_example.o ./src/xscugic_tapp_example.o ./src/xscutimer_intr_example.o ./src/xscutimer_polled_example.o ./src/xscuwdt_intr_example.o ./src/xttcps_tapp_example.o   -Wl,--start-group,-lxil,-lgcc,-lc,--end-group
Finished building target: FASEC_Periph-test.elf
 
Invoking: ARM v7 Print Size
arm-none-eabi-size FASEC_Periph-test.elf  |tee "FASEC_Periph-test.elf.size"
   text	   data	    bss	    dec	    hex	filename
 129884	   4368	  55376	 189628	  2e4bc	FASEC_Periph-test.elf
Finished building: FASEC_Periph-test.elf.size
 
13:43:06 **** Incremental Build of configuration Debug for project FASEC_Periph-test ****
make pre-build main-build 
a9-linaro-pre-build-step
 
make: Nothing to be done for 'main-build'.
13:43:37 **** Auto Build of configuration Debug for project FASEC_Periph-test ****
make pre-build main-build 
a9-linaro-pre-build-step
 
Building file: ../src/xemacps_example_util.c
Invoking: ARM v7 gcc compiler
arm-none-eabi-gcc -Wall -O0 -g3 -c -fmessage-length=0 -MT"src/xemacps_example_util.o" -mcpu=cortex-a9 -mfpu=vfpv3 -mfloat-abi=hard -I../../standalone_bsp_0/ps7_cortexa9_0/include -MMD -MP -MF"src/xemacps_example_util.d" -MT"src/xemacps_example_util.o" -o "src/xemacps_example_util.o" "../src/xemacps_example_util.c"
../src/xemacps_example_util.c: In function ‘EmacPsUtilMicrelPhyLoopback’:
../src/xemacps_example_util.c:707:2: warning: format ‘%u’ expects argument of type ‘unsigned int’, but argument 2 has type ‘u32’ [-Wformat=]
  printf("phy port %u reg %u before speed config: %#010x \n\r", PhyAddr, RegAddr, test);
  ^
../src/xemacps_example_util.c:707:2: warning: format ‘%u’ expects argument of type ‘unsigned int’, but argument 3 has type ‘u32’ [-Wformat=]
../src/xemacps_example_util.c:707:2: warning: format ‘%u’ expects argument of type ‘unsigned int’, but argument 2 has type ‘u32’ [-Wformat=]
../src/xemacps_example_util.c:707:2: warning: format ‘%u’ expects argument of type ‘unsigned int’, but argument 3 has type ‘u32’ [-Wformat=]
../src/xemacps_example_util.c:725:2: warning: format ‘%u’ expects argument of type ‘unsigned int’, but argument 2 has type ‘u32’ [-Wformat=]
  printf("phy port %u reg %u after reset: %#010x \n\r", PhyAddr, RegAddr, PhyReg0);
  ^
../src/xemacps_example_util.c:725:2: warning: format ‘%u’ expects argument of type ‘unsigned int’, but argument 3 has type ‘u32’ [-Wformat=]
../src/xemacps_example_util.c:725:2: warning: format ‘%u’ expects argument of type ‘unsigned int’, but argument 2 has type ‘u32’ [-Wformat=]
../src/xemacps_example_util.c:725:2: warning: format ‘%u’ expects argument of type ‘unsigned int’, but argument 3 has type ‘u32’ [-Wformat=]
../src/xemacps_example_util.c:747:2: warning: format ‘%u’ expects argument of type ‘unsigned int’, but argument 2 has type ‘u32’ [-Wformat=]
  printf("written phy port %u reg 0x0 : %#010x \n\r", i, PhyReg0);
  ^
../src/xemacps_example_util.c:747:2: warning: format ‘%u’ expects argument of type ‘unsigned int’, but argument 2 has type ‘u32’ [-Wformat=]
../src/xemacps_example_util.c:753:2: warning: format ‘%u’ expects argument of type ‘unsigned int’, but argument 2 has type ‘u32’ [-Wformat=]
  printf("phy port %u reg %u : %#010x \n\r", PhyAddr, RegAddr, PhyReg0);
  ^
../src/xemacps_example_util.c:753:2: warning: format ‘%u’ expects argument of type ‘unsigned int’, but argument 3 has type ‘u32’ [-Wformat=]
../src/xemacps_example_util.c:753:2: warning: format ‘%u’ expects argument of type ‘unsigned int’, but argument 2 has type ‘u32’ [-Wformat=]
../src/xemacps_example_util.c:753:2: warning: format ‘%u’ expects argument of type ‘unsigned int’, but argument 3 has type ‘u32’ [-Wformat=]
../src/xemacps_example_util.c:675:6: warning: unused variable ‘PhyReg1’ [-Wunused-variable]
  u16 PhyReg1  = 0;
      ^
../src/xemacps_example_util.c: In function ‘EmacPsUtilEnterLoopback’:
../src/xemacps_example_util.c:796:4: warning: format ‘%u’ expects argument of type ‘unsigned int’, but argument 2 has type ‘u32’ [-Wformat=]
    printf("phy port %u reg %u : %#010x \n\r",j, i, PhyIdentity);
    ^
../src/xemacps_example_util.c:796:4: warning: format ‘%u’ expects argument of type ‘unsigned int’, but argument 3 has type ‘u32’ [-Wformat=]
../src/xemacps_example_util.c:796:4: warning: format ‘%u’ expects argument of type ‘unsigned int’, but argument 2 has type ‘u32’ [-Wformat=]
../src/xemacps_example_util.c:796:4: warning: format ‘%u’ expects argument of type ‘unsigned int’, but argument 3 has type ‘u32’ [-Wformat=]
Finished building: ../src/xemacps_example_util.c
 
Building target: FASEC_Periph-test.elf
Invoking: ARM v7 gcc linker
arm-none-eabi-gcc -mcpu=cortex-a9 -mfpu=vfpv3 -mfloat-abi=hard -Wl,-build-id=none -specs=Xilinx.spec -Wl,-T -Wl,../src/lscript.ld -L../../standalone_bsp_0/ps7_cortexa9_0/lib -o "FASEC_Periph-test.elf"  ./src/testperiph.o ./src/xdevcfg_selftest_example.o ./src/xdmaps_example_w_intr.o ./src/xemacps_example_intr_dma.o ./src/xemacps_example_util.o ./src/xiicps_selftest_example.o ./src/xqspips_selftest_example.o ./src/xscugic_tapp_example.o ./src/xscutimer_intr_example.o ./src/xscutimer_polled_example.o ./src/xscuwdt_intr_example.o ./src/xttcps_tapp_example.o   -Wl,--start-group,-lxil,-lgcc,-lc,--end-group
Finished building target: FASEC_Periph-test.elf
 
Invoking: ARM v7 Print Size
arm-none-eabi-size FASEC_Periph-test.elf  |tee "FASEC_Periph-test.elf.size"
   text	   data	    bss	    dec	    hex	filename
 129884	   4368	  55376	 189628	  2e4bc	FASEC_Periph-test.elf
Finished building: FASEC_Periph-test.elf.size
 
13:43:41 **** Incremental Build of configuration Debug for project FASEC_Periph-test ****
make pre-build main-build 
a9-linaro-pre-build-step
 
make: Nothing to be done for 'main-build'.
13:48:14 **** Auto Build of configuration Debug for project FASEC_Periph-test ****
make pre-build main-build 
a9-linaro-pre-build-step
 
Building file: ../src/xemacps_example_util.c
Invoking: ARM v7 gcc compiler
arm-none-eabi-gcc -Wall -O0 -g3 -c -fmessage-length=0 -MT"src/xemacps_example_util.o" -mcpu=cortex-a9 -mfpu=vfpv3 -mfloat-abi=hard -I../../standalone_bsp_0/ps7_cortexa9_0/include -MMD -MP -MF"src/xemacps_example_util.d" -MT"src/xemacps_example_util.o" -o "src/xemacps_example_util.o" "../src/xemacps_example_util.c"
../src/xemacps_example_util.c: In function ‘EmacPsUtilMicrelPhyLoopback’:
../src/xemacps_example_util.c:707:2: warning: format ‘%u’ expects argument of type ‘unsigned int’, but argument 2 has type ‘u32’ [-Wformat=]
  printf("phy port %u reg %u before speed config: %#010x \n\r", PhyAddr, RegAddr, test);
  ^
../src/xemacps_example_util.c:707:2: warning: format ‘%u’ expects argument of type ‘unsigned int’, but argument 3 has type ‘u32’ [-Wformat=]
../src/xemacps_example_util.c:707:2: warning: format ‘%u’ expects argument of type ‘unsigned int’, but argument 2 has type ‘u32’ [-Wformat=]
../src/xemacps_example_util.c:707:2: warning: format ‘%u’ expects argument of type ‘unsigned int’, but argument 3 has type ‘u32’ [-Wformat=]
../src/xemacps_example_util.c:725:2: warning: format ‘%u’ expects argument of type ‘unsigned int’, but argument 2 has type ‘u32’ [-Wformat=]
  printf("phy port %u reg %u after reset: %#010x \n\r", PhyAddr, RegAddr, PhyReg0);
  ^
../src/xemacps_example_util.c:725:2: warning: format ‘%u’ expects argument of type ‘unsigned int’, but argument 3 has type ‘u32’ [-Wformat=]
../src/xemacps_example_util.c:725:2: warning: format ‘%u’ expects argument of type ‘unsigned int’, but argument 2 has type ‘u32’ [-Wformat=]
../src/xemacps_example_util.c:725:2: warning: format ‘%u’ expects argument of type ‘unsigned int’, but argument 3 has type ‘u32’ [-Wformat=]
../src/xemacps_example_util.c:747:2: warning: format ‘%u’ expects argument of type ‘unsigned int’, but argument 2 has type ‘u32’ [-Wformat=]
  printf("written phy port %u reg 0x0 : %#010x \n\r", i, PhyReg0);
  ^
../src/xemacps_example_util.c:747:2: warning: format ‘%u’ expects argument of type ‘unsigned int’, but argument 2 has type ‘u32’ [-Wformat=]
../src/xemacps_example_util.c:753:2: warning: format ‘%u’ expects argument of type ‘unsigned int’, but argument 2 has type ‘u32’ [-Wformat=]
  printf("phy port %u reg %u : %#010x \n\r", PhyAddr, RegAddr, PhyReg0);
  ^
../src/xemacps_example_util.c:753:2: warning: format ‘%u’ expects argument of type ‘unsigned int’, but argument 3 has type ‘u32’ [-Wformat=]
../src/xemacps_example_util.c:753:2: warning: format ‘%u’ expects argument of type ‘unsigned int’, but argument 2 has type ‘u32’ [-Wformat=]
../src/xemacps_example_util.c:753:2: warning: format ‘%u’ expects argument of type ‘unsigned int’, but argument 3 has type ‘u32’ [-Wformat=]
../src/xemacps_example_util.c:675:6: warning: unused variable ‘PhyReg1’ [-Wunused-variable]
  u16 PhyReg1  = 0;
      ^
../src/xemacps_example_util.c: In function ‘EmacPsUtilEnterLoopback’:
../src/xemacps_example_util.c:796:4: warning: format ‘%u’ expects argument of type ‘unsigned int’, but argument 2 has type ‘u32’ [-Wformat=]
    printf("phy port %u reg %u : %#010x \n\r",j, i, PhyIdentity);
    ^
../src/xemacps_example_util.c:796:4: warning: format ‘%u’ expects argument of type ‘unsigned int’, but argument 3 has type ‘u32’ [-Wformat=]
../src/xemacps_example_util.c:796:4: warning: format ‘%u’ expects argument of type ‘unsigned int’, but argument 2 has type ‘u32’ [-Wformat=]
../src/xemacps_example_util.c:796:4: warning: format ‘%u’ expects argument of type ‘unsigned int’, but argument 3 has type ‘u32’ [-Wformat=]
Finished building: ../src/xemacps_example_util.c
 
Building target: FASEC_Periph-test.elf
Invoking: ARM v7 gcc linker
arm-none-eabi-gcc -mcpu=cortex-a9 -mfpu=vfpv3 -mfloat-abi=hard -Wl,-build-id=none -specs=Xilinx.spec -Wl,-T -Wl,../src/lscript.ld -L../../standalone_bsp_0/ps7_cortexa9_0/lib -o "FASEC_Periph-test.elf"  ./src/testperiph.o ./src/xdevcfg_selftest_example.o ./src/xdmaps_example_w_intr.o ./src/xemacps_example_intr_dma.o ./src/xemacps_example_util.o ./src/xiicps_selftest_example.o ./src/xqspips_selftest_example.o ./src/xscugic_tapp_example.o ./src/xscutimer_intr_example.o ./src/xscutimer_polled_example.o ./src/xscuwdt_intr_example.o ./src/xttcps_tapp_example.o   -Wl,--start-group,-lxil,-lgcc,-lc,--end-group
Finished building target: FASEC_Periph-test.elf
 
Invoking: ARM v7 Print Size
arm-none-eabi-size FASEC_Periph-test.elf  |tee "FASEC_Periph-test.elf.size"
   text	   data	    bss	    dec	    hex	filename
 129884	   4368	  55376	 189628	  2e4bc	FASEC_Periph-test.elf
Finished building: FASEC_Periph-test.elf.size
 
13:48:19 **** Incremental Build of configuration Debug for project FASEC_Periph-test ****
make pre-build main-build 
a9-linaro-pre-build-step
 
make: Nothing to be done for 'main-build'.
13:51:11 **** Auto Build of configuration Debug for project FASEC_Periph-test ****
make pre-build main-build 
a9-linaro-pre-build-step
 
Building file: ../src/xemacps_example_util.c
Invoking: ARM v7 gcc compiler
arm-none-eabi-gcc -Wall -O0 -g3 -c -fmessage-length=0 -MT"src/xemacps_example_util.o" -mcpu=cortex-a9 -mfpu=vfpv3 -mfloat-abi=hard -I../../standalone_bsp_0/ps7_cortexa9_0/include -MMD -MP -MF"src/xemacps_example_util.d" -MT"src/xemacps_example_util.o" -o "src/xemacps_example_util.o" "../src/xemacps_example_util.c"
../src/xemacps_example_util.c: In function ‘EmacPsUtilMicrelPhyLoopback’:
../src/xemacps_example_util.c:707:2: warning: format ‘%u’ expects argument of type ‘unsigned int’, but argument 2 has type ‘u32’ [-Wformat=]
  printf("phy port %u reg %u before speed config: %#010x \n\r", PhyAddr, RegAddr, test);
  ^
../src/xemacps_example_util.c:707:2: warning: format ‘%u’ expects argument of type ‘unsigned int’, but argument 3 has type ‘u32’ [-Wformat=]
../src/xemacps_example_util.c:707:2: warning: format ‘%u’ expects argument of type ‘unsigned int’, but argument 2 has type ‘u32’ [-Wformat=]
../src/xemacps_example_util.c:707:2: warning: format ‘%u’ expects argument of type ‘unsigned int’, but argument 3 has type ‘u32’ [-Wformat=]
../src/xemacps_example_util.c:725:2: warning: format ‘%u’ expects argument of type ‘unsigned int’, but argument 2 has type ‘u32’ [-Wformat=]
  printf("phy port %u reg %u after reset: %#010x \n\r", PhyAddr, RegAddr, PhyReg0);
  ^
../src/xemacps_example_util.c:725:2: warning: format ‘%u’ expects argument of type ‘unsigned int’, but argument 3 has type ‘u32’ [-Wformat=]
../src/xemacps_example_util.c:725:2: warning: format ‘%u’ expects argument of type ‘unsigned int’, but argument 2 has type ‘u32’ [-Wformat=]
../src/xemacps_example_util.c:725:2: warning: format ‘%u’ expects argument of type ‘unsigned int’, but argument 3 has type ‘u32’ [-Wformat=]
../src/xemacps_example_util.c:747:2: warning: format ‘%u’ expects argument of type ‘unsigned int’, but argument 2 has type ‘u32’ [-Wformat=]
  printf("written phy port %u reg 0x0 : %#010x \n\r", i, PhyReg0);
  ^
../src/xemacps_example_util.c:747:2: warning: format ‘%u’ expects argument of type ‘unsigned int’, but argument 2 has type ‘u32’ [-Wformat=]
../src/xemacps_example_util.c:753:2: warning: format ‘%u’ expects argument of type ‘unsigned int’, but argument 2 has type ‘u32’ [-Wformat=]
  printf("phy port %u reg %u : %#010x \n\r", PhyAddr, RegAddr, PhyReg0);
  ^
../src/xemacps_example_util.c:753:2: warning: format ‘%u’ expects argument of type ‘unsigned int’, but argument 3 has type ‘u32’ [-Wformat=]
../src/xemacps_example_util.c:753:2: warning: format ‘%u’ expects argument of type ‘unsigned int’, but argument 2 has type ‘u32’ [-Wformat=]
../src/xemacps_example_util.c:753:2: warning: format ‘%u’ expects argument of type ‘unsigned int’, but argument 3 has type ‘u32’ [-Wformat=]
../src/xemacps_example_util.c:675:6: warning: unused variable ‘PhyReg1’ [-Wunused-variable]
  u16 PhyReg1  = 0;
      ^
../src/xemacps_example_util.c: In function ‘EmacPsUtilEnterLoopback’:
../src/xemacps_example_util.c:796:4: warning: format ‘%u’ expects argument of type ‘unsigned int’, but argument 2 has type ‘u32’ [-Wformat=]
    printf("phy port %u reg %u : %#010x \n\r",j, i, PhyIdentity);
    ^
../src/xemacps_example_util.c:796:4: warning: format ‘%u’ expects argument of type ‘unsigned int’, but argument 3 has type ‘u32’ [-Wformat=]
../src/xemacps_example_util.c:796:4: warning: format ‘%u’ expects argument of type ‘unsigned int’, but argument 2 has type ‘u32’ [-Wformat=]
../src/xemacps_example_util.c:796:4: warning: format ‘%u’ expects argument of type ‘unsigned int’, but argument 3 has type ‘u32’ [-Wformat=]
Finished building: ../src/xemacps_example_util.c
 
Building target: FASEC_Periph-test.elf
Invoking: ARM v7 gcc linker
arm-none-eabi-gcc -mcpu=cortex-a9 -mfpu=vfpv3 -mfloat-abi=hard -Wl,-build-id=none -specs=Xilinx.spec -Wl,-T -Wl,../src/lscript.ld -L../../standalone_bsp_0/ps7_cortexa9_0/lib -o "FASEC_Periph-test.elf"  ./src/testperiph.o ./src/xdevcfg_selftest_example.o ./src/xdmaps_example_w_intr.o ./src/xemacps_example_intr_dma.o ./src/xemacps_example_util.o ./src/xiicps_selftest_example.o ./src/xqspips_selftest_example.o ./src/xscugic_tapp_example.o ./src/xscutimer_intr_example.o ./src/xscutimer_polled_example.o ./src/xscuwdt_intr_example.o ./src/xttcps_tapp_example.o   -Wl,--start-group,-lxil,-lgcc,-lc,--end-group
Finished building target: FASEC_Periph-test.elf
 
Invoking: ARM v7 Print Size
arm-none-eabi-size FASEC_Periph-test.elf  |tee "FASEC_Periph-test.elf.size"
   text	   data	    bss	    dec	    hex	filename
 129884	   4368	  55376	 189628	  2e4bc	FASEC_Periph-test.elf
Finished building: FASEC_Periph-test.elf.size
 
13:51:14 **** Incremental Build of configuration Debug for project FASEC_Periph-test ****
make pre-build main-build 
a9-linaro-pre-build-step
 
make: Nothing to be done for 'main-build'.
13:52:27 **** Incremental Build of configuration Debug for project FASEC_Periph-test ****
make pre-build main-build 
a9-linaro-pre-build-step
 
make: Nothing to be done for 'main-build'.
13:53:03 **** Auto Build of configuration Debug for project FASEC_Periph-test ****
make pre-build main-build 
a9-linaro-pre-build-step
 
Building file: ../src/xemacps_example_util.c
Invoking: ARM v7 gcc compiler
arm-none-eabi-gcc -Wall -O0 -g3 -c -fmessage-length=0 -MT"src/xemacps_example_util.o" -mcpu=cortex-a9 -mfpu=vfpv3 -mfloat-abi=hard -I../../standalone_bsp_0/ps7_cortexa9_0/include -MMD -MP -MF"src/xemacps_example_util.d" -MT"src/xemacps_example_util.o" -o "src/xemacps_example_util.o" "../src/xemacps_example_util.c"
../src/xemacps_example_util.c: In function ‘EmacPsUtilMicrelPhyLoopback’:
../src/xemacps_example_util.c:707:2: warning: format ‘%u’ expects argument of type ‘unsigned int’, but argument 2 has type ‘u32’ [-Wformat=]
  printf("phy port %u reg %u before speed config: %#010x \n\r", PhyAddr, RegAddr, test);
  ^
../src/xemacps_example_util.c:707:2: warning: format ‘%u’ expects argument of type ‘unsigned int’, but argument 3 has type ‘u32’ [-Wformat=]
../src/xemacps_example_util.c:707:2: warning: format ‘%u’ expects argument of type ‘unsigned int’, but argument 2 has type ‘u32’ [-Wformat=]
../src/xemacps_example_util.c:707:2: warning: format ‘%u’ expects argument of type ‘unsigned int’, but argument 3 has type ‘u32’ [-Wformat=]
../src/xemacps_example_util.c:725:2: warning: format ‘%u’ expects argument of type ‘unsigned int’, but argument 2 has type ‘u32’ [-Wformat=]
  printf("phy port %u reg %u after reset: %#010x \n\r", PhyAddr, RegAddr, PhyReg0);
  ^
../src/xemacps_example_util.c:725:2: warning: format ‘%u’ expects argument of type ‘unsigned int’, but argument 3 has type ‘u32’ [-Wformat=]
../src/xemacps_example_util.c:725:2: warning: format ‘%u’ expects argument of type ‘unsigned int’, but argument 2 has type ‘u32’ [-Wformat=]
../src/xemacps_example_util.c:725:2: warning: format ‘%u’ expects argument of type ‘unsigned int’, but argument 3 has type ‘u32’ [-Wformat=]
../src/xemacps_example_util.c:747:2: warning: format ‘%u’ expects argument of type ‘unsigned int’, but argument 2 has type ‘u32’ [-Wformat=]
  printf("written phy port %u reg 0x0 : %#010x \n\r", i, PhyReg0);
  ^
../src/xemacps_example_util.c:747:2: warning: format ‘%u’ expects argument of type ‘unsigned int’, but argument 2 has type ‘u32’ [-Wformat=]
../src/xemacps_example_util.c:753:2: warning: format ‘%u’ expects argument of type ‘unsigned int’, but argument 2 has type ‘u32’ [-Wformat=]
  printf("phy port %u reg %u : %#010x \n\r", PhyAddr, RegAddr, PhyReg0);
  ^
../src/xemacps_example_util.c:753:2: warning: format ‘%u’ expects argument of type ‘unsigned int’, but argument 3 has type ‘u32’ [-Wformat=]
../src/xemacps_example_util.c:753:2: warning: format ‘%u’ expects argument of type ‘unsigned int’, but argument 2 has type ‘u32’ [-Wformat=]
../src/xemacps_example_util.c:753:2: warning: format ‘%u’ expects argument of type ‘unsigned int’, but argument 3 has type ‘u32’ [-Wformat=]
../src/xemacps_example_util.c:675:6: warning: unused variable ‘PhyReg1’ [-Wunused-variable]
  u16 PhyReg1  = 0;
      ^
../src/xemacps_example_util.c: In function ‘EmacPsUtilEnterLoopback’:
../src/xemacps_example_util.c:796:4: warning: format ‘%u’ expects argument of type ‘unsigned int’, but argument 2 has type ‘u32’ [-Wformat=]
    printf("phy port %u reg %u : %#010x \n\r",j, i, PhyIdentity);
    ^
../src/xemacps_example_util.c:796:4: warning: format ‘%u’ expects argument of type ‘unsigned int’, but argument 3 has type ‘u32’ [-Wformat=]
../src/xemacps_example_util.c:796:4: warning: format ‘%u’ expects argument of type ‘unsigned int’, but argument 2 has type ‘u32’ [-Wformat=]
../src/xemacps_example_util.c:796:4: warning: format ‘%u’ expects argument of type ‘unsigned int’, but argument 3 has type ‘u32’ [-Wformat=]
Finished building: ../src/xemacps_example_util.c
 
Building target: FASEC_Periph-test.elf
Invoking: ARM v7 gcc linker
arm-none-eabi-gcc -mcpu=cortex-a9 -mfpu=vfpv3 -mfloat-abi=hard -Wl,-build-id=none -specs=Xilinx.spec -Wl,-T -Wl,../src/lscript.ld -L../../standalone_bsp_0/ps7_cortexa9_0/lib -o "FASEC_Periph-test.elf"  ./src/testperiph.o ./src/xdevcfg_selftest_example.o ./src/xdmaps_example_w_intr.o ./src/xemacps_example_intr_dma.o ./src/xemacps_example_util.o ./src/xiicps_selftest_example.o ./src/xqspips_selftest_example.o ./src/xscugic_tapp_example.o ./src/xscutimer_intr_example.o ./src/xscutimer_polled_example.o ./src/xscuwdt_intr_example.o ./src/xttcps_tapp_example.o   -Wl,--start-group,-lxil,-lgcc,-lc,--end-group
Finished building target: FASEC_Periph-test.elf
 
Invoking: ARM v7 Print Size
arm-none-eabi-size FASEC_Periph-test.elf  |tee "FASEC_Periph-test.elf.size"
   text	   data	    bss	    dec	    hex	filename
 129884	   4368	  55376	 189628	  2e4bc	FASEC_Periph-test.elf
Finished building: FASEC_Periph-test.elf.size
 
13:53:07 **** Incremental Build of configuration Debug for project FASEC_Periph-test ****
make pre-build main-build 
a9-linaro-pre-build-step
 
make: Nothing to be done for 'main-build'.
13:58:41 **** Auto Build of configuration Debug for project FASEC_Periph-test ****
make pre-build main-build 
a9-linaro-pre-build-step
 
Building file: ../src/xemacps_example_util.c
Invoking: ARM v7 gcc compiler
arm-none-eabi-gcc -Wall -O0 -g3 -c -fmessage-length=0 -MT"src/xemacps_example_util.o" -mcpu=cortex-a9 -mfpu=vfpv3 -mfloat-abi=hard -I../../standalone_bsp_0/ps7_cortexa9_0/include -MMD -MP -MF"src/xemacps_example_util.d" -MT"src/xemacps_example_util.o" -o "src/xemacps_example_util.o" "../src/xemacps_example_util.c"
../src/xemacps_example_util.c: In function ‘EmacPsUtilMicrelPhyLoopback’:
../src/xemacps_example_util.c:708:2: warning: format ‘%u’ expects argument of type ‘unsigned int’, but argument 2 has type ‘u32’ [-Wformat=]
  printf("phy port %u reg %u before speed config: %#010x \n\r", PhyAddr, RegAddr, test);
  ^
../src/xemacps_example_util.c:708:2: warning: format ‘%u’ expects argument of type ‘unsigned int’, but argument 3 has type ‘u32’ [-Wformat=]
../src/xemacps_example_util.c:708:2: warning: format ‘%u’ expects argument of type ‘unsigned int’, but argument 2 has type ‘u32’ [-Wformat=]
../src/xemacps_example_util.c:708:2: warning: format ‘%u’ expects argument of type ‘unsigned int’, but argument 3 has type ‘u32’ [-Wformat=]
../src/xemacps_example_util.c:726:2: warning: format ‘%u’ expects argument of type ‘unsigned int’, but argument 2 has type ‘u32’ [-Wformat=]
  printf("phy port %u reg %u after reset: %#010x \n\r", PhyAddr, RegAddr, PhyReg0);
  ^
../src/xemacps_example_util.c:726:2: warning: format ‘%u’ expects argument of type ‘unsigned int’, but argument 3 has type ‘u32’ [-Wformat=]
../src/xemacps_example_util.c:726:2: warning: format ‘%u’ expects argument of type ‘unsigned int’, but argument 2 has type ‘u32’ [-Wformat=]
../src/xemacps_example_util.c:726:2: warning: format ‘%u’ expects argument of type ‘unsigned int’, but argument 3 has type ‘u32’ [-Wformat=]
../src/xemacps_example_util.c:748:2: warning: format ‘%u’ expects argument of type ‘unsigned int’, but argument 2 has type ‘u32’ [-Wformat=]
  printf("written phy port %u reg 0x0 : %#010x \n\r", i, PhyReg0);
  ^
../src/xemacps_example_util.c:748:2: warning: format ‘%u’ expects argument of type ‘unsigned int’, but argument 2 has type ‘u32’ [-Wformat=]
../src/xemacps_example_util.c:754:2: warning: format ‘%u’ expects argument of type ‘unsigned int’, but argument 2 has type ‘u32’ [-Wformat=]
  printf("phy port %u reg %u : %#010x \n\r", PhyAddr, RegAddr, PhyReg0);
  ^
../src/xemacps_example_util.c:754:2: warning: format ‘%u’ expects argument of type ‘unsigned int’, but argument 3 has type ‘u32’ [-Wformat=]
../src/xemacps_example_util.c:754:2: warning: format ‘%u’ expects argument of type ‘unsigned int’, but argument 2 has type ‘u32’ [-Wformat=]
../src/xemacps_example_util.c:754:2: warning: format ‘%u’ expects argument of type ‘unsigned int’, but argument 3 has type ‘u32’ [-Wformat=]
../src/xemacps_example_util.c:676:6: warning: unused variable ‘PhyReg1’ [-Wunused-variable]
  u16 PhyReg1  = 0;
      ^
../src/xemacps_example_util.c: In function ‘EmacPsUtilEnterLoopback’:
../src/xemacps_example_util.c:797:4: warning: format ‘%u’ expects argument of type ‘unsigned int’, but argument 2 has type ‘u32’ [-Wformat=]
    printf("phy port %u reg %u : %#010x \n\r",j, i, PhyIdentity);
    ^
../src/xemacps_example_util.c:797:4: warning: format ‘%u’ expects argument of type ‘unsigned int’, but argument 3 has type ‘u32’ [-Wformat=]
../src/xemacps_example_util.c:797:4: warning: format ‘%u’ expects argument of type ‘unsigned int’, but argument 2 has type ‘u32’ [-Wformat=]
../src/xemacps_example_util.c:797:4: warning: format ‘%u’ expects argument of type ‘unsigned int’, but argument 3 has type ‘u32’ [-Wformat=]
Finished building: ../src/xemacps_example_util.c
 
Building target: FASEC_Periph-test.elf
Invoking: ARM v7 gcc linker
arm-none-eabi-gcc -mcpu=cortex-a9 -mfpu=vfpv3 -mfloat-abi=hard -Wl,-build-id=none -specs=Xilinx.spec -Wl,-T -Wl,../src/lscript.ld -L../../standalone_bsp_0/ps7_cortexa9_0/lib -o "FASEC_Periph-test.elf"  ./src/testperiph.o ./src/xdevcfg_selftest_example.o ./src/xdmaps_example_w_intr.o ./src/xemacps_example_intr_dma.o ./src/xemacps_example_util.o ./src/xiicps_selftest_example.o ./src/xqspips_selftest_example.o ./src/xscugic_tapp_example.o ./src/xscutimer_intr_example.o ./src/xscutimer_polled_example.o ./src/xscuwdt_intr_example.o ./src/xttcps_tapp_example.o   -Wl,--start-group,-lxil,-lgcc,-lc,--end-group
Finished building target: FASEC_Periph-test.elf
 
Invoking: ARM v7 Print Size
arm-none-eabi-size FASEC_Periph-test.elf  |tee "FASEC_Periph-test.elf.size"
   text	   data	    bss	    dec	    hex	filename
 129884	   4368	  55376	 189628	  2e4bc	FASEC_Periph-test.elf
Finished building: FASEC_Periph-test.elf.size
 
13:59:01 **** Incremental Build of configuration Debug for project FASEC_Periph-test ****
make pre-build main-build 
a9-linaro-pre-build-step
 
make: Nothing to be done for 'main-build'.
14:00:55 **** Incremental Build of configuration Debug for project FASEC_Periph-test ****
make pre-build main-build 
a9-linaro-pre-build-step
 
make: Nothing to be done for 'main-build'.
14:24:47 **** Auto Build of configuration Debug for project FASEC_Periph-test ****
make pre-build main-build 
a9-linaro-pre-build-step
 
Building file: ../src/xemacps_example_util.c
Invoking: ARM v7 gcc compiler
arm-none-eabi-gcc -Wall -O0 -g3 -c -fmessage-length=0 -MT"src/xemacps_example_util.o" -mcpu=cortex-a9 -mfpu=vfpv3 -mfloat-abi=hard -I../../standalone_bsp_0/ps7_cortexa9_0/include -MMD -MP -MF"src/xemacps_example_util.d" -MT"src/xemacps_example_util.o" -o "src/xemacps_example_util.o" "../src/xemacps_example_util.c"
../src/xemacps_example_util.c: In function ‘EmacPsUtilMicrelPhyLoopback’:
../src/xemacps_example_util.c:708:2: warning: format ‘%u’ expects argument of type ‘unsigned int’, but argument 2 has type ‘u32’ [-Wformat=]
  printf("phy port %u reg %u before speed config: %#010x \n\r", PhyAddr, RegAddr, test);
  ^
../src/xemacps_example_util.c:708:2: warning: format ‘%u’ expects argument of type ‘unsigned int’, but argument 3 has type ‘u32’ [-Wformat=]
../src/xemacps_example_util.c:708:2: warning: format ‘%u’ expects argument of type ‘unsigned int’, but argument 2 has type ‘u32’ [-Wformat=]
../src/xemacps_example_util.c:708:2: warning: format ‘%u’ expects argument of type ‘unsigned int’, but argument 3 has type ‘u32’ [-Wformat=]
../src/xemacps_example_util.c:726:2: warning: format ‘%u’ expects argument of type ‘unsigned int’, but argument 2 has type ‘u32’ [-Wformat=]
  printf("phy port %u reg %u after reset: %#010x \n\r", PhyAddr, RegAddr, PhyReg0);
  ^
../src/xemacps_example_util.c:726:2: warning: format ‘%u’ expects argument of type ‘unsigned int’, but argument 3 has type ‘u32’ [-Wformat=]
../src/xemacps_example_util.c:726:2: warning: format ‘%u’ expects argument of type ‘unsigned int’, but argument 2 has type ‘u32’ [-Wformat=]
../src/xemacps_example_util.c:726:2: warning: format ‘%u’ expects argument of type ‘unsigned int’, but argument 3 has type ‘u32’ [-Wformat=]
../src/xemacps_example_util.c:748:2: warning: format ‘%u’ expects argument of type ‘unsigned int’, but argument 2 has type ‘u32’ [-Wformat=]
  printf("written phy port %u reg 0x0 : %#010x \n\r", i, PhyReg0);
  ^
../src/xemacps_example_util.c:748:2: warning: format ‘%u’ expects argument of type ‘unsigned int’, but argument 2 has type ‘u32’ [-Wformat=]
../src/xemacps_example_util.c:754:2: warning: format ‘%u’ expects argument of type ‘unsigned int’, but argument 2 has type ‘u32’ [-Wformat=]
  printf("phy port %u reg %u : %#010x \n\r", PhyAddr, RegAddr, PhyReg0);
  ^
../src/xemacps_example_util.c:754:2: warning: format ‘%u’ expects argument of type ‘unsigned int’, but argument 3 has type ‘u32’ [-Wformat=]
../src/xemacps_example_util.c:754:2: warning: format ‘%u’ expects argument of type ‘unsigned int’, but argument 2 has type ‘u32’ [-Wformat=]
../src/xemacps_example_util.c:754:2: warning: format ‘%u’ expects argument of type ‘unsigned int’, but argument 3 has type ‘u32’ [-Wformat=]
../src/xemacps_example_util.c:676:6: warning: unused variable ‘PhyReg1’ [-Wunused-variable]
  u16 PhyReg1  = 0;
      ^
../src/xemacps_example_util.c: In function ‘EmacPsUtilEnterLoopback’:
../src/xemacps_example_util.c:797:4: warning: format ‘%u’ expects argument of type ‘unsigned int’, but argument 2 has type ‘u32’ [-Wformat=]
    printf("phy port %u reg %u : %#010x \n\r",j, i, PhyIdentity);
    ^
../src/xemacps_example_util.c:797:4: warning: format ‘%u’ expects argument of type ‘unsigned int’, but argument 3 has type ‘u32’ [-Wformat=]
../src/xemacps_example_util.c:797:4: warning: format ‘%u’ expects argument of type ‘unsigned int’, but argument 2 has type ‘u32’ [-Wformat=]
../src/xemacps_example_util.c:797:4: warning: format ‘%u’ expects argument of type ‘unsigned int’, but argument 3 has type ‘u32’ [-Wformat=]
Finished building: ../src/xemacps_example_util.c
 
Building target: FASEC_Periph-test.elf
Invoking: ARM v7 gcc linker
arm-none-eabi-gcc -mcpu=cortex-a9 -mfpu=vfpv3 -mfloat-abi=hard -Wl,-build-id=none -specs=Xilinx.spec -Wl,-T -Wl,../src/lscript.ld -L../../standalone_bsp_0/ps7_cortexa9_0/lib -o "FASEC_Periph-test.elf"  ./src/testperiph.o ./src/xdevcfg_selftest_example.o ./src/xdmaps_example_w_intr.o ./src/xemacps_example_intr_dma.o ./src/xemacps_example_util.o ./src/xiicps_selftest_example.o ./src/xqspips_selftest_example.o ./src/xscugic_tapp_example.o ./src/xscutimer_intr_example.o ./src/xscutimer_polled_example.o ./src/xscuwdt_intr_example.o ./src/xttcps_tapp_example.o   -Wl,--start-group,-lxil,-lgcc,-lc,--end-group
Finished building target: FASEC_Periph-test.elf
 
Invoking: ARM v7 Print Size
arm-none-eabi-size FASEC_Periph-test.elf  |tee "FASEC_Periph-test.elf.size"
   text	   data	    bss	    dec	    hex	filename
 129884	   4368	  55376	 189628	  2e4bc	FASEC_Periph-test.elf
Finished building: FASEC_Periph-test.elf.size
 
14:26:43 **** Auto Build of configuration Debug for project FASEC_Periph-test ****
make pre-build main-build 
a9-linaro-pre-build-step
 
Building file: ../src/xemacps_example_util.c
Invoking: ARM v7 gcc compiler
arm-none-eabi-gcc -Wall -O0 -g3 -c -fmessage-length=0 -MT"src/xemacps_example_util.o" -mcpu=cortex-a9 -mfpu=vfpv3 -mfloat-abi=hard -I../../standalone_bsp_0/ps7_cortexa9_0/include -MMD -MP -MF"src/xemacps_example_util.d" -MT"src/xemacps_example_util.o" -o "src/xemacps_example_util.o" "../src/xemacps_example_util.c"
../src/xemacps_example_util.c: In function ‘EmacPsUtilMicrelPhyLoopback’:
../src/xemacps_example_util.c:708:2: warning: format ‘%u’ expects argument of type ‘unsigned int’, but argument 2 has type ‘u32’ [-Wformat=]
  printf("phy port %u reg %u before speed config: %#010x \n\r", PhyAddr, RegAddr, test);
  ^
../src/xemacps_example_util.c:708:2: warning: format ‘%u’ expects argument of type ‘unsigned int’, but argument 3 has type ‘u32’ [-Wformat=]
../src/xemacps_example_util.c:708:2: warning: format ‘%u’ expects argument of type ‘unsigned int’, but argument 2 has type ‘u32’ [-Wformat=]
../src/xemacps_example_util.c:708:2: warning: format ‘%u’ expects argument of type ‘unsigned int’, but argument 3 has type ‘u32’ [-Wformat=]
../src/xemacps_example_util.c:726:2: warning: format ‘%u’ expects argument of type ‘unsigned int’, but argument 2 has type ‘u32’ [-Wformat=]
  printf("phy port %u reg %u after reset: %#010x \n\r", PhyAddr, RegAddr, PhyReg0);
  ^
../src/xemacps_example_util.c:726:2: warning: format ‘%u’ expects argument of type ‘unsigned int’, but argument 3 has type ‘u32’ [-Wformat=]
../src/xemacps_example_util.c:726:2: warning: format ‘%u’ expects argument of type ‘unsigned int’, but argument 2 has type ‘u32’ [-Wformat=]
../src/xemacps_example_util.c:726:2: warning: format ‘%u’ expects argument of type ‘unsigned int’, but argument 3 has type ‘u32’ [-Wformat=]
../src/xemacps_example_util.c:748:2: warning: format ‘%u’ expects argument of type ‘unsigned int’, but argument 2 has type ‘u32’ [-Wformat=]
  printf("written phy port %u reg 0x0 : %#010x \n\r", i, PhyReg0);
  ^
../src/xemacps_example_util.c:748:2: warning: format ‘%u’ expects argument of type ‘unsigned int’, but argument 2 has type ‘u32’ [-Wformat=]
../src/xemacps_example_util.c:754:2: warning: format ‘%u’ expects argument of type ‘unsigned int’, but argument 2 has type ‘u32’ [-Wformat=]
  printf("phy port %u reg %u : %#010x \n\r", PhyAddr, RegAddr, PhyReg0);
  ^
../src/xemacps_example_util.c:754:2: warning: format ‘%u’ expects argument of type ‘unsigned int’, but argument 3 has type ‘u32’ [-Wformat=]
../src/xemacps_example_util.c:754:2: warning: format ‘%u’ expects argument of type ‘unsigned int’, but argument 2 has type ‘u32’ [-Wformat=]
../src/xemacps_example_util.c:754:2: warning: format ‘%u’ expects argument of type ‘unsigned int’, but argument 3 has type ‘u32’ [-Wformat=]
../src/xemacps_example_util.c:676:6: warning: unused variable ‘PhyReg1’ [-Wunused-variable]
  u16 PhyReg1  = 0;
      ^
../src/xemacps_example_util.c: In function ‘EmacPsUtilEnterLoopback’:
../src/xemacps_example_util.c:797:4: warning: format ‘%u’ expects argument of type ‘unsigned int’, but argument 2 has type ‘u32’ [-Wformat=]
    printf("phy port %u reg %u : %#010x \n\r",j, i, PhyIdentity);
    ^
../src/xemacps_example_util.c:797:4: warning: format ‘%u’ expects argument of type ‘unsigned int’, but argument 3 has type ‘u32’ [-Wformat=]
../src/xemacps_example_util.c:797:4: warning: format ‘%u’ expects argument of type ‘unsigned int’, but argument 2 has type ‘u32’ [-Wformat=]
../src/xemacps_example_util.c:797:4: warning: format ‘%u’ expects argument of type ‘unsigned int’, but argument 3 has type ‘u32’ [-Wformat=]
Finished building: ../src/xemacps_example_util.c
 
Building target: FASEC_Periph-test.elf
Invoking: ARM v7 gcc linker
arm-none-eabi-gcc -mcpu=cortex-a9 -mfpu=vfpv3 -mfloat-abi=hard -Wl,-build-id=none -specs=Xilinx.spec -Wl,-T -Wl,../src/lscript.ld -L../../standalone_bsp_0/ps7_cortexa9_0/lib -o "FASEC_Periph-test.elf"  ./src/testperiph.o ./src/xdevcfg_selftest_example.o ./src/xdmaps_example_w_intr.o ./src/xemacps_example_intr_dma.o ./src/xemacps_example_util.o ./src/xiicps_selftest_example.o ./src/xqspips_selftest_example.o ./src/xscugic_tapp_example.o ./src/xscutimer_intr_example.o ./src/xscutimer_polled_example.o ./src/xscuwdt_intr_example.o ./src/xttcps_tapp_example.o   -Wl,--start-group,-lxil,-lgcc,-lc,--end-group
Finished building target: FASEC_Periph-test.elf
 
Invoking: ARM v7 Print Size
arm-none-eabi-size FASEC_Periph-test.elf  |tee "FASEC_Periph-test.elf.size"
   text	   data	    bss	    dec	    hex	filename
 129884	   4368	  55376	 189628	  2e4bc	FASEC_Periph-test.elf
Finished building: FASEC_Periph-test.elf.size
 
14:29:01 **** Incremental Build of configuration Debug for project FASEC_Periph-test ****
make pre-build main-build 
a9-linaro-pre-build-step
 
make: Nothing to be done for 'main-build'.
14:30:01 **** Auto Build of configuration Debug for project FASEC_Periph-test ****
make pre-build main-build 
a9-linaro-pre-build-step
 
Building file: ../src/xemacps_example_util.c
Invoking: ARM v7 gcc compiler
arm-none-eabi-gcc -Wall -O0 -g3 -c -fmessage-length=0 -MT"src/xemacps_example_util.o" -mcpu=cortex-a9 -mfpu=vfpv3 -mfloat-abi=hard -I../../standalone_bsp_0/ps7_cortexa9_0/include -MMD -MP -MF"src/xemacps_example_util.d" -MT"src/xemacps_example_util.o" -o "src/xemacps_example_util.o" "../src/xemacps_example_util.c"
../src/xemacps_example_util.c: In function ‘EmacPsUtilMicrelPhyLoopback’:
../src/xemacps_example_util.c:708:2: warning: format ‘%u’ expects argument of type ‘unsigned int’, but argument 2 has type ‘u32’ [-Wformat=]
  printf("phy port %u reg %u before speed config: %#010x \n\r", PhyAddr, RegAddr, test);
  ^
../src/xemacps_example_util.c:708:2: warning: format ‘%u’ expects argument of type ‘unsigned int’, but argument 3 has type ‘u32’ [-Wformat=]
../src/xemacps_example_util.c:708:2: warning: format ‘%u’ expects argument of type ‘unsigned int’, but argument 2 has type ‘u32’ [-Wformat=]
../src/xemacps_example_util.c:708:2: warning: format ‘%u’ expects argument of type ‘unsigned int’, but argument 3 has type ‘u32’ [-Wformat=]
../src/xemacps_example_util.c:726:2: warning: format ‘%u’ expects argument of type ‘unsigned int’, but argument 2 has type ‘u32’ [-Wformat=]
  printf("phy port %u reg %u after reset: %#010x \n\r", PhyAddr, RegAddr, PhyReg0);
  ^
../src/xemacps_example_util.c:726:2: warning: format ‘%u’ expects argument of type ‘unsigned int’, but argument 3 has type ‘u32’ [-Wformat=]
../src/xemacps_example_util.c:726:2: warning: format ‘%u’ expects argument of type ‘unsigned int’, but argument 2 has type ‘u32’ [-Wformat=]
../src/xemacps_example_util.c:726:2: warning: format ‘%u’ expects argument of type ‘unsigned int’, but argument 3 has type ‘u32’ [-Wformat=]
../src/xemacps_example_util.c:748:2: warning: format ‘%u’ expects argument of type ‘unsigned int’, but argument 2 has type ‘u32’ [-Wformat=]
  printf("written phy port %u reg 0x0 : %#010x \n\r", i, PhyReg0);
  ^
../src/xemacps_example_util.c:748:2: warning: format ‘%u’ expects argument of type ‘unsigned int’, but argument 2 has type ‘u32’ [-Wformat=]
../src/xemacps_example_util.c:754:2: warning: format ‘%u’ expects argument of type ‘unsigned int’, but argument 2 has type ‘u32’ [-Wformat=]
  printf("phy port %u reg %u : %#010x \n\r", PhyAddr, RegAddr, PhyReg0);
  ^
../src/xemacps_example_util.c:754:2: warning: format ‘%u’ expects argument of type ‘unsigned int’, but argument 3 has type ‘u32’ [-Wformat=]
../src/xemacps_example_util.c:754:2: warning: format ‘%u’ expects argument of type ‘unsigned int’, but argument 2 has type ‘u32’ [-Wformat=]
../src/xemacps_example_util.c:754:2: warning: format ‘%u’ expects argument of type ‘unsigned int’, but argument 3 has type ‘u32’ [-Wformat=]
../src/xemacps_example_util.c:676:6: warning: unused variable ‘PhyReg1’ [-Wunused-variable]
  u16 PhyReg1  = 0;
      ^
../src/xemacps_example_util.c: In function ‘EmacPsUtilEnterLoopback’:
../src/xemacps_example_util.c:797:4: warning: format ‘%u’ expects argument of type ‘unsigned int’, but argument 2 has type ‘u32’ [-Wformat=]
    printf("phy port %u reg %u : %#010x \n\r",j, i, PhyIdentity);
    ^
../src/xemacps_example_util.c:797:4: warning: format ‘%u’ expects argument of type ‘unsigned int’, but argument 3 has type ‘u32’ [-Wformat=]
../src/xemacps_example_util.c:797:4: warning: format ‘%u’ expects argument of type ‘unsigned int’, but argument 2 has type ‘u32’ [-Wformat=]
../src/xemacps_example_util.c:797:4: warning: format ‘%u’ expects argument of type ‘unsigned int’, but argument 3 has type ‘u32’ [-Wformat=]
Finished building: ../src/xemacps_example_util.c
 
Building target: FASEC_Periph-test.elf
Invoking: ARM v7 gcc linker
arm-none-eabi-gcc -mcpu=cortex-a9 -mfpu=vfpv3 -mfloat-abi=hard -Wl,-build-id=none -specs=Xilinx.spec -Wl,-T -Wl,../src/lscript.ld -L../../standalone_bsp_0/ps7_cortexa9_0/lib -o "FASEC_Periph-test.elf"  ./src/testperiph.o ./src/xdevcfg_selftest_example.o ./src/xdmaps_example_w_intr.o ./src/xemacps_example_intr_dma.o ./src/xemacps_example_util.o ./src/xiicps_selftest_example.o ./src/xqspips_selftest_example.o ./src/xscugic_tapp_example.o ./src/xscutimer_intr_example.o ./src/xscutimer_polled_example.o ./src/xscuwdt_intr_example.o ./src/xttcps_tapp_example.o   -Wl,--start-group,-lxil,-lgcc,-lc,--end-group
Finished building target: FASEC_Periph-test.elf
 
Invoking: ARM v7 Print Size
arm-none-eabi-size FASEC_Periph-test.elf  |tee "FASEC_Periph-test.elf.size"
   text	   data	    bss	    dec	    hex	filename
 129884	   4368	  55376	 189628	  2e4bc	FASEC_Periph-test.elf
Finished building: FASEC_Periph-test.elf.size
 
14:30:08 **** Incremental Build of configuration Debug for project FASEC_Periph-test ****
make pre-build main-build 
a9-linaro-pre-build-step
 
make: Nothing to be done for 'main-build'.
14:31:12 **** Auto Build of configuration Debug for project FASEC_Periph-test ****
make pre-build main-build 
a9-linaro-pre-build-step
 
Building file: ../src/xemacps_example_util.c
Invoking: ARM v7 gcc compiler
arm-none-eabi-gcc -Wall -O0 -g3 -c -fmessage-length=0 -MT"src/xemacps_example_util.o" -mcpu=cortex-a9 -mfpu=vfpv3 -mfloat-abi=hard -I../../standalone_bsp_0/ps7_cortexa9_0/include -MMD -MP -MF"src/xemacps_example_util.d" -MT"src/xemacps_example_util.o" -o "src/xemacps_example_util.o" "../src/xemacps_example_util.c"
../src/xemacps_example_util.c: In function ‘EmacPsUtilMicrelPhyLoopback’:
../src/xemacps_example_util.c:708:2: warning: format ‘%u’ expects argument of type ‘unsigned int’, but argument 2 has type ‘u32’ [-Wformat=]
  printf("phy port %u reg %u before speed config: %#010x \n\r", PhyAddr, RegAddr, test);
  ^
../src/xemacps_example_util.c:708:2: warning: format ‘%u’ expects argument of type ‘unsigned int’, but argument 3 has type ‘u32’ [-Wformat=]
../src/xemacps_example_util.c:708:2: warning: format ‘%u’ expects argument of type ‘unsigned int’, but argument 2 has type ‘u32’ [-Wformat=]
../src/xemacps_example_util.c:708:2: warning: format ‘%u’ expects argument of type ‘unsigned int’, but argument 3 has type ‘u32’ [-Wformat=]
../src/xemacps_example_util.c:726:2: warning: format ‘%u’ expects argument of type ‘unsigned int’, but argument 2 has type ‘u32’ [-Wformat=]
  printf("phy port %u reg %u after reset: %#010x \n\r", PhyAddr, RegAddr, PhyReg0);
  ^
../src/xemacps_example_util.c:726:2: warning: format ‘%u’ expects argument of type ‘unsigned int’, but argument 3 has type ‘u32’ [-Wformat=]
../src/xemacps_example_util.c:726:2: warning: format ‘%u’ expects argument of type ‘unsigned int’, but argument 2 has type ‘u32’ [-Wformat=]
../src/xemacps_example_util.c:726:2: warning: format ‘%u’ expects argument of type ‘unsigned int’, but argument 3 has type ‘u32’ [-Wformat=]
../src/xemacps_example_util.c:748:2: warning: format ‘%u’ expects argument of type ‘unsigned int’, but argument 2 has type ‘u32’ [-Wformat=]
  printf("written phy port %u reg 0x0 : %#010x \n\r", i, PhyReg0);
  ^
../src/xemacps_example_util.c:748:2: warning: format ‘%u’ expects argument of type ‘unsigned int’, but argument 2 has type ‘u32’ [-Wformat=]
../src/xemacps_example_util.c:754:2: warning: format ‘%u’ expects argument of type ‘unsigned int’, but argument 2 has type ‘u32’ [-Wformat=]
  printf("phy port %u reg %u : %#010x \n\r", PhyAddr, RegAddr, PhyReg0);
  ^
../src/xemacps_example_util.c:754:2: warning: format ‘%u’ expects argument of type ‘unsigned int’, but argument 3 has type ‘u32’ [-Wformat=]
../src/xemacps_example_util.c:754:2: warning: format ‘%u’ expects argument of type ‘unsigned int’, but argument 2 has type ‘u32’ [-Wformat=]
../src/xemacps_example_util.c:754:2: warning: format ‘%u’ expects argument of type ‘unsigned int’, but argument 3 has type ‘u32’ [-Wformat=]
../src/xemacps_example_util.c:676:6: warning: unused variable ‘PhyReg1’ [-Wunused-variable]
  u16 PhyReg1  = 0;
      ^
../src/xemacps_example_util.c: In function ‘EmacPsUtilEnterLoopback’:
../src/xemacps_example_util.c:797:4: warning: format ‘%u’ expects argument of type ‘unsigned int’, but argument 2 has type ‘u32’ [-Wformat=]
    printf("phy port %u reg %u : %#010x \n\r",j, i, PhyIdentity);
    ^
../src/xemacps_example_util.c:797:4: warning: format ‘%u’ expects argument of type ‘unsigned int’, but argument 3 has type ‘u32’ [-Wformat=]
../src/xemacps_example_util.c:797:4: warning: format ‘%u’ expects argument of type ‘unsigned int’, but argument 2 has type ‘u32’ [-Wformat=]
../src/xemacps_example_util.c:797:4: warning: format ‘%u’ expects argument of type ‘unsigned int’, but argument 3 has type ‘u32’ [-Wformat=]
Finished building: ../src/xemacps_example_util.c
 
Building target: FASEC_Periph-test.elf
Invoking: ARM v7 gcc linker
arm-none-eabi-gcc -mcpu=cortex-a9 -mfpu=vfpv3 -mfloat-abi=hard -Wl,-build-id=none -specs=Xilinx.spec -Wl,-T -Wl,../src/lscript.ld -L../../standalone_bsp_0/ps7_cortexa9_0/lib -o "FASEC_Periph-test.elf"  ./src/testperiph.o ./src/xdevcfg_selftest_example.o ./src/xdmaps_example_w_intr.o ./src/xemacps_example_intr_dma.o ./src/xemacps_example_util.o ./src/xiicps_selftest_example.o ./src/xqspips_selftest_example.o ./src/xscugic_tapp_example.o ./src/xscutimer_intr_example.o ./src/xscutimer_polled_example.o ./src/xscuwdt_intr_example.o ./src/xttcps_tapp_example.o   -Wl,--start-group,-lxil,-lgcc,-lc,--end-group
Finished building target: FASEC_Periph-test.elf
 
Invoking: ARM v7 Print Size
arm-none-eabi-size FASEC_Periph-test.elf  |tee "FASEC_Periph-test.elf.size"
   text	   data	    bss	    dec	    hex	filename
 129884	   4368	  55376	 189628	  2e4bc	FASEC_Periph-test.elf
Finished building: FASEC_Periph-test.elf.size
 
14:32:01 **** Incremental Build of configuration Debug for project FASEC_Periph-test ****
make pre-build main-build 
a9-linaro-pre-build-step
 
make: Nothing to be done for 'main-build'.
14:34:30 **** Incremental Build of configuration Debug for project FASEC_Periph-test ****
make pre-build main-build 
a9-linaro-pre-build-step
 
make: Nothing to be done for 'main-build'.
14:36:01 **** Incremental Build of configuration Debug for project FASEC_Periph-test ****
make pre-build main-build 
a9-linaro-pre-build-step
 
make: Nothing to be done for 'main-build'.
14:36:29 **** Incremental Build of configuration Debug for project FASEC_Periph-test ****
make pre-build main-build 
a9-linaro-pre-build-step
 
make: Nothing to be done for 'main-build'.
14:37:34 **** Incremental Build of configuration Debug for project FASEC_Periph-test ****
make pre-build main-build 
a9-linaro-pre-build-step
 
make: Nothing to be done for 'main-build'.
14:41:26 **** Auto Build of configuration Debug for project FASEC_Periph-test ****
make pre-build main-build 
a9-linaro-pre-build-step
 
Building file: ../src/xemacps_example_util.c
Invoking: ARM v7 gcc compiler
arm-none-eabi-gcc -Wall -O0 -g3 -c -fmessage-length=0 -MT"src/xemacps_example_util.o" -mcpu=cortex-a9 -mfpu=vfpv3 -mfloat-abi=hard -I../../standalone_bsp_0/ps7_cortexa9_0/include -MMD -MP -MF"src/xemacps_example_util.d" -MT"src/xemacps_example_util.o" -o "src/xemacps_example_util.o" "../src/xemacps_example_util.c"
../src/xemacps_example_util.c: In function ‘EmacPsUtilMicrelPhyLoopback’:
../src/xemacps_example_util.c:708:2: warning: format ‘%u’ expects argument of type ‘unsigned int’, but argument 2 has type ‘u32’ [-Wformat=]
  printf("phy port %u reg %u before speed config: %#010x \n\r", PhyAddr, RegAddr, test);
  ^
../src/xemacps_example_util.c:708:2: warning: format ‘%u’ expects argument of type ‘unsigned int’, but argument 3 has type ‘u32’ [-Wformat=]
../src/xemacps_example_util.c:708:2: warning: format ‘%u’ expects argument of type ‘unsigned int’, but argument 2 has type ‘u32’ [-Wformat=]
../src/xemacps_example_util.c:708:2: warning: format ‘%u’ expects argument of type ‘unsigned int’, but argument 3 has type ‘u32’ [-Wformat=]
../src/xemacps_example_util.c:726:2: warning: format ‘%u’ expects argument of type ‘unsigned int’, but argument 2 has type ‘u32’ [-Wformat=]
  printf("phy port %u reg %u after reset: %#010x \n\r", PhyAddr, RegAddr, PhyReg0);
  ^
../src/xemacps_example_util.c:726:2: warning: format ‘%u’ expects argument of type ‘unsigned int’, but argument 3 has type ‘u32’ [-Wformat=]
../src/xemacps_example_util.c:726:2: warning: format ‘%u’ expects argument of type ‘unsigned int’, but argument 2 has type ‘u32’ [-Wformat=]
../src/xemacps_example_util.c:726:2: warning: format ‘%u’ expects argument of type ‘unsigned int’, but argument 3 has type ‘u32’ [-Wformat=]
../src/xemacps_example_util.c:740:3: warning: format ‘%u’ expects argument of type ‘unsigned int’, but argument 2 has type ‘u32’ [-Wformat=]
   printf("PHY %u reset\n\r", i);
   ^
../src/xemacps_example_util.c:740:3: warning: format ‘%u’ expects argument of type ‘unsigned int’, but argument 2 has type ‘u32’ [-Wformat=]
../src/xemacps_example_util.c:761:2: warning: format ‘%u’ expects argument of type ‘unsigned int’, but argument 2 has type ‘u32’ [-Wformat=]
  printf("written phy port %u reg 0x0 : %#010x \n\r", i, PhyReg0);
  ^
../src/xemacps_example_util.c:761:2: warning: format ‘%u’ expects argument of type ‘unsigned int’, but argument 2 has type ‘u32’ [-Wformat=]
../src/xemacps_example_util.c:767:2: warning: format ‘%u’ expects argument of type ‘unsigned int’, but argument 2 has type ‘u32’ [-Wformat=]
  printf("phy port %u reg %u : %#010x \n\r", PhyAddr, RegAddr, PhyReg0);
  ^
../src/xemacps_example_util.c:767:2: warning: format ‘%u’ expects argument of type ‘unsigned int’, but argument 3 has type ‘u32’ [-Wformat=]
../src/xemacps_example_util.c:767:2: warning: format ‘%u’ expects argument of type ‘unsigned int’, but argument 2 has type ‘u32’ [-Wformat=]
../src/xemacps_example_util.c:767:2: warning: format ‘%u’ expects argument of type ‘unsigned int’, but argument 3 has type ‘u32’ [-Wformat=]
../src/xemacps_example_util.c:676:6: warning: unused variable ‘PhyReg1’ [-Wunused-variable]
  u16 PhyReg1  = 0;
      ^
../src/xemacps_example_util.c: In function ‘EmacPsUtilEnterLoopback’:
../src/xemacps_example_util.c:810:4: warning: format ‘%u’ expects argument of type ‘unsigned int’, but argument 2 has type ‘u32’ [-Wformat=]
    printf("phy port %u reg %u : %#010x \n\r",j, i, PhyIdentity);
    ^
../src/xemacps_example_util.c:810:4: warning: format ‘%u’ expects argument of type ‘unsigned int’, but argument 3 has type ‘u32’ [-Wformat=]
../src/xemacps_example_util.c:810:4: warning: format ‘%u’ expects argument of type ‘unsigned int’, but argument 2 has type ‘u32’ [-Wformat=]
../src/xemacps_example_util.c:810:4: warning: format ‘%u’ expects argument of type ‘unsigned int’, but argument 3 has type ‘u32’ [-Wformat=]
Finished building: ../src/xemacps_example_util.c
 
Building target: FASEC_Periph-test.elf
Invoking: ARM v7 gcc linker
arm-none-eabi-gcc -mcpu=cortex-a9 -mfpu=vfpv3 -mfloat-abi=hard -Wl,-build-id=none -specs=Xilinx.spec -Wl,-T -Wl,../src/lscript.ld -L../../standalone_bsp_0/ps7_cortexa9_0/lib -o "FASEC_Periph-test.elf"  ./src/testperiph.o ./src/xdevcfg_selftest_example.o ./src/xdmaps_example_w_intr.o ./src/xemacps_example_intr_dma.o ./src/xemacps_example_util.o ./src/xiicps_selftest_example.o ./src/xqspips_selftest_example.o ./src/xscugic_tapp_example.o ./src/xscutimer_intr_example.o ./src/xscutimer_polled_example.o ./src/xscuwdt_intr_example.o ./src/xttcps_tapp_example.o   -Wl,--start-group,-lxil,-lgcc,-lc,--end-group
Finished building target: FASEC_Periph-test.elf
 
Invoking: ARM v7 Print Size
arm-none-eabi-size FASEC_Periph-test.elf  |tee "FASEC_Periph-test.elf.size"
   text	   data	    bss	    dec	    hex	filename
 130028	   4368	  55376	 189772	  2e54c	FASEC_Periph-test.elf
Finished building: FASEC_Periph-test.elf.size
 
14:42:04 **** Auto Build of configuration Debug for project FASEC_Periph-test ****
make pre-build main-build 
a9-linaro-pre-build-step
 
Building file: ../src/xemacps_example_util.c
Invoking: ARM v7 gcc compiler
arm-none-eabi-gcc -Wall -O0 -g3 -c -fmessage-length=0 -MT"src/xemacps_example_util.o" -mcpu=cortex-a9 -mfpu=vfpv3 -mfloat-abi=hard -I../../standalone_bsp_0/ps7_cortexa9_0/include -MMD -MP -MF"src/xemacps_example_util.d" -MT"src/xemacps_example_util.o" -o "src/xemacps_example_util.o" "../src/xemacps_example_util.c"
../src/xemacps_example_util.c: In function ‘EmacPsUtilMicrelPhyLoopback’:
../src/xemacps_example_util.c:708:2: warning: format ‘%u’ expects argument of type ‘unsigned int’, but argument 2 has type ‘u32’ [-Wformat=]
  printf("phy port %u reg %u before speed config: %#010x \n\r", PhyAddr, RegAddr, test);
  ^
../src/xemacps_example_util.c:708:2: warning: format ‘%u’ expects argument of type ‘unsigned int’, but argument 3 has type ‘u32’ [-Wformat=]
../src/xemacps_example_util.c:708:2: warning: format ‘%u’ expects argument of type ‘unsigned int’, but argument 2 has type ‘u32’ [-Wformat=]
../src/xemacps_example_util.c:708:2: warning: format ‘%u’ expects argument of type ‘unsigned int’, but argument 3 has type ‘u32’ [-Wformat=]
../src/xemacps_example_util.c:726:2: warning: format ‘%u’ expects argument of type ‘unsigned int’, but argument 2 has type ‘u32’ [-Wformat=]
  printf("phy port %u reg %u after reset: %#010x \n\r", PhyAddr, RegAddr, PhyReg0);
  ^
../src/xemacps_example_util.c:726:2: warning: format ‘%u’ expects argument of type ‘unsigned int’, but argument 3 has type ‘u32’ [-Wformat=]
../src/xemacps_example_util.c:726:2: warning: format ‘%u’ expects argument of type ‘unsigned int’, but argument 2 has type ‘u32’ [-Wformat=]
../src/xemacps_example_util.c:726:2: warning: format ‘%u’ expects argument of type ‘unsigned int’, but argument 3 has type ‘u32’ [-Wformat=]
../src/xemacps_example_util.c:740:3: warning: format ‘%u’ expects argument of type ‘unsigned int’, but argument 2 has type ‘u32’ [-Wformat=]
   printf("PHY %u reset\n\r", i);
   ^
../src/xemacps_example_util.c:740:3: warning: format ‘%u’ expects argument of type ‘unsigned int’, but argument 2 has type ‘u32’ [-Wformat=]
../src/xemacps_example_util.c:761:2: warning: format ‘%u’ expects argument of type ‘unsigned int’, but argument 2 has type ‘u32’ [-Wformat=]
  printf("written phy port %u reg 0x0 : %#010x \n\r", i, PhyReg0);
  ^
../src/xemacps_example_util.c:761:2: warning: format ‘%u’ expects argument of type ‘unsigned int’, but argument 2 has type ‘u32’ [-Wformat=]
../src/xemacps_example_util.c:767:2: warning: format ‘%u’ expects argument of type ‘unsigned int’, but argument 2 has type ‘u32’ [-Wformat=]
  printf("phy port %u reg %u : %#010x \n\r", PhyAddr, RegAddr, PhyReg0);
  ^
../src/xemacps_example_util.c:767:2: warning: format ‘%u’ expects argument of type ‘unsigned int’, but argument 3 has type ‘u32’ [-Wformat=]
../src/xemacps_example_util.c:767:2: warning: format ‘%u’ expects argument of type ‘unsigned int’, but argument 2 has type ‘u32’ [-Wformat=]
../src/xemacps_example_util.c:767:2: warning: format ‘%u’ expects argument of type ‘unsigned int’, but argument 3 has type ‘u32’ [-Wformat=]
../src/xemacps_example_util.c:676:6: warning: unused variable ‘PhyReg1’ [-Wunused-variable]
  u16 PhyReg1  = 0;
      ^
../src/xemacps_example_util.c: In function ‘EmacPsUtilEnterLoopback’:
../src/xemacps_example_util.c:811:4: warning: format ‘%u’ expects argument of type ‘unsigned int’, but argument 2 has type ‘u32’ [-Wformat=]
    printf("phy port %u reg %u : %#010x \n\r",j, i, PhyIdentity);
    ^
../src/xemacps_example_util.c:811:4: warning: format ‘%u’ expects argument of type ‘unsigned int’, but argument 3 has type ‘u32’ [-Wformat=]
../src/xemacps_example_util.c:811:4: warning: format ‘%u’ expects argument of type ‘unsigned int’, but argument 2 has type ‘u32’ [-Wformat=]
../src/xemacps_example_util.c:811:4: warning: format ‘%u’ expects argument of type ‘unsigned int’, but argument 3 has type ‘u32’ [-Wformat=]
Finished building: ../src/xemacps_example_util.c
 
Building target: FASEC_Periph-test.elf
Invoking: ARM v7 gcc linker
arm-none-eabi-gcc -mcpu=cortex-a9 -mfpu=vfpv3 -mfloat-abi=hard -Wl,-build-id=none -specs=Xilinx.spec -Wl,-T -Wl,../src/lscript.ld -L../../standalone_bsp_0/ps7_cortexa9_0/lib -o "FASEC_Periph-test.elf"  ./src/testperiph.o ./src/xdevcfg_selftest_example.o ./src/xdmaps_example_w_intr.o ./src/xemacps_example_intr_dma.o ./src/xemacps_example_util.o ./src/xiicps_selftest_example.o ./src/xqspips_selftest_example.o ./src/xscugic_tapp_example.o ./src/xscutimer_intr_example.o ./src/xscutimer_polled_example.o ./src/xscuwdt_intr_example.o ./src/xttcps_tapp_example.o   -Wl,--start-group,-lxil,-lgcc,-lc,--end-group
Finished building target: FASEC_Periph-test.elf
 
Invoking: ARM v7 Print Size
arm-none-eabi-size FASEC_Periph-test.elf  |tee "FASEC_Periph-test.elf.size"
   text	   data	    bss	    dec	    hex	filename
 130028	   4368	  55376	 189772	  2e54c	FASEC_Periph-test.elf
Finished building: FASEC_Periph-test.elf.size
 
14:42:09 **** Auto Build of configuration Debug for project FASEC_Periph-test ****
make pre-build main-build 
a9-linaro-pre-build-step
 
Building file: ../src/xemacps_example_util.c
Invoking: ARM v7 gcc compiler
arm-none-eabi-gcc -Wall -O0 -g3 -c -fmessage-length=0 -MT"src/xemacps_example_util.o" -mcpu=cortex-a9 -mfpu=vfpv3 -mfloat-abi=hard -I../../standalone_bsp_0/ps7_cortexa9_0/include -MMD -MP -MF"src/xemacps_example_util.d" -MT"src/xemacps_example_util.o" -o "src/xemacps_example_util.o" "../src/xemacps_example_util.c"
../src/xemacps_example_util.c: In function ‘EmacPsUtilMicrelPhyLoopback’:
../src/xemacps_example_util.c:708:2: warning: format ‘%u’ expects argument of type ‘unsigned int’, but argument 2 has type ‘u32’ [-Wformat=]
  printf("phy port %u reg %u before speed config: %#010x \n\r", PhyAddr, RegAddr, test);
  ^
../src/xemacps_example_util.c:708:2: warning: format ‘%u’ expects argument of type ‘unsigned int’, but argument 3 has type ‘u32’ [-Wformat=]
../src/xemacps_example_util.c:708:2: warning: format ‘%u’ expects argument of type ‘unsigned int’, but argument 2 has type ‘u32’ [-Wformat=]
../src/xemacps_example_util.c:708:2: warning: format ‘%u’ expects argument of type ‘unsigned int’, but argument 3 has type ‘u32’ [-Wformat=]
../src/xemacps_example_util.c:726:2: warning: format ‘%u’ expects argument of type ‘unsigned int’, but argument 2 has type ‘u32’ [-Wformat=]
  printf("phy port %u reg %u after reset: %#010x \n\r", PhyAddr, RegAddr, PhyReg0);
  ^
../src/xemacps_example_util.c:726:2: warning: format ‘%u’ expects argument of type ‘unsigned int’, but argument 3 has type ‘u32’ [-Wformat=]
../src/xemacps_example_util.c:726:2: warning: format ‘%u’ expects argument of type ‘unsigned int’, but argument 2 has type ‘u32’ [-Wformat=]
../src/xemacps_example_util.c:726:2: warning: format ‘%u’ expects argument of type ‘unsigned int’, but argument 3 has type ‘u32’ [-Wformat=]
../src/xemacps_example_util.c:740:3: warning: format ‘%u’ expects argument of type ‘unsigned int’, but argument 2 has type ‘u32’ [-Wformat=]
   printf("PHY %u reset\n\r", i);
   ^
../src/xemacps_example_util.c:740:3: warning: format ‘%u’ expects argument of type ‘unsigned int’, but argument 2 has type ‘u32’ [-Wformat=]
../src/xemacps_example_util.c:761:2: warning: format ‘%u’ expects argument of type ‘unsigned int’, but argument 2 has type ‘u32’ [-Wformat=]
  printf("written phy port %u reg 0x0 : %#010x \n\r", i, PhyReg0);
  ^
../src/xemacps_example_util.c:761:2: warning: format ‘%u’ expects argument of type ‘unsigned int’, but argument 2 has type ‘u32’ [-Wformat=]
../src/xemacps_example_util.c:767:2: warning: format ‘%u’ expects argument of type ‘unsigned int’, but argument 2 has type ‘u32’ [-Wformat=]
  printf("phy port %u reg %u : %#010x \n\r", PhyAddr, RegAddr, PhyReg0);
  ^
../src/xemacps_example_util.c:767:2: warning: format ‘%u’ expects argument of type ‘unsigned int’, but argument 3 has type ‘u32’ [-Wformat=]
../src/xemacps_example_util.c:767:2: warning: format ‘%u’ expects argument of type ‘unsigned int’, but argument 2 has type ‘u32’ [-Wformat=]
../src/xemacps_example_util.c:767:2: warning: format ‘%u’ expects argument of type ‘unsigned int’, but argument 3 has type ‘u32’ [-Wformat=]
../src/xemacps_example_util.c:676:6: warning: unused variable ‘PhyReg1’ [-Wunused-variable]
  u16 PhyReg1  = 0;
      ^
../src/xemacps_example_util.c: In function ‘EmacPsUtilEnterLoopback’:
../src/xemacps_example_util.c:811:4: warning: format ‘%u’ expects argument of type ‘unsigned int’, but argument 2 has type ‘u32’ [-Wformat=]
    printf("phy port %u reg %u : %#010x \n\r",j, i, PhyIdentity);
    ^
../src/xemacps_example_util.c:811:4: warning: format ‘%u’ expects argument of type ‘unsigned int’, but argument 3 has type ‘u32’ [-Wformat=]
../src/xemacps_example_util.c:811:4: warning: format ‘%u’ expects argument of type ‘unsigned int’, but argument 2 has type ‘u32’ [-Wformat=]
../src/xemacps_example_util.c:811:4: warning: format ‘%u’ expects argument of type ‘unsigned int’, but argument 3 has type ‘u32’ [-Wformat=]
Finished building: ../src/xemacps_example_util.c
 
Building target: FASEC_Periph-test.elf
Invoking: ARM v7 gcc linker
arm-none-eabi-gcc -mcpu=cortex-a9 -mfpu=vfpv3 -mfloat-abi=hard -Wl,-build-id=none -specs=Xilinx.spec -Wl,-T -Wl,../src/lscript.ld -L../../standalone_bsp_0/ps7_cortexa9_0/lib -o "FASEC_Periph-test.elf"  ./src/testperiph.o ./src/xdevcfg_selftest_example.o ./src/xdmaps_example_w_intr.o ./src/xemacps_example_intr_dma.o ./src/xemacps_example_util.o ./src/xiicps_selftest_example.o ./src/xqspips_selftest_example.o ./src/xscugic_tapp_example.o ./src/xscutimer_intr_example.o ./src/xscutimer_polled_example.o ./src/xscuwdt_intr_example.o ./src/xttcps_tapp_example.o   -Wl,--start-group,-lxil,-lgcc,-lc,--end-group
Finished building target: FASEC_Periph-test.elf
 
Invoking: ARM v7 Print Size
arm-none-eabi-size FASEC_Periph-test.elf  |tee "FASEC_Periph-test.elf.size"
   text	   data	    bss	    dec	    hex	filename
 130028	   4368	  55376	 189772	  2e54c	FASEC_Periph-test.elf
Finished building: FASEC_Periph-test.elf.size
 
14:42:15 **** Incremental Build of configuration Debug for project FASEC_Periph-test ****
make pre-build main-build 
a9-linaro-pre-build-step
 
make: Nothing to be done for 'main-build'.
14:44:19 **** Auto Build of configuration Debug for project FASEC_Periph-test ****
make pre-build main-build 
a9-linaro-pre-build-step
 
Building file: ../src/xemacps_example_util.c
Invoking: ARM v7 gcc compiler
arm-none-eabi-gcc -Wall -O0 -g3 -c -fmessage-length=0 -MT"src/xemacps_example_util.o" -mcpu=cortex-a9 -mfpu=vfpv3 -mfloat-abi=hard -I../../standalone_bsp_0/ps7_cortexa9_0/include -MMD -MP -MF"src/xemacps_example_util.d" -MT"src/xemacps_example_util.o" -o "src/xemacps_example_util.o" "../src/xemacps_example_util.c"
../src/xemacps_example_util.c: In function ‘EmacPsUtilMicrelPhyLoopback’:
../src/xemacps_example_util.c:708:2: warning: format ‘%u’ expects argument of type ‘unsigned int’, but argument 2 has type ‘u32’ [-Wformat=]
  printf("phy port %u reg %u before speed config: %#010x \n\r", PhyAddr, RegAddr, test);
  ^
../src/xemacps_example_util.c:708:2: warning: format ‘%u’ expects argument of type ‘unsigned int’, but argument 3 has type ‘u32’ [-Wformat=]
../src/xemacps_example_util.c:708:2: warning: format ‘%u’ expects argument of type ‘unsigned int’, but argument 2 has type ‘u32’ [-Wformat=]
../src/xemacps_example_util.c:708:2: warning: format ‘%u’ expects argument of type ‘unsigned int’, but argument 3 has type ‘u32’ [-Wformat=]
../src/xemacps_example_util.c:726:2: warning: format ‘%u’ expects argument of type ‘unsigned int’, but argument 2 has type ‘u32’ [-Wformat=]
  printf("phy port %u reg %u after reset: %#010x \n\r", PhyAddr, RegAddr, PhyReg0);
  ^
../src/xemacps_example_util.c:726:2: warning: format ‘%u’ expects argument of type ‘unsigned int’, but argument 3 has type ‘u32’ [-Wformat=]
../src/xemacps_example_util.c:726:2: warning: format ‘%u’ expects argument of type ‘unsigned int’, but argument 2 has type ‘u32’ [-Wformat=]
../src/xemacps_example_util.c:726:2: warning: format ‘%u’ expects argument of type ‘unsigned int’, but argument 3 has type ‘u32’ [-Wformat=]
src/subdir.mk:54: recipe for target 'src/xemacps_example_util.o' failed
../src/xemacps_example_util.c:740:3: warning: format ‘%u’ expects argument of type ‘unsigned int’, but argument 2 has type ‘u32’ [-Wformat=]
   printf("PHY %u reset\n\r", i);
   ^
../src/xemacps_example_util.c:740:3: warning: format ‘%u’ expects argument of type ‘unsigned int’, but argument 2 has type ‘u32’ [-Wformat=]
../src/xemacps_example_util.c:761:74: error: expected ‘)’ before ‘PhyReg0’
  printf("written phy port %u reg %#010x : %#010x \n\r", PhyAddr, RegAddr PhyReg0);
                                                                          ^
../src/xemacps_example_util.c:761:74: warning: format ‘%u’ expects argument of type ‘unsigned int’, but argument 2 has type ‘u32’ [-Wformat=]
../src/xemacps_example_util.c:761:74: warning: format ‘%x’ expects argument of type ‘unsigned int’, but argument 3 has type ‘u32’ [-Wformat=]
../src/xemacps_example_util.c:761:74: warning: format ‘%x’ expects a matching ‘unsigned int’ argument [-Wformat=]
../src/xemacps_example_util.c:761:74: warning: format ‘%u’ expects argument of type ‘unsigned int’, but argument 2 has type ‘u32’ [-Wformat=]
../src/xemacps_example_util.c:761:74: warning: format ‘%x’ expects argument of type ‘unsigned int’, but argument 3 has type ‘u32’ [-Wformat=]
../src/xemacps_example_util.c:761:74: warning: format ‘%x’ expects a matching ‘unsigned int’ argument [-Wformat=]
../src/xemacps_example_util.c:767:2: warning: format ‘%u’ expects argument of type ‘unsigned int’, but argument 2 has type ‘u32’ [-Wformat=]
  printf("phy port %u reg %u : %#010x \n\r", PhyAddr, RegAddr, PhyReg0);
  ^
../src/xemacps_example_util.c:767:2: warning: format ‘%u’ expects argument of type ‘unsigned int’, but argument 3 has type ‘u32’ [-Wformat=]
../src/xemacps_example_util.c:767:2: warning: format ‘%u’ expects argument of type ‘unsigned int’, but argument 2 has type ‘u32’ [-Wformat=]
../src/xemacps_example_util.c:767:2: warning: format ‘%u’ expects argument of type ‘unsigned int’, but argument 3 has type ‘u32’ [-Wformat=]
../src/xemacps_example_util.c:676:6: warning: unused variable ‘PhyReg1’ [-Wunused-variable]
  u16 PhyReg1  = 0;
      ^
../src/xemacps_example_util.c: In function ‘EmacPsUtilEnterLoopback’:
../src/xemacps_example_util.c:811:4: warning: format ‘%u’ expects argument of type ‘unsigned int’, but argument 2 has type ‘u32’ [-Wformat=]
    printf("phy port %u reg %u : %#010x \n\r",j, i, PhyIdentity);
    ^
../src/xemacps_example_util.c:811:4: warning: format ‘%u’ expects argument of type ‘unsigned int’, but argument 3 has type ‘u32’ [-Wformat=]
../src/xemacps_example_util.c:811:4: warning: format ‘%u’ expects argument of type ‘unsigned int’, but argument 2 has type ‘u32’ [-Wformat=]
../src/xemacps_example_util.c:811:4: warning: format ‘%u’ expects argument of type ‘unsigned int’, but argument 3 has type ‘u32’ [-Wformat=]
make: *** [src/xemacps_example_util.o] Error 1
14:44:47 **** Auto Build of configuration Debug for project FASEC_Periph-test ****
make pre-build main-build 
a9-linaro-pre-build-step
 
Building file: ../src/xemacps_example_util.c
Invoking: ARM v7 gcc compiler
arm-none-eabi-gcc -Wall -O0 -g3 -c -fmessage-length=0 -MT"src/xemacps_example_util.o" -mcpu=cortex-a9 -mfpu=vfpv3 -mfloat-abi=hard -I../../standalone_bsp_0/ps7_cortexa9_0/include -MMD -MP -MF"src/xemacps_example_util.d" -MT"src/xemacps_example_util.o" -o "src/xemacps_example_util.o" "../src/xemacps_example_util.c"
../src/xemacps_example_util.c: In function ‘EmacPsUtilMicrelPhyLoopback’:
../src/xemacps_example_util.c:708:2: warning: format ‘%u’ expects argument of type ‘unsigned int’, but argument 2 has type ‘u32’ [-Wformat=]
  printf("phy port %u reg %u before speed config: %#010x \n\r", PhyAddr, RegAddr, test);
  ^
../src/xemacps_example_util.c:708:2: warning: format ‘%u’ expects argument of type ‘unsigned int’, but argument 3 has type ‘u32’ [-Wformat=]
../src/xemacps_example_util.c:708:2: warning: format ‘%u’ expects argument of type ‘unsigned int’, but argument 2 has type ‘u32’ [-Wformat=]
../src/xemacps_example_util.c:708:2: warning: format ‘%u’ expects argument of type ‘unsigned int’, but argument 3 has type ‘u32’ [-Wformat=]
../src/xemacps_example_util.c:726:2: warning: format ‘%u’ expects argument of type ‘unsigned int’, but argument 2 has type ‘u32’ [-Wformat=]
  printf("phy port %u reg %u after reset: %#010x \n\r", PhyAddr, RegAddr, PhyReg0);
  ^
../src/xemacps_example_util.c:726:2: warning: format ‘%u’ expects argument of type ‘unsigned int’, but argument 3 has type ‘u32’ [-Wformat=]
../src/xemacps_example_util.c:726:2: warning: format ‘%u’ expects argument of type ‘unsigned int’, but argument 2 has type ‘u32’ [-Wformat=]
../src/xemacps_example_util.c:726:2: warning: format ‘%u’ expects argument of type ‘unsigned int’, but argument 3 has type ‘u32’ [-Wformat=]
../src/xemacps_example_util.c:740:3: warning: format ‘%u’ expects argument of type ‘unsigned int’, but argument 2 has type ‘u32’ [-Wformat=]
   printf("PHY %u reset\n\r", i);
   ^
../src/xemacps_example_util.c:740:3: warning: format ‘%u’ expects argument of type ‘unsigned int’, but argument 2 has type ‘u32’ [-Wformat=]
../src/xemacps_example_util.c:761:70: error: expected ‘)’ before ‘PhyReg0’
  printf("written phy port %u reg %u : %#010x \n\r", PhyAddr, RegAddr PhyReg0);
                                                                      ^
../src/xemacps_example_util.c:761:70: warning: format ‘%u’ expects argument of type ‘unsigned int’, but argument 2 has type ‘u32’ [-Wformat=]
../src/xemacps_example_util.c:761:70: warning: format ‘%u’ expects argument of type ‘unsigned int’, but argument 3 has type ‘u32’ [-Wformat=]
../src/xemacps_example_util.c:761:70: warning: format ‘%x’ expects a matching ‘unsigned int’ argument [-Wformat=]
../src/xemacps_example_util.c:761:70: warning: format ‘%u’ expects argument of type ‘unsigned int’, but argument 2 has type ‘u32’ [-Wformat=]
../src/xemacps_example_util.c:761:70: warning: format ‘%u’ expects argument of type ‘unsigned int’, but argument 3 has type ‘u32’ [-Wformat=]
../src/xemacps_example_util.c:761:70: warning: format ‘%x’ expects a matching ‘unsigned int’ argument [-Wformat=]
../src/xemacps_example_util.c:767:2: warning: format ‘%u’ expects argument of type ‘unsigned int’, but argument 2 has type ‘u32’ [-Wformat=]
  printf("phy port %u reg %u : %#010x \n\r", PhyAddr, RegAddr, PhyReg0);
  ^
../src/xemacps_example_util.c:767:2: warning: format ‘%u’ expects argument of type ‘unsigned int’, but argument 3 has type ‘u32’ [-Wformat=]
../src/xemacps_example_util.c:767:2: warning: format ‘%u’ expects argument of type ‘unsigned int’, but argument 2 has type ‘u32’ [-Wformat=]
../src/xemacps_example_util.c:767:2: warning: format ‘%u’ expects argument of type ‘unsigned int’, but argument 3 has type ‘u32’ [-Wformat=]
../src/xemacps_example_util.c:676:6: warning: unused variable ‘PhyReg1’ [-Wunused-variable]
  u16 PhyReg1  = 0;
      ^
../src/xemacps_example_util.c: In function ‘EmacPsUtilEnterLoopback’:
../src/xemacps_example_util.c:811:4: warning: format ‘%u’ expects argument of type ‘unsigned int’, but argument 2 has type ‘u32’ [-Wformat=]
src/subdir.mk:54: recipe for target 'src/xemacps_example_util.o' failed
    printf("phy port %u reg %u : %#010x \n\r",j, i, PhyIdentity);
    ^
../src/xemacps_example_util.c:811:4: warning: format ‘%u’ expects argument of type ‘unsigned int’, but argument 3 has type ‘u32’ [-Wformat=]
../src/xemacps_example_util.c:811:4: warning: format ‘%u’ expects argument of type ‘unsigned int’, but argument 2 has type ‘u32’ [-Wformat=]
../src/xemacps_example_util.c:811:4: warning: format ‘%u’ expects argument of type ‘unsigned int’, but argument 3 has type ‘u32’ [-Wformat=]
make: *** [src/xemacps_example_util.o] Error 1
14:44:56 **** Auto Build of configuration Debug for project FASEC_Periph-test ****
make pre-build main-build 
a9-linaro-pre-build-step
 
Building file: ../src/xemacps_example_util.c
Invoking: ARM v7 gcc compiler
arm-none-eabi-gcc -Wall -O0 -g3 -c -fmessage-length=0 -MT"src/xemacps_example_util.o" -mcpu=cortex-a9 -mfpu=vfpv3 -mfloat-abi=hard -I../../standalone_bsp_0/ps7_cortexa9_0/include -MMD -MP -MF"src/xemacps_example_util.d" -MT"src/xemacps_example_util.o" -o "src/xemacps_example_util.o" "../src/xemacps_example_util.c"
../src/xemacps_example_util.c: In function ‘EmacPsUtilMicrelPhyLoopback’:
../src/xemacps_example_util.c:708:2: warning: format ‘%u’ expects argument of type ‘unsigned int’, but argument 2 has type ‘u32’ [-Wformat=]
  printf("phy port %u reg %u before speed config: %#010x \n\r", PhyAddr, RegAddr, test);
  ^
../src/xemacps_example_util.c:708:2: warning: format ‘%u’ expects argument of type ‘unsigned int’, but argument 3 has type ‘u32’ [-Wformat=]
../src/xemacps_example_util.c:708:2: warning: format ‘%u’ expects argument of type ‘unsigned int’, but argument 2 has type ‘u32’ [-Wformat=]
../src/xemacps_example_util.c:708:2: warning: format ‘%u’ expects argument of type ‘unsigned int’, but argument 3 has type ‘u32’ [-Wformat=]
../src/xemacps_example_util.c:726:2: warning: format ‘%u’ expects argument of type ‘unsigned int’, but argument 2 has type ‘u32’ [-Wformat=]
  printf("phy port %u reg %u after reset: %#010x \n\r", PhyAddr, RegAddr, PhyReg0);
  ^
../src/xemacps_example_util.c:726:2: warning: format ‘%u’ expects argument of type ‘unsigned int’, but argument 3 has type ‘u32’ [-Wformat=]
../src/xemacps_example_util.c:726:2: warning: format ‘%u’ expects argument of type ‘unsigned int’, but argument 2 has type ‘u32’ [-Wformat=]
../src/xemacps_example_util.c:726:2: warning: format ‘%u’ expects argument of type ‘unsigned int’, but argument 3 has type ‘u32’ [-Wformat=]
../src/xemacps_example_util.c:740:3: warning: format ‘%u’ expects argument of type ‘unsigned int’, but argument 2 has type ‘u32’ [-Wformat=]
   printf("PHY %u reset\n\r", i);
   ^
../src/xemacps_example_util.c:740:3: warning: format ‘%u’ expects argument of type ‘unsigned int’, but argument 2 has type ‘u32’ [-Wformat=]
../src/xemacps_example_util.c:761:2: warning: format ‘%u’ expects argument of type ‘unsigned int’, but argument 2 has type ‘u32’ [-Wformat=]
  printf("written phy port %u reg %u : %#010x \n\r", PhyAddr, RegAddr, PhyReg0);
  ^
../src/xemacps_example_util.c:761:2: warning: format ‘%u’ expects argument of type ‘unsigned int’, but argument 3 has type ‘u32’ [-Wformat=]
../src/xemacps_example_util.c:761:2: warning: format ‘%u’ expects argument of type ‘unsigned int’, but argument 2 has type ‘u32’ [-Wformat=]
../src/xemacps_example_util.c:761:2: warning: format ‘%u’ expects argument of type ‘unsigned int’, but argument 3 has type ‘u32’ [-Wformat=]
../src/xemacps_example_util.c:767:2: warning: format ‘%u’ expects argument of type ‘unsigned int’, but argument 2 has type ‘u32’ [-Wformat=]
  printf("phy port %u reg %u : %#010x \n\r", PhyAddr, RegAddr, PhyReg0);
  ^
../src/xemacps_example_util.c:767:2: warning: format ‘%u’ expects argument of type ‘unsigned int’, but argument 3 has type ‘u32’ [-Wformat=]
../src/xemacps_example_util.c:767:2: warning: format ‘%u’ expects argument of type ‘unsigned int’, but argument 2 has type ‘u32’ [-Wformat=]
../src/xemacps_example_util.c:767:2: warning: format ‘%u’ expects argument of type ‘unsigned int’, but argument 3 has type ‘u32’ [-Wformat=]
../src/xemacps_example_util.c:676:6: warning: unused variable ‘PhyReg1’ [-Wunused-variable]
  u16 PhyReg1  = 0;
      ^
../src/xemacps_example_util.c: In function ‘EmacPsUtilEnterLoopback’:
../src/xemacps_example_util.c:811:4: warning: format ‘%u’ expects argument of type ‘unsigned int’, but argument 2 has type ‘u32’ [-Wformat=]
    printf("phy port %u reg %u : %#010x \n\r",j, i, PhyIdentity);
    ^
../src/xemacps_example_util.c:811:4: warning: format ‘%u’ expects argument of type ‘unsigned int’, but argument 3 has type ‘u32’ [-Wformat=]
../src/xemacps_example_util.c:811:4: warning: format ‘%u’ expects argument of type ‘unsigned int’, but argument 2 has type ‘u32’ [-Wformat=]
../src/xemacps_example_util.c:811:4: warning: format ‘%u’ expects argument of type ‘unsigned int’, but argument 3 has type ‘u32’ [-Wformat=]
Finished building: ../src/xemacps_example_util.c
 
Building target: FASEC_Periph-test.elf
Invoking: ARM v7 gcc linker
arm-none-eabi-gcc -mcpu=cortex-a9 -mfpu=vfpv3 -mfloat-abi=hard -Wl,-build-id=none -specs=Xilinx.spec -Wl,-T -Wl,../src/lscript.ld -L../../standalone_bsp_0/ps7_cortexa9_0/lib -o "FASEC_Periph-test.elf"  ./src/testperiph.o ./src/xdevcfg_selftest_example.o ./src/xdmaps_example_w_intr.o ./src/xemacps_example_intr_dma.o ./src/xemacps_example_util.o ./src/xiicps_selftest_example.o ./src/xqspips_selftest_example.o ./src/xscugic_tapp_example.o ./src/xscutimer_intr_example.o ./src/xscutimer_polled_example.o ./src/xscuwdt_intr_example.o ./src/xttcps_tapp_example.o   -Wl,--start-group,-lxil,-lgcc,-lc,--end-group
Finished building target: FASEC_Periph-test.elf
 
Invoking: ARM v7 Print Size
arm-none-eabi-size FASEC_Periph-test.elf  |tee "FASEC_Periph-test.elf.size"
   text	   data	    bss	    dec	    hex	filename
 130028	   4368	  55376	 189772	  2e54c	FASEC_Periph-test.elf
Finished building: FASEC_Periph-test.elf.size
 
14:45:05 **** Incremental Build of configuration Debug for project FASEC_Periph-test ****
make pre-build main-build 
a9-linaro-pre-build-step
 
make: Nothing to be done for 'main-build'.
14:48:23 **** Incremental Build of configuration Debug for project FASEC_Periph-test ****
make pre-build main-build 
a9-linaro-pre-build-step
 
make: Nothing to be done for 'main-build'.
14:52:19 **** Incremental Build of configuration Debug for project FASEC_Periph-test ****
make pre-build main-build 
a9-linaro-pre-build-step
 
make: Nothing to be done for 'main-build'.
14:57:28 **** Auto Build of configuration Debug for project FASEC_Periph-test ****
make pre-build main-build 
a9-linaro-pre-build-step
 
Building file: ../src/xemacps_example_intr_dma.c
Invoking: ARM v7 gcc compiler
arm-none-eabi-gcc -Wall -O0 -g3 -c -fmessage-length=0 -MT"src/xemacps_example_intr_dma.o" -mcpu=cortex-a9 -mfpu=vfpv3 -mfloat-abi=hard -I../../standalone_bsp_0/ps7_cortexa9_0/include -MMD -MP -MF"src/xemacps_example_intr_dma.d" -MT"src/xemacps_example_intr_dma.o" -o "src/xemacps_example_intr_dma.o" "../src/xemacps_example_intr_dma.c"
../src/xemacps_example_intr_dma.c: In function ‘XEmacPsClkSetup’:
../src/xemacps_example_intr_dma.c:1294:6: warning: unused variable ‘CrlApbClkCntrl’ [-Wunused-variable]
  u32 CrlApbClkCntrl;
      ^
Finished building: ../src/xemacps_example_intr_dma.c
 
Building target: FASEC_Periph-test.elf
Invoking: ARM v7 gcc linker
arm-none-eabi-gcc -mcpu=cortex-a9 -mfpu=vfpv3 -mfloat-abi=hard -Wl,-build-id=none -specs=Xilinx.spec -Wl,-T -Wl,../src/lscript.ld -L../../standalone_bsp_0/ps7_cortexa9_0/lib -o "FASEC_Periph-test.elf"  ./src/testperiph.o ./src/xdevcfg_selftest_example.o ./src/xdmaps_example_w_intr.o ./src/xemacps_example_intr_dma.o ./src/xemacps_example_util.o ./src/xiicps_selftest_example.o ./src/xqspips_selftest_example.o ./src/xscugic_tapp_example.o ./src/xscutimer_intr_example.o ./src/xscutimer_polled_example.o ./src/xscuwdt_intr_example.o ./src/xttcps_tapp_example.o   -Wl,--start-group,-lxil,-lgcc,-lc,--end-group
Finished building target: FASEC_Periph-test.elf
 
Invoking: ARM v7 Print Size
arm-none-eabi-size FASEC_Periph-test.elf  |tee "FASEC_Periph-test.elf.size"
   text	   data	    bss	    dec	    hex	filename
 130028	   4368	  55376	 189772	  2e54c	FASEC_Periph-test.elf
Finished building: FASEC_Periph-test.elf.size
 
14:57:34 **** Incremental Build of configuration Debug for project FASEC_Periph-test ****
make pre-build main-build 
a9-linaro-pre-build-step
 
make: Nothing to be done for 'main-build'.
14:59:16 **** Incremental Build of configuration Debug for project FASEC_Periph-test ****
make pre-build main-build 
a9-linaro-pre-build-step
 
make: Nothing to be done for 'main-build'.
15:00:22 **** Auto Build of configuration Debug for project FASEC_Periph-test ****
make pre-build main-build 
a9-linaro-pre-build-step
 
Building file: ../src/xemacps_example_util.c
Invoking: ARM v7 gcc compiler
arm-none-eabi-gcc -Wall -O0 -g3 -c -fmessage-length=0 -MT"src/xemacps_example_util.o" -mcpu=cortex-a9 -mfpu=vfpv3 -mfloat-abi=hard -I../../standalone_bsp_0/ps7_cortexa9_0/include -MMD -MP -MF"src/xemacps_example_util.d" -MT"src/xemacps_example_util.o" -o "src/xemacps_example_util.o" "../src/xemacps_example_util.c"
../src/xemacps_example_util.c: In function ‘EmacPsUtilMicrelPhyLoopback’:
../src/xemacps_example_util.c:708:2: warning: format ‘%u’ expects argument of type ‘unsigned int’, but argument 2 has type ‘u32’ [-Wformat=]
  printf("phy port %u reg %u before speed config: %#010x \n\r", PhyAddr, RegAddr, test);
  ^
../src/xemacps_example_util.c:708:2: warning: format ‘%u’ expects argument of type ‘unsigned int’, but argument 3 has type ‘u32’ [-Wformat=]
../src/xemacps_example_util.c:708:2: warning: format ‘%u’ expects argument of type ‘unsigned int’, but argument 2 has type ‘u32’ [-Wformat=]
../src/xemacps_example_util.c:708:2: warning: format ‘%u’ expects argument of type ‘unsigned int’, but argument 3 has type ‘u32’ [-Wformat=]
../src/xemacps_example_util.c:726:2: warning: format ‘%u’ expects argument of type ‘unsigned int’, but argument 2 has type ‘u32’ [-Wformat=]
  printf("phy port %u reg %u after reset: %#010x \n\r", PhyAddr, RegAddr, PhyReg0);
  ^
../src/xemacps_example_util.c:726:2: warning: format ‘%u’ expects argument of type ‘unsigned int’, but argument 3 has type ‘u32’ [-Wformat=]
../src/xemacps_example_util.c:726:2: warning: format ‘%u’ expects argument of type ‘unsigned int’, but argument 2 has type ‘u32’ [-Wformat=]
../src/xemacps_example_util.c:726:2: warning: format ‘%u’ expects argument of type ‘unsigned int’, but argument 3 has type ‘u32’ [-Wformat=]
../src/xemacps_example_util.c:740:3: warning: format ‘%u’ expects argument of type ‘unsigned int’, but argument 2 has type ‘u32’ [-Wformat=]
   printf("PHY %u reset\n\r", i);
   ^
../src/xemacps_example_util.c:740:3: warning: format ‘%u’ expects argument of type ‘unsigned int’, but argument 2 has type ‘u32’ [-Wformat=]
../src/xemacps_example_util.c:761:2: warning: format ‘%u’ expects argument of type ‘unsigned int’, but argument 2 has type ‘u32’ [-Wformat=]
  printf("written phy port %u reg %u : %#010x \n\r", PhyAddr, RegAddr, PhyReg0);
  ^
../src/xemacps_example_util.c:761:2: warning: format ‘%u’ expects argument of type ‘unsigned int’, but argument 3 has type ‘u32’ [-Wformat=]
../src/xemacps_example_util.c:761:2: warning: format ‘%u’ expects argument of type ‘unsigned int’, but argument 2 has type ‘u32’ [-Wformat=]
../src/xemacps_example_util.c:761:2: warning: format ‘%u’ expects argument of type ‘unsigned int’, but argument 3 has type ‘u32’ [-Wformat=]
../src/xemacps_example_util.c:767:2: warning: format ‘%u’ expects argument of type ‘unsigned int’, but argument 2 has type ‘u32’ [-Wformat=]
  printf("phy port %u reg %u : %#010x \n\r", PhyAddr, RegAddr, PhyReg0);
  ^
../src/xemacps_example_util.c:767:2: warning: format ‘%u’ expects argument of type ‘unsigned int’, but argument 3 has type ‘u32’ [-Wformat=]
../src/xemacps_example_util.c:767:2: warning: format ‘%u’ expects argument of type ‘unsigned int’, but argument 2 has type ‘u32’ [-Wformat=]
../src/xemacps_example_util.c:767:2: warning: format ‘%u’ expects argument of type ‘unsigned int’, but argument 3 has type ‘u32’ [-Wformat=]
../src/xemacps_example_util.c:676:6: warning: unused variable ‘PhyReg1’ [-Wunused-variable]
  u16 PhyReg1  = 0;
      ^
../src/xemacps_example_util.c: In function ‘EmacPsUtilEnterLoopback’:
../src/xemacps_example_util.c:808:4: warning: format ‘%u’ expects argument of type ‘unsigned int’, but argument 2 has type ‘u32’ [-Wformat=]
    printf("phy port %u reg %u : %#010x \n\r",j, i, PhyIdentity);
    ^
../src/xemacps_example_util.c:808:4: warning: format ‘%u’ expects argument of type ‘unsigned int’, but argument 3 has type ‘u32’ [-Wformat=]
../src/xemacps_example_util.c:808:4: warning: format ‘%u’ expects argument of type ‘unsigned int’, but argument 2 has type ‘u32’ [-Wformat=]
../src/xemacps_example_util.c:808:4: warning: format ‘%u’ expects argument of type ‘unsigned int’, but argument 3 has type ‘u32’ [-Wformat=]
Finished building: ../src/xemacps_example_util.c
 
Building target: FASEC_Periph-test.elf
Invoking: ARM v7 gcc linker
arm-none-eabi-gcc -mcpu=cortex-a9 -mfpu=vfpv3 -mfloat-abi=hard -Wl,-build-id=none -specs=Xilinx.spec -Wl,-T -Wl,../src/lscript.ld -L../../standalone_bsp_0/ps7_cortexa9_0/lib -o "FASEC_Periph-test.elf"  ./src/testperiph.o ./src/xdevcfg_selftest_example.o ./src/xdmaps_example_w_intr.o ./src/xemacps_example_intr_dma.o ./src/xemacps_example_util.o ./src/xiicps_selftest_example.o ./src/xqspips_selftest_example.o ./src/xscugic_tapp_example.o ./src/xscutimer_intr_example.o ./src/xscutimer_polled_example.o ./src/xscuwdt_intr_example.o ./src/xttcps_tapp_example.o   -Wl,--start-group,-lxil,-lgcc,-lc,--end-group
Finished building target: FASEC_Periph-test.elf
 
Invoking: ARM v7 Print Size
arm-none-eabi-size FASEC_Periph-test.elf  |tee "FASEC_Periph-test.elf.size"
   text	   data	    bss	    dec	    hex	filename
 130028	   4368	  55376	 189772	  2e54c	FASEC_Periph-test.elf
Finished building: FASEC_Periph-test.elf.size
 
15:02:24 **** Auto Build of configuration Debug for project FASEC_Periph-test ****
make pre-build main-build 
a9-linaro-pre-build-step
 
Building file: ../src/xemacps_example_util.c
Invoking: ARM v7 gcc compiler
arm-none-eabi-gcc -Wall -O0 -g3 -c -fmessage-length=0 -MT"src/xemacps_example_util.o" -mcpu=cortex-a9 -mfpu=vfpv3 -mfloat-abi=hard -I../../standalone_bsp_0/ps7_cortexa9_0/include -MMD -MP -MF"src/xemacps_example_util.d" -MT"src/xemacps_example_util.o" -o "src/xemacps_example_util.o" "../src/xemacps_example_util.c"
../src/xemacps_example_util.c: In function ‘EmacPsUtilMicrelPhyLoopback’:
../src/xemacps_example_util.c:708:2: warning: format ‘%u’ expects argument of type ‘unsigned int’, but argument 2 has type ‘u32’ [-Wformat=]
  printf("phy port %u reg %u before speed config: %#010x \n\r", PhyAddr, RegAddr, test);
  ^
../src/xemacps_example_util.c:708:2: warning: format ‘%u’ expects argument of type ‘unsigned int’, but argument 3 has type ‘u32’ [-Wformat=]
../src/xemacps_example_util.c:708:2: warning: format ‘%u’ expects argument of type ‘unsigned int’, but argument 2 has type ‘u32’ [-Wformat=]
../src/xemacps_example_util.c:708:2: warning: format ‘%u’ expects argument of type ‘unsigned int’, but argument 3 has type ‘u32’ [-Wformat=]
../src/xemacps_example_util.c:726:2: warning: format ‘%u’ expects argument of type ‘unsigned int’, but argument 2 has type ‘u32’ [-Wformat=]
  printf("phy port %u reg %u after reset: %#010x \n\r", PhyAddr, RegAddr, PhyReg0);
  ^
../src/xemacps_example_util.c:726:2: warning: format ‘%u’ expects argument of type ‘unsigned int’, but argument 3 has type ‘u32’ [-Wformat=]
../src/xemacps_example_util.c:726:2: warning: format ‘%u’ expects argument of type ‘unsigned int’, but argument 2 has type ‘u32’ [-Wformat=]
../src/xemacps_example_util.c:726:2: warning: format ‘%u’ expects argument of type ‘unsigned int’, but argument 3 has type ‘u32’ [-Wformat=]
../src/xemacps_example_util.c:740:3: warning: format ‘%u’ expects argument of type ‘unsigned int’, but argument 2 has type ‘u32’ [-Wformat=]
   printf("PHY %u reset\n\r", i);
   ^
../src/xemacps_example_util.c:740:3: warning: format ‘%u’ expects argument of type ‘unsigned int’, but argument 2 has type ‘u32’ [-Wformat=]
../src/xemacps_example_util.c:761:2: warning: format ‘%u’ expects argument of type ‘unsigned int’, but argument 2 has type ‘u32’ [-Wformat=]
  printf("written phy port %u reg %u : %#010x \n\r", PhyAddr, RegAddr, PhyReg0);
  ^
../src/xemacps_example_util.c:761:2: warning: format ‘%u’ expects argument of type ‘unsigned int’, but argument 3 has type ‘u32’ [-Wformat=]
../src/xemacps_example_util.c:761:2: warning: format ‘%u’ expects argument of type ‘unsigned int’, but argument 2 has type ‘u32’ [-Wformat=]
../src/xemacps_example_util.c:761:2: warning: format ‘%u’ expects argument of type ‘unsigned int’, but argument 3 has type ‘u32’ [-Wformat=]
../src/xemacps_example_util.c:767:2: warning: format ‘%u’ expects argument of type ‘unsigned int’, but argument 2 has type ‘u32’ [-Wformat=]
  printf("phy port %u reg %u : %#010x \n\r", PhyAddr, RegAddr, PhyReg0);
  ^
../src/xemacps_example_util.c:767:2: warning: format ‘%u’ expects argument of type ‘unsigned int’, but argument 3 has type ‘u32’ [-Wformat=]
../src/xemacps_example_util.c:767:2: warning: format ‘%u’ expects argument of type ‘unsigned int’, but argument 2 has type ‘u32’ [-Wformat=]
../src/xemacps_example_util.c:767:2: warning: format ‘%u’ expects argument of type ‘unsigned int’, but argument 3 has type ‘u32’ [-Wformat=]
../src/xemacps_example_util.c:676:6: warning: unused variable ‘PhyReg1’ [-Wunused-variable]
  u16 PhyReg1  = 0;
      ^
../src/xemacps_example_util.c: In function ‘EmacPsUtilEnterLoopback’:
../src/xemacps_example_util.c:813:4: warning: format ‘%u’ expects argument of type ‘unsigned int’, but argument 2 has type ‘u32’ [-Wformat=]
    printf("phy port %u reg %u : %#010x \n\r",j, i, PhyIdentity);
    ^
../src/xemacps_example_util.c:813:4: warning: format ‘%u’ expects argument of type ‘unsigned int’, but argument 3 has type ‘u32’ [-Wformat=]
../src/xemacps_example_util.c:813:4: warning: format ‘%u’ expects argument of type ‘unsigned int’, but argument 2 has type ‘u32’ [-Wformat=]
../src/xemacps_example_util.c:813:4: warning: format ‘%u’ expects argument of type ‘unsigned int’, but argument 3 has type ‘u32’ [-Wformat=]
Finished building: ../src/xemacps_example_util.c
 
Building target: FASEC_Periph-test.elf
Invoking: ARM v7 gcc linker
arm-none-eabi-gcc -mcpu=cortex-a9 -mfpu=vfpv3 -mfloat-abi=hard -Wl,-build-id=none -specs=Xilinx.spec -Wl,-T -Wl,../src/lscript.ld -L../../standalone_bsp_0/ps7_cortexa9_0/lib -o "FASEC_Periph-test.elf"  ./src/testperiph.o ./src/xdevcfg_selftest_example.o ./src/xdmaps_example_w_intr.o ./src/xemacps_example_intr_dma.o ./src/xemacps_example_util.o ./src/xiicps_selftest_example.o ./src/xqspips_selftest_example.o ./src/xscugic_tapp_example.o ./src/xscutimer_intr_example.o ./src/xscutimer_polled_example.o ./src/xscuwdt_intr_example.o ./src/xttcps_tapp_example.o   -Wl,--start-group,-lxil,-lgcc,-lc,--end-group
Finished building target: FASEC_Periph-test.elf
 
Invoking: ARM v7 Print Size
arm-none-eabi-size FASEC_Periph-test.elf  |tee "FASEC_Periph-test.elf.size"
   text	   data	    bss	    dec	    hex	filename
 130028	   4368	  55376	 189772	  2e54c	FASEC_Periph-test.elf
Finished building: FASEC_Periph-test.elf.size
 
15:02:27 **** Incremental Build of configuration Debug for project FASEC_Periph-test ****
make pre-build main-build 
a9-linaro-pre-build-step
 
make: Nothing to be done for 'main-build'.
15:04:27 **** Auto Build of configuration Debug for project FASEC_Periph-test ****
make pre-build main-build 
a9-linaro-pre-build-step
 
Building file: ../src/xemacps_example_util.c
Invoking: ARM v7 gcc compiler
arm-none-eabi-gcc -Wall -O0 -g3 -c -fmessage-length=0 -MT"src/xemacps_example_util.o" -mcpu=cortex-a9 -mfpu=vfpv3 -mfloat-abi=hard -I../../standalone_bsp_0/ps7_cortexa9_0/include -MMD -MP -MF"src/xemacps_example_util.d" -MT"src/xemacps_example_util.o" -o "src/xemacps_example_util.o" "../src/xemacps_example_util.c"
../src/xemacps_example_util.c: In function ‘EmacPsUtilMicrelPhyLoopback’:
../src/xemacps_example_util.c:708:2: warning: format ‘%u’ expects argument of type ‘unsigned int’, but argument 2 has type ‘u32’ [-Wformat=]
  printf("phy port %u reg %u before speed config: %#010x \n\r", PhyAddr, RegAddr, test);
  ^
../src/xemacps_example_util.c:708:2: warning: format ‘%u’ expects argument of type ‘unsigned int’, but argument 3 has type ‘u32’ [-Wformat=]
../src/xemacps_example_util.c:708:2: warning: format ‘%u’ expects argument of type ‘unsigned int’, but argument 2 has type ‘u32’ [-Wformat=]
../src/xemacps_example_util.c:708:2: warning: format ‘%u’ expects argument of type ‘unsigned int’, but argument 3 has type ‘u32’ [-Wformat=]
../src/xemacps_example_util.c:726:2: warning: format ‘%u’ expects argument of type ‘unsigned int’, but argument 2 has type ‘u32’ [-Wformat=]
  printf("phy port %u reg %u after reset: %#010x \n\r", PhyAddr, RegAddr, PhyReg0);
  ^
../src/xemacps_example_util.c:726:2: warning: format ‘%u’ expects argument of type ‘unsigned int’, but argument 3 has type ‘u32’ [-Wformat=]
../src/xemacps_example_util.c:726:2: warning: format ‘%u’ expects argument of type ‘unsigned int’, but argument 2 has type ‘u32’ [-Wformat=]
../src/xemacps_example_util.c:726:2: warning: format ‘%u’ expects argument of type ‘unsigned int’, but argument 3 has type ‘u32’ [-Wformat=]
../src/xemacps_example_util.c:740:3: warning: format ‘%u’ expects argument of type ‘unsigned int’, but argument 2 has type ‘u32’ [-Wformat=]
   printf("PHY %u reset\n\r", i);
   ^
../src/xemacps_example_util.c:740:3: warning: format ‘%u’ expects argument of type ‘unsigned int’, but argument 2 has type ‘u32’ [-Wformat=]
../src/xemacps_example_util.c:761:2: warning: format ‘%u’ expects argument of type ‘unsigned int’, but argument 2 has type ‘u32’ [-Wformat=]
  printf("written phy port %u reg %u : %#010x \n\r", PhyAddr, RegAddr, PhyReg0);
  ^
../src/xemacps_example_util.c:761:2: warning: format ‘%u’ expects argument of type ‘unsigned int’, but argument 3 has type ‘u32’ [-Wformat=]
../src/xemacps_example_util.c:761:2: warning: format ‘%u’ expects argument of type ‘unsigned int’, but argument 2 has type ‘u32’ [-Wformat=]
../src/xemacps_example_util.c:761:2: warning: format ‘%u’ expects argument of type ‘unsigned int’, but argument 3 has type ‘u32’ [-Wformat=]
../src/xemacps_example_util.c:767:2: warning: format ‘%u’ expects argument of type ‘unsigned int’, but argument 2 has type ‘u32’ [-Wformat=]
  printf("phy port %u reg %u : %#010x \n\r", PhyAddr, RegAddr, PhyReg0);
  ^
../src/xemacps_example_util.c:767:2: warning: format ‘%u’ expects argument of type ‘unsigned int’, but argument 3 has type ‘u32’ [-Wformat=]
../src/xemacps_example_util.c:767:2: warning: format ‘%u’ expects argument of type ‘unsigned int’, but argument 2 has type ‘u32’ [-Wformat=]
../src/xemacps_example_util.c:767:2: warning: format ‘%u’ expects argument of type ‘unsigned int’, but argument 3 has type ‘u32’ [-Wformat=]
../src/xemacps_example_util.c:676:6: warning: unused variable ‘PhyReg1’ [-Wunused-variable]
  u16 PhyReg1  = 0;
      ^
../src/xemacps_example_util.c: In function ‘EmacPsUtilEnterLoopback’:
../src/xemacps_example_util.c:814:4: warning: format ‘%u’ expects argument of type ‘unsigned int’, but argument 2 has type ‘u32’ [-Wformat=]
    printf("phy port %u reg %u : %#010x \n\r",j, i, PhyIdentity);
    ^
../src/xemacps_example_util.c:814:4: warning: format ‘%u’ expects argument of type ‘unsigned int’, but argument 3 has type ‘u32’ [-Wformat=]
../src/xemacps_example_util.c:814:4: warning: format ‘%u’ expects argument of type ‘unsigned int’, but argument 2 has type ‘u32’ [-Wformat=]
../src/xemacps_example_util.c:814:4: warning: format ‘%u’ expects argument of type ‘unsigned int’, but argument 3 has type ‘u32’ [-Wformat=]
Finished building: ../src/xemacps_example_util.c
 
Building target: FASEC_Periph-test.elf
Invoking: ARM v7 gcc linker
arm-none-eabi-gcc -mcpu=cortex-a9 -mfpu=vfpv3 -mfloat-abi=hard -Wl,-build-id=none -specs=Xilinx.spec -Wl,-T -Wl,../src/lscript.ld -L../../standalone_bsp_0/ps7_cortexa9_0/lib -o "FASEC_Periph-test.elf"  ./src/testperiph.o ./src/xdevcfg_selftest_example.o ./src/xdmaps_example_w_intr.o ./src/xemacps_example_intr_dma.o ./src/xemacps_example_util.o ./src/xiicps_selftest_example.o ./src/xqspips_selftest_example.o ./src/xscugic_tapp_example.o ./src/xscutimer_intr_example.o ./src/xscutimer_polled_example.o ./src/xscuwdt_intr_example.o ./src/xttcps_tapp_example.o   -Wl,--start-group,-lxil,-lgcc,-lc,--end-group
Finished building target: FASEC_Periph-test.elf
 
Invoking: ARM v7 Print Size
arm-none-eabi-size FASEC_Periph-test.elf  |tee "FASEC_Periph-test.elf.size"
   text	   data	    bss	    dec	    hex	filename
 130028	   4368	  55376	 189772	  2e54c	FASEC_Periph-test.elf
Finished building: FASEC_Periph-test.elf.size
 
15:04:30 **** Incremental Build of configuration Debug for project FASEC_Periph-test ****
make pre-build main-build 
a9-linaro-pre-build-step
 
make: Nothing to be done for 'main-build'.
